==============================
Job ID     : 15748
Array ID   : 5
Model      : N-shuffletruffle-CNN
Node       : lair-g7
GPU        : NVIDIA L40S
==============================
Net_N_shuffletruffle_CNN(
  (patch_encoder): Sequential(
    (0): Conv2d(3, 16, kernel_size=(3, 3), stride=(1, 1), padding=(1, 1), bias=False)
    (1): BatchNorm2d(16, eps=1e-05, momentum=0.1, affine=True, track_running_stats=True)
    (2): ReLU(inplace=True)
    (3): ResidualBlock(
      (conv1): Conv2d(16, 16, kernel_size=(3, 3), stride=(1, 1), padding=(1, 1), bias=False)
      (bn1): BatchNorm2d(16, eps=1e-05, momentum=0.1, affine=True, track_running_stats=True)
      (relu): ReLU(inplace=True)
      (dropout): Dropout2d(p=0.1, inplace=False)
      (conv2): Conv2d(16, 16, kernel_size=(3, 3), stride=(1, 1), padding=(1, 1), bias=False)
      (bn2): BatchNorm2d(16, eps=1e-05, momentum=0.1, affine=True, track_running_stats=True)
      (shortcut): Identity()
    )
    (4): ResidualBlock(
      (conv1): Conv2d(16, 32, kernel_size=(3, 3), stride=(2, 2), padding=(1, 1), bias=False)
      (bn1): BatchNorm2d(32, eps=1e-05, momentum=0.1, affine=True, track_running_stats=True)
      (relu): ReLU(inplace=True)
      (dropout): Dropout2d(p=0.1, inplace=False)
      (conv2): Conv2d(32, 32, kernel_size=(3, 3), stride=(1, 1), padding=(1, 1), bias=False)
      (bn2): BatchNorm2d(32, eps=1e-05, momentum=0.1, affine=True, track_running_stats=True)
      (shortcut): Sequential(
        (0): Conv2d(16, 32, kernel_size=(1, 1), stride=(2, 2), bias=False)
        (1): BatchNorm2d(32, eps=1e-05, momentum=0.1, affine=True, track_running_stats=True)
      )
    )
    (5): ResidualBlock(
      (conv1): Conv2d(32, 64, kernel_size=(3, 3), stride=(2, 2), padding=(1, 1), bias=False)
      (bn1): BatchNorm2d(64, eps=1e-05, momentum=0.1, affine=True, track_running_stats=True)
      (relu): ReLU(inplace=True)
      (dropout): Dropout2d(p=0.1, inplace=False)
      (conv2): Conv2d(64, 64, kernel_size=(3, 3), stride=(1, 1), padding=(1, 1), bias=False)
      (bn2): BatchNorm2d(64, eps=1e-05, momentum=0.1, affine=True, track_running_stats=True)
      (shortcut): Sequential(
        (0): Conv2d(32, 64, kernel_size=(1, 1), stride=(2, 2), bias=False)
        (1): BatchNorm2d(64, eps=1e-05, momentum=0.1, affine=True, track_running_stats=True)
      )
    )
    (6): AdaptiveAvgPool2d(output_size=(1, 1))
  )
  (classifier): Sequential(
    (0): Linear(in_features=64, out_features=32, bias=True)
    (1): GELU(approximate='none')
    (2): Dropout(p=0.3, inplace=False)
    (3): Linear(in_features=32, out_features=10, bias=True)
  )
)
epoch - 0 loss: 2.213 accuracy: 16.117 val_loss: 2.099 val_acc: 18.910
epoch - 1 loss: 2.060 accuracy: 21.810
epoch - 2 loss: 1.976 accuracy: 25.047
epoch - 3 loss: 1.905 accuracy: 27.540
epoch - 4 loss: 1.847 accuracy: 28.832
epoch - 5 loss: 1.803 accuracy: 30.543
epoch - 6 loss: 1.773 accuracy: 31.515
epoch - 7 loss: 1.748 accuracy: 32.780
epoch - 8 loss: 1.724 accuracy: 33.745
epoch - 9 loss: 1.704 accuracy: 34.627
epoch - 10 loss: 1.682 accuracy: 36.235 val_loss: 1.601 val_acc: 40.610
epoch - 11 loss: 1.661 accuracy: 36.720
epoch - 12 loss: 1.642 accuracy: 37.837
epoch - 13 loss: 1.625 accuracy: 38.688
epoch - 14 loss: 1.610 accuracy: 39.343
epoch - 15 loss: 1.595 accuracy: 39.885
epoch - 16 loss: 1.583 accuracy: 40.345
epoch - 17 loss: 1.570 accuracy: 41.510
epoch - 18 loss: 1.559 accuracy: 41.703
epoch - 19 loss: 1.552 accuracy: 42.097
epoch - 20 loss: 1.542 accuracy: 42.600 val_loss: 1.458 val_acc: 47.600
epoch - 21 loss: 1.529 accuracy: 43.325
epoch - 22 loss: 1.521 accuracy: 43.335
epoch - 23 loss: 1.511 accuracy: 43.880
epoch - 24 loss: 1.504 accuracy: 44.555
epoch - 25 loss: 1.500 accuracy: 44.422
epoch - 26 loss: 1.493 accuracy: 44.845
epoch - 27 loss: 1.483 accuracy: 45.343
epoch - 28 loss: 1.477 accuracy: 45.345
epoch - 29 loss: 1.473 accuracy: 45.773
epoch - 30 loss: 1.470 accuracy: 45.680 val_loss: 1.364 val_acc: 50.130
epoch - 31 loss: 1.458 accuracy: 46.417
epoch - 32 loss: 1.456 accuracy: 46.535
epoch - 33 loss: 1.446 accuracy: 46.623
epoch - 34 loss: 1.443 accuracy: 47.110
epoch - 35 loss: 1.440 accuracy: 47.167
epoch - 36 loss: 1.435 accuracy: 47.373
epoch - 37 loss: 1.430 accuracy: 47.117
epoch - 38 loss: 1.424 accuracy: 47.915
epoch - 39 loss: 1.419 accuracy: 48.165
epoch - 40 loss: 1.416 accuracy: 48.023 val_loss: 1.334 val_acc: 50.940
epoch - 41 loss: 1.415 accuracy: 48.263
epoch - 42 loss: 1.404 accuracy: 48.925
epoch - 43 loss: 1.401 accuracy: 48.785
epoch - 44 loss: 1.396 accuracy: 49.085
epoch - 45 loss: 1.395 accuracy: 48.803
epoch - 46 loss: 1.392 accuracy: 49.065
epoch - 47 loss: 1.381 accuracy: 49.530
epoch - 48 loss: 1.378 accuracy: 49.742
epoch - 49 loss: 1.380 accuracy: 49.748
epoch - 50 loss: 1.373 accuracy: 50.127 val_loss: 1.299 val_acc: 52.590
epoch - 51 loss: 1.369 accuracy: 50.335
epoch - 52 loss: 1.367 accuracy: 50.500
epoch - 53 loss: 1.362 accuracy: 50.370
epoch - 54 loss: 1.360 accuracy: 50.362
epoch - 55 loss: 1.356 accuracy: 50.710
epoch - 56 loss: 1.359 accuracy: 50.450
epoch - 57 loss: 1.351 accuracy: 51.220
epoch - 58 loss: 1.346 accuracy: 51.047
epoch - 59 loss: 1.348 accuracy: 51.110
epoch - 60 loss: 1.344 accuracy: 51.352 val_loss: 1.267 val_acc: 54.080
epoch - 61 loss: 1.340 accuracy: 51.388
epoch - 62 loss: 1.340 accuracy: 51.325
epoch - 63 loss: 1.339 accuracy: 51.392
epoch - 64 loss: 1.330 accuracy: 51.843
epoch - 65 loss: 1.324 accuracy: 51.895
epoch - 66 loss: 1.324 accuracy: 52.263
epoch - 67 loss: 1.323 accuracy: 52.205
epoch - 68 loss: 1.323 accuracy: 52.417
epoch - 69 loss: 1.320 accuracy: 52.153
epoch - 70 loss: 1.313 accuracy: 52.263 val_loss: 1.230 val_acc: 54.870
epoch - 71 loss: 1.314 accuracy: 52.307
epoch - 72 loss: 1.304 accuracy: 52.815
epoch - 73 loss: 1.310 accuracy: 52.660
epoch - 74 loss: 1.303 accuracy: 52.758
epoch - 75 loss: 1.296 accuracy: 53.057
epoch - 76 loss: 1.300 accuracy: 52.917
epoch - 77 loss: 1.295 accuracy: 53.667
epoch - 78 loss: 1.296 accuracy: 52.932
epoch - 79 loss: 1.288 accuracy: 53.545
epoch - 80 loss: 1.295 accuracy: 53.008 val_loss: 1.211 val_acc: 56.580
epoch - 81 loss: 1.286 accuracy: 53.610
epoch - 82 loss: 1.286 accuracy: 53.530
epoch - 83 loss: 1.279 accuracy: 53.630
epoch - 84 loss: 1.275 accuracy: 53.870
epoch - 85 loss: 1.284 accuracy: 53.620
epoch - 86 loss: 1.275 accuracy: 54.060
epoch - 87 loss: 1.273 accuracy: 53.815
epoch - 88 loss: 1.274 accuracy: 54.125
epoch - 89 loss: 1.269 accuracy: 54.318
epoch - 90 loss: 1.265 accuracy: 54.575 val_loss: 1.194 val_acc: 56.710
epoch - 91 loss: 1.267 accuracy: 54.453
epoch - 92 loss: 1.263 accuracy: 54.370
epoch - 93 loss: 1.254 accuracy: 54.807
epoch - 94 loss: 1.261 accuracy: 54.623
epoch - 95 loss: 1.258 accuracy: 54.445
epoch - 96 loss: 1.253 accuracy: 54.903
epoch - 97 loss: 1.256 accuracy: 54.523
epoch - 98 loss: 1.251 accuracy: 54.877
epoch - 99 loss: 1.252 accuracy: 55.093
Finished training
Test loss: 1.226 accuracy: 55.770
Patch shuffle test loss for patch-size 16: 1.2255587726831436 accuracy: 55.77
Patch shuffle test loss for patch-size 8: 1.2255587816238402 accuracy: 55.77
Done: N-shuffletruffle-CNN
