==============================
Job ID     : 15747
Array ID   : 4
Model      : D-shuffletruffle-CNN
Node       : lair-g7
GPU        : NVIDIA L40S
==============================
Net_D_shuffletruffle_CNN(
  (patch_encoder): Sequential(
    (0): Conv2d(3, 32, kernel_size=(3, 3), stride=(1, 1), padding=(1, 1), bias=False)
    (1): BatchNorm2d(32, eps=1e-05, momentum=0.1, affine=True, track_running_stats=True)
    (2): ReLU(inplace=True)
    (3): ResidualBlock(
      (conv1): Conv2d(32, 32, kernel_size=(3, 3), stride=(1, 1), padding=(1, 1), bias=False)
      (bn1): BatchNorm2d(32, eps=1e-05, momentum=0.1, affine=True, track_running_stats=True)
      (relu): ReLU(inplace=True)
      (dropout): Dropout2d(p=0.1, inplace=False)
      (conv2): Conv2d(32, 32, kernel_size=(3, 3), stride=(1, 1), padding=(1, 1), bias=False)
      (bn2): BatchNorm2d(32, eps=1e-05, momentum=0.1, affine=True, track_running_stats=True)
      (shortcut): Identity()
    )
    (4): ResidualBlock(
      (conv1): Conv2d(32, 64, kernel_size=(3, 3), stride=(2, 2), padding=(1, 1), bias=False)
      (bn1): BatchNorm2d(64, eps=1e-05, momentum=0.1, affine=True, track_running_stats=True)
      (relu): ReLU(inplace=True)
      (dropout): Dropout2d(p=0.1, inplace=False)
      (conv2): Conv2d(64, 64, kernel_size=(3, 3), stride=(1, 1), padding=(1, 1), bias=False)
      (bn2): BatchNorm2d(64, eps=1e-05, momentum=0.1, affine=True, track_running_stats=True)
      (shortcut): Sequential(
        (0): Conv2d(32, 64, kernel_size=(1, 1), stride=(2, 2), bias=False)
        (1): BatchNorm2d(64, eps=1e-05, momentum=0.1, affine=True, track_running_stats=True)
      )
    )
    (5): ResidualBlock(
      (conv1): Conv2d(64, 128, kernel_size=(3, 3), stride=(2, 2), padding=(1, 1), bias=False)
      (bn1): BatchNorm2d(128, eps=1e-05, momentum=0.1, affine=True, track_running_stats=True)
      (relu): ReLU(inplace=True)
      (dropout): Dropout2d(p=0.1, inplace=False)
      (conv2): Conv2d(128, 128, kernel_size=(3, 3), stride=(1, 1), padding=(1, 1), bias=False)
      (bn2): BatchNorm2d(128, eps=1e-05, momentum=0.1, affine=True, track_running_stats=True)
      (shortcut): Sequential(
        (0): Conv2d(64, 128, kernel_size=(1, 1), stride=(2, 2), bias=False)
        (1): BatchNorm2d(128, eps=1e-05, momentum=0.1, affine=True, track_running_stats=True)
      )
    )
    (6): AdaptiveAvgPool2d(output_size=(1, 1))
  )
  (classifier): Sequential(
    (0): Linear(in_features=128, out_features=64, bias=True)
    (1): GELU(approximate='none')
    (2): Dropout(p=0.3, inplace=False)
    (3): Linear(in_features=64, out_features=10, bias=True)
  )
)
epoch - 0 loss: 2.070 accuracy: 23.058 val_loss: 1.936 val_acc: 29.320
epoch - 1 loss: 1.818 accuracy: 31.130
epoch - 2 loss: 1.721 accuracy: 34.880
epoch - 3 loss: 1.658 accuracy: 37.680
epoch - 4 loss: 1.602 accuracy: 39.940
epoch - 5 loss: 1.549 accuracy: 42.345
epoch - 6 loss: 1.508 accuracy: 44.203
epoch - 7 loss: 1.466 accuracy: 46.108
epoch - 8 loss: 1.432 accuracy: 47.172
epoch - 9 loss: 1.406 accuracy: 48.200
epoch - 10 loss: 1.381 accuracy: 49.727 val_loss: 1.308 val_acc: 52.470
epoch - 11 loss: 1.356 accuracy: 50.502
epoch - 12 loss: 1.331 accuracy: 51.572
epoch - 13 loss: 1.316 accuracy: 52.125
epoch - 14 loss: 1.294 accuracy: 53.242
epoch - 15 loss: 1.277 accuracy: 53.962
epoch - 16 loss: 1.266 accuracy: 53.995
epoch - 17 loss: 1.248 accuracy: 54.987
epoch - 18 loss: 1.238 accuracy: 55.365
epoch - 19 loss: 1.223 accuracy: 55.865
epoch - 20 loss: 1.214 accuracy: 56.360 val_loss: 1.139 val_acc: 58.850
epoch - 21 loss: 1.202 accuracy: 56.727
epoch - 22 loss: 1.186 accuracy: 57.200
epoch - 23 loss: 1.183 accuracy: 57.685
epoch - 24 loss: 1.170 accuracy: 58.320
epoch - 25 loss: 1.157 accuracy: 58.568
epoch - 26 loss: 1.151 accuracy: 58.750
epoch - 27 loss: 1.145 accuracy: 58.970
epoch - 28 loss: 1.133 accuracy: 59.498
epoch - 29 loss: 1.124 accuracy: 59.995
epoch - 30 loss: 1.121 accuracy: 60.075 val_loss: 1.060 val_acc: 61.930
epoch - 31 loss: 1.108 accuracy: 60.337
epoch - 32 loss: 1.103 accuracy: 60.750
epoch - 33 loss: 1.101 accuracy: 60.602
epoch - 34 loss: 1.092 accuracy: 61.145
epoch - 35 loss: 1.086 accuracy: 61.260
epoch - 36 loss: 1.074 accuracy: 61.608
epoch - 37 loss: 1.072 accuracy: 61.898
epoch - 38 loss: 1.073 accuracy: 61.722
epoch - 39 loss: 1.060 accuracy: 61.995
epoch - 40 loss: 1.056 accuracy: 62.623 val_loss: 0.988 val_acc: 65.060
epoch - 41 loss: 1.051 accuracy: 62.405
epoch - 42 loss: 1.047 accuracy: 62.775
epoch - 43 loss: 1.046 accuracy: 62.760
epoch - 44 loss: 1.036 accuracy: 62.980
epoch - 45 loss: 1.037 accuracy: 63.255
epoch - 46 loss: 1.030 accuracy: 63.123
epoch - 47 loss: 1.024 accuracy: 63.767
epoch - 48 loss: 1.020 accuracy: 63.727
epoch - 49 loss: 1.016 accuracy: 63.945
epoch - 50 loss: 1.009 accuracy: 64.400 val_loss: 0.947 val_acc: 65.970
epoch - 51 loss: 1.006 accuracy: 64.230
epoch - 52 loss: 1.006 accuracy: 64.668
epoch - 53 loss: 0.994 accuracy: 64.752
epoch - 54 loss: 0.995 accuracy: 64.608
epoch - 55 loss: 0.982 accuracy: 65.220
epoch - 56 loss: 0.983 accuracy: 65.487
epoch - 57 loss: 0.983 accuracy: 65.207
epoch - 58 loss: 0.973 accuracy: 65.623
epoch - 59 loss: 0.977 accuracy: 65.310
epoch - 60 loss: 0.971 accuracy: 65.780 val_loss: 0.910 val_acc: 67.400
epoch - 61 loss: 0.962 accuracy: 66.000
epoch - 62 loss: 0.961 accuracy: 66.005
epoch - 63 loss: 0.955 accuracy: 66.160
epoch - 64 loss: 0.958 accuracy: 65.815
epoch - 65 loss: 0.953 accuracy: 66.308
epoch - 66 loss: 0.950 accuracy: 66.410
epoch - 67 loss: 0.943 accuracy: 66.875
epoch - 68 loss: 0.941 accuracy: 66.655
epoch - 69 loss: 0.943 accuracy: 66.502
epoch - 70 loss: 0.931 accuracy: 67.097 val_loss: 0.900 val_acc: 68.960
epoch - 71 loss: 0.935 accuracy: 66.853
epoch - 72 loss: 0.927 accuracy: 66.963
epoch - 73 loss: 0.922 accuracy: 67.422
epoch - 74 loss: 0.924 accuracy: 67.355
epoch - 75 loss: 0.923 accuracy: 67.653
epoch - 76 loss: 0.919 accuracy: 67.608
epoch - 77 loss: 0.912 accuracy: 67.615
epoch - 78 loss: 0.914 accuracy: 67.823
epoch - 79 loss: 0.910 accuracy: 67.760
epoch - 80 loss: 0.911 accuracy: 67.845 val_loss: 0.858 val_acc: 70.120
epoch - 81 loss: 0.905 accuracy: 67.995
epoch - 82 loss: 0.898 accuracy: 68.282
epoch - 83 loss: 0.902 accuracy: 68.045
epoch - 84 loss: 0.900 accuracy: 68.377
epoch - 85 loss: 0.892 accuracy: 68.588
epoch - 86 loss: 0.893 accuracy: 68.615
epoch - 87 loss: 0.890 accuracy: 68.680
epoch - 88 loss: 0.884 accuracy: 68.757
epoch - 89 loss: 0.885 accuracy: 68.718
epoch - 90 loss: 0.883 accuracy: 68.785 val_loss: 0.823 val_acc: 70.880
epoch - 91 loss: 0.878 accuracy: 69.035
epoch - 92 loss: 0.878 accuracy: 69.267
epoch - 93 loss: 0.877 accuracy: 68.880
epoch - 94 loss: 0.870 accuracy: 69.445
epoch - 95 loss: 0.871 accuracy: 69.468
epoch - 96 loss: 0.868 accuracy: 69.468
epoch - 97 loss: 0.862 accuracy: 69.430
epoch - 98 loss: 0.861 accuracy: 69.567
epoch - 99 loss: 0.865 accuracy: 69.797
Finished training
Test loss: 0.820 accuracy: 70.850
Patch shuffle test loss for patch-size 16: 0.8197757318615914 accuracy: 70.85
Patch shuffle test loss for patch-size 8: 1.4643417119979858 accuracy: 51.69
Done: D-shuffletruffle-CNN
