==============================
Job ID     : 15742
Array ID   : 8
Model      : N-shuffletruffle-Attention
Node       : lair-g7
GPU        : NVIDIA L40S
==============================
Net_N_shuffletruffle_Attention(
  (patch_embed): Linear(in_features=192, out_features=128, bias=True)
  (embed_norm): LayerNorm((128,), eps=1e-05, elementwise_affine=True)
  (blocks): ModuleList(
    (0-3): 4 x TransformerBlock(
      (norm1): LayerNorm((128,), eps=1e-05, elementwise_affine=True)
      (attn): MultiheadAttention(
        (out_proj): NonDynamicallyQuantizableLinear(in_features=128, out_features=128, bias=True)
      )
      (norm2): LayerNorm((128,), eps=1e-05, elementwise_affine=True)
      (mlp): Sequential(
        (0): Linear(in_features=128, out_features=512, bias=True)
        (1): GELU(approximate='none')
        (2): Dropout(p=0.1, inplace=False)
        (3): Linear(in_features=512, out_features=128, bias=True)
        (4): Dropout(p=0.1, inplace=False)
      )
    )
  )
  (norm): LayerNorm((128,), eps=1e-05, elementwise_affine=True)
  (classifier): Sequential(
    (0): Linear(in_features=128, out_features=256, bias=True)
    (1): GELU(approximate='none')
    (2): Dropout(p=0.1, inplace=False)
    (3): Linear(in_features=256, out_features=10, bias=True)
  )
)
epoch - 0 loss: 2.030 accuracy: 23.922 val_loss: 1.905 val_acc: 29.350
epoch - 1 loss: 1.846 accuracy: 31.188
epoch - 2 loss: 1.757 accuracy: 33.947
epoch - 3 loss: 1.704 accuracy: 36.060
epoch - 4 loss: 1.664 accuracy: 37.825
epoch - 5 loss: 1.632 accuracy: 39.375
epoch - 6 loss: 1.604 accuracy: 40.663
epoch - 7 loss: 1.574 accuracy: 41.845
epoch - 8 loss: 1.546 accuracy: 43.170
epoch - 9 loss: 1.522 accuracy: 43.862
epoch - 10 loss: 1.500 accuracy: 44.970 val_loss: 1.468 val_acc: 45.600
epoch - 11 loss: 1.481 accuracy: 45.735
epoch - 12 loss: 1.464 accuracy: 46.340
epoch - 13 loss: 1.449 accuracy: 47.068
epoch - 14 loss: 1.432 accuracy: 48.000
epoch - 15 loss: 1.416 accuracy: 48.072
epoch - 16 loss: 1.403 accuracy: 48.642
epoch - 17 loss: 1.390 accuracy: 49.362
epoch - 18 loss: 1.380 accuracy: 49.597
epoch - 19 loss: 1.367 accuracy: 50.205
epoch - 20 loss: 1.357 accuracy: 50.367 val_loss: 1.357 val_acc: 50.080
epoch - 21 loss: 1.347 accuracy: 51.237
epoch - 22 loss: 1.339 accuracy: 51.343
epoch - 23 loss: 1.327 accuracy: 52.097
epoch - 24 loss: 1.318 accuracy: 52.115
epoch - 25 loss: 1.314 accuracy: 52.605
epoch - 26 loss: 1.301 accuracy: 52.782
epoch - 27 loss: 1.298 accuracy: 52.955
epoch - 28 loss: 1.288 accuracy: 53.157
epoch - 29 loss: 1.281 accuracy: 53.703
epoch - 30 loss: 1.279 accuracy: 53.645 val_loss: 1.291 val_acc: 52.780
epoch - 31 loss: 1.265 accuracy: 54.163
epoch - 32 loss: 1.261 accuracy: 54.205
epoch - 33 loss: 1.250 accuracy: 54.782
epoch - 34 loss: 1.242 accuracy: 55.200
epoch - 35 loss: 1.235 accuracy: 55.248
epoch - 36 loss: 1.232 accuracy: 55.422
epoch - 37 loss: 1.227 accuracy: 55.792
epoch - 38 loss: 1.224 accuracy: 55.693
epoch - 39 loss: 1.211 accuracy: 56.100
epoch - 40 loss: 1.207 accuracy: 56.325 val_loss: 1.231 val_acc: 55.270
epoch - 41 loss: 1.195 accuracy: 56.833
epoch - 42 loss: 1.195 accuracy: 56.805
epoch - 43 loss: 1.192 accuracy: 56.735
epoch - 44 loss: 1.185 accuracy: 57.237
epoch - 45 loss: 1.182 accuracy: 57.150
epoch - 46 loss: 1.176 accuracy: 57.752
epoch - 47 loss: 1.174 accuracy: 57.593
epoch - 48 loss: 1.167 accuracy: 57.778
epoch - 49 loss: 1.158 accuracy: 58.265
epoch - 50 loss: 1.155 accuracy: 58.347 val_loss: 1.177 val_acc: 58.210
epoch - 51 loss: 1.155 accuracy: 58.550
epoch - 52 loss: 1.140 accuracy: 58.712
epoch - 53 loss: 1.145 accuracy: 58.767
epoch - 54 loss: 1.137 accuracy: 59.133
epoch - 55 loss: 1.137 accuracy: 59.138
epoch - 56 loss: 1.129 accuracy: 59.530
epoch - 57 loss: 1.121 accuracy: 59.750
epoch - 58 loss: 1.116 accuracy: 59.855
epoch - 59 loss: 1.117 accuracy: 59.680
epoch - 60 loss: 1.116 accuracy: 60.023 val_loss: 1.142 val_acc: 59.570
epoch - 61 loss: 1.104 accuracy: 60.500
epoch - 62 loss: 1.101 accuracy: 60.282
epoch - 63 loss: 1.101 accuracy: 60.425
epoch - 64 loss: 1.090 accuracy: 60.900
epoch - 65 loss: 1.093 accuracy: 60.718
epoch - 66 loss: 1.088 accuracy: 61.030
epoch - 67 loss: 1.084 accuracy: 61.153
epoch - 68 loss: 1.081 accuracy: 61.057
epoch - 69 loss: 1.078 accuracy: 61.240
epoch - 70 loss: 1.077 accuracy: 61.450 val_loss: 1.116 val_acc: 59.960
epoch - 71 loss: 1.064 accuracy: 61.572
epoch - 72 loss: 1.070 accuracy: 61.600
epoch - 73 loss: 1.066 accuracy: 61.867
epoch - 74 loss: 1.055 accuracy: 62.140
epoch - 75 loss: 1.059 accuracy: 62.090
epoch - 76 loss: 1.057 accuracy: 61.712
epoch - 77 loss: 1.048 accuracy: 62.325
epoch - 78 loss: 1.045 accuracy: 62.325
epoch - 79 loss: 1.044 accuracy: 62.413
epoch - 80 loss: 1.041 accuracy: 62.520 val_loss: 1.075 val_acc: 61.410
epoch - 81 loss: 1.041 accuracy: 62.760
epoch - 82 loss: 1.034 accuracy: 62.742
epoch - 83 loss: 1.032 accuracy: 62.915
epoch - 84 loss: 1.037 accuracy: 62.740
epoch - 85 loss: 1.024 accuracy: 63.145
epoch - 86 loss: 1.024 accuracy: 63.095
epoch - 87 loss: 1.018 accuracy: 63.310
epoch - 88 loss: 1.015 accuracy: 63.230
epoch - 89 loss: 1.010 accuracy: 63.797
epoch - 90 loss: 1.010 accuracy: 63.840 val_loss: 1.057 val_acc: 62.160
epoch - 91 loss: 1.014 accuracy: 63.695
epoch - 92 loss: 1.003 accuracy: 63.972
epoch - 93 loss: 0.999 accuracy: 63.888
epoch - 94 loss: 1.003 accuracy: 63.985
epoch - 95 loss: 0.998 accuracy: 64.192
epoch - 96 loss: 0.997 accuracy: 64.415
epoch - 97 loss: 0.995 accuracy: 64.157
epoch - 98 loss: 0.991 accuracy: 64.368
epoch - 99 loss: 0.985 accuracy: 64.330
Finished training
Test loss: 1.103 accuracy: 61.250
Patch shuffle test loss for patch-size 16: 1.1030098348855972 accuracy: 61.25
Patch shuffle test loss for patch-size 8: 1.1030098155140877 accuracy: 61.25
Done: N-shuffletruffle-Attention
