==============================
Job ID     : 15743
Array ID   : 0
Model      : Plain-Old-CIFAR10-FC
Node       : lair-g2
GPU        : NVIDIA L40S
==============================
Net_FC(
  (flatten): Flatten(start_dim=1, end_dim=-1)
  (fc): Sequential(
    (0): Linear(in_features=3072, out_features=512, bias=True)
    (1): BatchNorm1d(512, eps=1e-05, momentum=0.1, affine=True, track_running_stats=True)
    (2): ReLU()
    (3): Linear(in_features=512, out_features=256, bias=True)
    (4): BatchNorm1d(256, eps=1e-05, momentum=0.1, affine=True, track_running_stats=True)
    (5): ReLU()
    (6): Linear(in_features=256, out_features=128, bias=True)
    (7): BatchNorm1d(128, eps=1e-05, momentum=0.1, affine=True, track_running_stats=True)
    (8): ReLU()
    (9): Linear(in_features=128, out_features=10, bias=True)
  )
)
epoch - 0 loss: 1.931 accuracy: 31.710 val_loss: 1.816 val_acc: 36.550
epoch - 1 loss: 1.736 accuracy: 38.532
epoch - 2 loss: 1.659 accuracy: 41.062
epoch - 3 loss: 1.607 accuracy: 42.825
epoch - 4 loss: 1.565 accuracy: 44.150
epoch - 5 loss: 1.535 accuracy: 44.875
epoch - 6 loss: 1.504 accuracy: 46.127
epoch - 7 loss: 1.490 accuracy: 46.480
epoch - 8 loss: 1.467 accuracy: 47.617
epoch - 9 loss: 1.454 accuracy: 47.892
epoch - 10 loss: 1.436 accuracy: 48.505 val_loss: 1.490 val_acc: 47.250
epoch - 11 loss: 1.427 accuracy: 48.903
epoch - 12 loss: 1.414 accuracy: 49.380
epoch - 13 loss: 1.405 accuracy: 49.562
epoch - 14 loss: 1.393 accuracy: 49.930
epoch - 15 loss: 1.385 accuracy: 50.215
epoch - 16 loss: 1.374 accuracy: 50.547
epoch - 17 loss: 1.364 accuracy: 51.265
epoch - 18 loss: 1.359 accuracy: 50.950
epoch - 19 loss: 1.354 accuracy: 51.675
epoch - 20 loss: 1.341 accuracy: 51.955 val_loss: 1.398 val_acc: 49.760
epoch - 21 loss: 1.336 accuracy: 51.877
epoch - 22 loss: 1.332 accuracy: 52.230
epoch - 23 loss: 1.328 accuracy: 52.017
epoch - 24 loss: 1.322 accuracy: 52.680
epoch - 25 loss: 1.315 accuracy: 52.820
epoch - 26 loss: 1.305 accuracy: 53.430
epoch - 27 loss: 1.299 accuracy: 53.218
epoch - 28 loss: 1.300 accuracy: 53.420
epoch - 29 loss: 1.292 accuracy: 53.580
epoch - 30 loss: 1.284 accuracy: 53.810 val_loss: 1.364 val_acc: 51.220
epoch - 31 loss: 1.280 accuracy: 54.045
epoch - 32 loss: 1.274 accuracy: 54.190
epoch - 33 loss: 1.272 accuracy: 54.485
epoch - 34 loss: 1.268 accuracy: 54.623
epoch - 35 loss: 1.267 accuracy: 54.413
epoch - 36 loss: 1.257 accuracy: 55.180
epoch - 37 loss: 1.259 accuracy: 55.210
epoch - 38 loss: 1.250 accuracy: 55.248
epoch - 39 loss: 1.246 accuracy: 55.365
epoch - 40 loss: 1.237 accuracy: 55.697 val_loss: 1.320 val_acc: 52.900
epoch - 41 loss: 1.238 accuracy: 55.410
epoch - 42 loss: 1.241 accuracy: 55.535
epoch - 43 loss: 1.237 accuracy: 55.703
epoch - 44 loss: 1.228 accuracy: 56.057
epoch - 45 loss: 1.222 accuracy: 56.297
epoch - 46 loss: 1.226 accuracy: 56.068
epoch - 47 loss: 1.223 accuracy: 56.325
epoch - 48 loss: 1.223 accuracy: 56.267
epoch - 49 loss: 1.215 accuracy: 56.688
epoch - 50 loss: 1.209 accuracy: 56.850 val_loss: 1.286 val_acc: 54.660
epoch - 51 loss: 1.209 accuracy: 56.907
epoch - 52 loss: 1.210 accuracy: 56.833
epoch - 53 loss: 1.204 accuracy: 56.758
epoch - 54 loss: 1.201 accuracy: 57.312
epoch - 55 loss: 1.193 accuracy: 57.447
epoch - 56 loss: 1.188 accuracy: 57.562
epoch - 57 loss: 1.186 accuracy: 57.388
epoch - 58 loss: 1.184 accuracy: 57.650
epoch - 59 loss: 1.186 accuracy: 57.587
epoch - 60 loss: 1.180 accuracy: 57.825 val_loss: 1.259 val_acc: 55.090
epoch - 61 loss: 1.180 accuracy: 57.750
epoch - 62 loss: 1.178 accuracy: 57.828
epoch - 63 loss: 1.173 accuracy: 58.055
epoch - 64 loss: 1.165 accuracy: 58.343
epoch - 65 loss: 1.165 accuracy: 58.320
epoch - 66 loss: 1.166 accuracy: 58.295
epoch - 67 loss: 1.165 accuracy: 58.560
epoch - 68 loss: 1.159 accuracy: 58.555
epoch - 69 loss: 1.162 accuracy: 58.595
epoch - 70 loss: 1.154 accuracy: 58.930 val_loss: 1.261 val_acc: 55.580
epoch - 71 loss: 1.149 accuracy: 58.935
epoch - 72 loss: 1.151 accuracy: 58.635
epoch - 73 loss: 1.147 accuracy: 59.135
epoch - 74 loss: 1.143 accuracy: 59.085
epoch - 75 loss: 1.142 accuracy: 59.355
epoch - 76 loss: 1.140 accuracy: 59.087
epoch - 77 loss: 1.139 accuracy: 59.315
epoch - 78 loss: 1.138 accuracy: 59.345
epoch - 79 loss: 1.130 accuracy: 59.335
epoch - 80 loss: 1.133 accuracy: 59.718 val_loss: 1.246 val_acc: 56.500
epoch - 81 loss: 1.128 accuracy: 59.538
epoch - 82 loss: 1.125 accuracy: 59.915
epoch - 83 loss: 1.122 accuracy: 59.965
epoch - 84 loss: 1.130 accuracy: 59.510
epoch - 85 loss: 1.119 accuracy: 60.025
epoch - 86 loss: 1.118 accuracy: 60.303
epoch - 87 loss: 1.114 accuracy: 60.300
epoch - 88 loss: 1.116 accuracy: 60.258
epoch - 89 loss: 1.116 accuracy: 60.218
epoch - 90 loss: 1.108 accuracy: 60.477 val_loss: 1.248 val_acc: 56.490
epoch - 91 loss: 1.111 accuracy: 60.528
epoch - 92 loss: 1.102 accuracy: 60.862
epoch - 93 loss: 1.099 accuracy: 60.785
epoch - 94 loss: 1.095 accuracy: 61.070
epoch - 95 loss: 1.101 accuracy: 60.663
epoch - 96 loss: 1.096 accuracy: 60.843
epoch - 97 loss: 1.099 accuracy: 60.623
epoch - 98 loss: 1.094 accuracy: 60.932
epoch - 99 loss: 1.091 accuracy: 61.090
Finished training
Test loss: 1.123 accuracy: 60.580
Patch shuffle test loss for patch-size 16: 2.2845797896385194 accuracy: 27.9
Patch shuffle test loss for patch-size 8: 2.5320176005363466 accuracy: 21.42
Done: Plain-Old-CIFAR10-FC
