==============================
Job ID     : 15759
Array ID   : 3
Model      : Plain-Old-CIFAR10-CNN
Node       : lair-g7
GPU        : NVIDIA L40S
==============================
Net_CNN(
  (stem): Sequential(
    (0): Conv2d(3, 32, kernel_size=(3, 3), stride=(1, 1), padding=(1, 1), bias=False)
    (1): BatchNorm2d(32, eps=1e-05, momentum=0.1, affine=True, track_running_stats=True)
    (2): ReLU(inplace=True)
  )
  (layer1): Sequential(
    (0): ResidualBlock(
      (conv1): Conv2d(32, 32, kernel_size=(3, 3), stride=(1, 1), padding=(1, 1), bias=False)
      (bn1): BatchNorm2d(32, eps=1e-05, momentum=0.1, affine=True, track_running_stats=True)
      (relu): ReLU(inplace=True)
      (dropout): Dropout2d(p=0.1, inplace=False)
      (conv2): Conv2d(32, 32, kernel_size=(3, 3), stride=(1, 1), padding=(1, 1), bias=False)
      (bn2): BatchNorm2d(32, eps=1e-05, momentum=0.1, affine=True, track_running_stats=True)
      (shortcut): Identity()
    )
    (1): ResidualBlock(
      (conv1): Conv2d(32, 32, kernel_size=(3, 3), stride=(1, 1), padding=(1, 1), bias=False)
      (bn1): BatchNorm2d(32, eps=1e-05, momentum=0.1, affine=True, track_running_stats=True)
      (relu): ReLU(inplace=True)
      (dropout): Dropout2d(p=0.1, inplace=False)
      (conv2): Conv2d(32, 32, kernel_size=(3, 3), stride=(1, 1), padding=(1, 1), bias=False)
      (bn2): BatchNorm2d(32, eps=1e-05, momentum=0.1, affine=True, track_running_stats=True)
      (shortcut): Identity()
    )
  )
  (layer2): Sequential(
    (0): ResidualBlock(
      (conv1): Conv2d(32, 64, kernel_size=(3, 3), stride=(2, 2), padding=(1, 1), bias=False)
      (bn1): BatchNorm2d(64, eps=1e-05, momentum=0.1, affine=True, track_running_stats=True)
      (relu): ReLU(inplace=True)
      (dropout): Dropout2d(p=0.1, inplace=False)
      (conv2): Conv2d(64, 64, kernel_size=(3, 3), stride=(1, 1), padding=(1, 1), bias=False)
      (bn2): BatchNorm2d(64, eps=1e-05, momentum=0.1, affine=True, track_running_stats=True)
      (shortcut): Sequential(
        (0): Conv2d(32, 64, kernel_size=(1, 1), stride=(2, 2), bias=False)
        (1): BatchNorm2d(64, eps=1e-05, momentum=0.1, affine=True, track_running_stats=True)
      )
    )
    (1): ResidualBlock(
      (conv1): Conv2d(64, 64, kernel_size=(3, 3), stride=(1, 1), padding=(1, 1), bias=False)
      (bn1): BatchNorm2d(64, eps=1e-05, momentum=0.1, affine=True, track_running_stats=True)
      (relu): ReLU(inplace=True)
      (dropout): Dropout2d(p=0.1, inplace=False)
      (conv2): Conv2d(64, 64, kernel_size=(3, 3), stride=(1, 1), padding=(1, 1), bias=False)
      (bn2): BatchNorm2d(64, eps=1e-05, momentum=0.1, affine=True, track_running_stats=True)
      (shortcut): Identity()
    )
  )
  (layer3): Sequential(
    (0): ResidualBlock(
      (conv1): Conv2d(64, 128, kernel_size=(3, 3), stride=(2, 2), padding=(1, 1), bias=False)
      (bn1): BatchNorm2d(128, eps=1e-05, momentum=0.1, affine=True, track_running_stats=True)
      (relu): ReLU(inplace=True)
      (dropout): Dropout2d(p=0.1, inplace=False)
      (conv2): Conv2d(128, 128, kernel_size=(3, 3), stride=(1, 1), padding=(1, 1), bias=False)
      (bn2): BatchNorm2d(128, eps=1e-05, momentum=0.1, affine=True, track_running_stats=True)
      (shortcut): Sequential(
        (0): Conv2d(64, 128, kernel_size=(1, 1), stride=(2, 2), bias=False)
        (1): BatchNorm2d(128, eps=1e-05, momentum=0.1, affine=True, track_running_stats=True)
      )
    )
    (1): ResidualBlock(
      (conv1): Conv2d(128, 128, kernel_size=(3, 3), stride=(1, 1), padding=(1, 1), bias=False)
      (bn1): BatchNorm2d(128, eps=1e-05, momentum=0.1, affine=True, track_running_stats=True)
      (relu): ReLU(inplace=True)
      (dropout): Dropout2d(p=0.1, inplace=False)
      (conv2): Conv2d(128, 128, kernel_size=(3, 3), stride=(1, 1), padding=(1, 1), bias=False)
      (bn2): BatchNorm2d(128, eps=1e-05, momentum=0.1, affine=True, track_running_stats=True)
      (shortcut): Identity()
    )
  )
  (pool): AdaptiveAvgPool2d(output_size=(1, 1))
  (classifier): Sequential(
    (0): Linear(in_features=128, out_features=256, bias=True)
    (1): GELU(approximate='none')
    (2): Dropout(p=0.3, inplace=False)
    (3): Linear(in_features=256, out_features=10, bias=True)
  )
)
epoch - 0 loss: 1.951 accuracy: 25.718 val_loss: 1.685 val_acc: 36.840
epoch - 1 loss: 1.674 accuracy: 36.837
epoch - 2 loss: 1.534 accuracy: 42.968
epoch - 3 loss: 1.423 accuracy: 47.655
epoch - 4 loss: 1.333 accuracy: 51.235
epoch - 5 loss: 1.259 accuracy: 54.365
epoch - 6 loss: 1.194 accuracy: 56.833
epoch - 7 loss: 1.135 accuracy: 59.145
epoch - 8 loss: 1.094 accuracy: 60.475
epoch - 9 loss: 1.058 accuracy: 62.163
epoch - 10 loss: 1.027 accuracy: 63.120 val_loss: 0.919 val_acc: 67.090
epoch - 11 loss: 0.998 accuracy: 64.207
epoch - 12 loss: 0.972 accuracy: 65.340
epoch - 13 loss: 0.948 accuracy: 66.255
epoch - 14 loss: 0.922 accuracy: 67.130
epoch - 15 loss: 0.907 accuracy: 67.890
epoch - 16 loss: 0.889 accuracy: 68.382
epoch - 17 loss: 0.860 accuracy: 69.608
epoch - 18 loss: 0.852 accuracy: 69.832
epoch - 19 loss: 0.833 accuracy: 70.422
epoch - 20 loss: 0.812 accuracy: 71.228 val_loss: 0.718 val_acc: 75.110
epoch - 21 loss: 0.801 accuracy: 71.635
epoch - 22 loss: 0.780 accuracy: 72.472
epoch - 23 loss: 0.767 accuracy: 73.103
epoch - 24 loss: 0.753 accuracy: 73.515
epoch - 25 loss: 0.742 accuracy: 73.980
epoch - 26 loss: 0.725 accuracy: 74.728
epoch - 27 loss: 0.718 accuracy: 74.850
epoch - 28 loss: 0.706 accuracy: 75.263
epoch - 29 loss: 0.697 accuracy: 75.645
epoch - 30 loss: 0.685 accuracy: 76.060 val_loss: 0.640 val_acc: 78.170
epoch - 31 loss: 0.672 accuracy: 76.545
epoch - 32 loss: 0.664 accuracy: 76.700
epoch - 33 loss: 0.655 accuracy: 77.165
epoch - 34 loss: 0.645 accuracy: 77.360
epoch - 35 loss: 0.641 accuracy: 77.645
epoch - 36 loss: 0.633 accuracy: 78.032
epoch - 37 loss: 0.624 accuracy: 78.108
epoch - 38 loss: 0.613 accuracy: 78.683
epoch - 39 loss: 0.610 accuracy: 78.585
epoch - 40 loss: 0.605 accuracy: 79.047 val_loss: 0.515 val_acc: 81.790
epoch - 41 loss: 0.599 accuracy: 78.968
epoch - 42 loss: 0.590 accuracy: 79.243
epoch - 43 loss: 0.585 accuracy: 79.618
epoch - 44 loss: 0.579 accuracy: 79.767
epoch - 45 loss: 0.572 accuracy: 80.045
epoch - 46 loss: 0.564 accuracy: 80.425
epoch - 47 loss: 0.559 accuracy: 80.485
epoch - 48 loss: 0.552 accuracy: 80.847
epoch - 49 loss: 0.551 accuracy: 80.905
epoch - 50 loss: 0.543 accuracy: 80.990 val_loss: 0.480 val_acc: 83.470
epoch - 51 loss: 0.538 accuracy: 81.147
epoch - 52 loss: 0.534 accuracy: 81.330
epoch - 53 loss: 0.533 accuracy: 81.597
epoch - 54 loss: 0.522 accuracy: 81.983
epoch - 55 loss: 0.516 accuracy: 82.073
epoch - 56 loss: 0.515 accuracy: 81.968
epoch - 57 loss: 0.512 accuracy: 82.183
epoch - 58 loss: 0.505 accuracy: 82.335
epoch - 59 loss: 0.501 accuracy: 82.515
epoch - 60 loss: 0.493 accuracy: 82.847 val_loss: 0.448 val_acc: 84.610
epoch - 61 loss: 0.494 accuracy: 82.730
epoch - 62 loss: 0.490 accuracy: 83.108
epoch - 63 loss: 0.489 accuracy: 83.085
epoch - 64 loss: 0.487 accuracy: 83.095
epoch - 65 loss: 0.483 accuracy: 82.847
epoch - 66 loss: 0.471 accuracy: 83.515
epoch - 67 loss: 0.468 accuracy: 83.585
epoch - 68 loss: 0.471 accuracy: 83.445
epoch - 69 loss: 0.465 accuracy: 83.735
epoch - 70 loss: 0.465 accuracy: 83.935 val_loss: 0.435 val_acc: 85.690
epoch - 71 loss: 0.453 accuracy: 84.200
epoch - 72 loss: 0.455 accuracy: 84.145
epoch - 73 loss: 0.448 accuracy: 84.435
epoch - 74 loss: 0.453 accuracy: 84.153
epoch - 75 loss: 0.440 accuracy: 84.770
epoch - 76 loss: 0.442 accuracy: 84.555
epoch - 77 loss: 0.439 accuracy: 84.760
epoch - 78 loss: 0.434 accuracy: 84.825
epoch - 79 loss: 0.432 accuracy: 84.888
epoch - 80 loss: 0.429 accuracy: 85.025 val_loss: 0.422 val_acc: 85.870
epoch - 81 loss: 0.426 accuracy: 85.235
epoch - 82 loss: 0.425 accuracy: 85.105
epoch - 83 loss: 0.420 accuracy: 85.270
epoch - 84 loss: 0.423 accuracy: 85.110
epoch - 85 loss: 0.419 accuracy: 85.305
epoch - 86 loss: 0.415 accuracy: 85.485
epoch - 87 loss: 0.413 accuracy: 85.640
epoch - 88 loss: 0.409 accuracy: 85.767
epoch - 89 loss: 0.407 accuracy: 85.767
epoch - 90 loss: 0.404 accuracy: 85.920 val_loss: 0.404 val_acc: 86.590
epoch - 91 loss: 0.400 accuracy: 85.995
epoch - 92 loss: 0.399 accuracy: 86.192
epoch - 93 loss: 0.395 accuracy: 86.183
epoch - 94 loss: 0.395 accuracy: 86.105
epoch - 95 loss: 0.390 accuracy: 86.453
epoch - 96 loss: 0.391 accuracy: 86.438
epoch - 97 loss: 0.389 accuracy: 86.230
epoch - 98 loss: 0.384 accuracy: 86.585
epoch - 99 loss: 0.384 accuracy: 86.700
Finished training
Test loss: 0.372 accuracy: 87.480
Patch shuffle test loss for patch-size 16: 1.2942323237657547 accuracy: 60.7
Patch shuffle test loss for patch-size 8: 2.572081845998764 accuracy: 36.07
Done: Plain-Old-CIFAR10-CNN
