==============================
Job ID     : 15750
Array ID   : 7
Model      : D-shuffletruffle-Attention
Node       : lair-g7
GPU        : NVIDIA L40S
==============================
Net_D_shuffletruffle_Attention(
  (patch_embed): Linear(in_features=768, out_features=128, bias=True)
  (embed_norm): LayerNorm((128,), eps=1e-05, elementwise_affine=True)
  (blocks): ModuleList(
    (0-3): 4 x TransformerBlock(
      (norm1): LayerNorm((128,), eps=1e-05, elementwise_affine=True)
      (attn): MultiheadAttention(
        (out_proj): NonDynamicallyQuantizableLinear(in_features=128, out_features=128, bias=True)
      )
      (norm2): LayerNorm((128,), eps=1e-05, elementwise_affine=True)
      (mlp): Sequential(
        (0): Linear(in_features=128, out_features=512, bias=True)
        (1): GELU(approximate='none')
        (2): Dropout(p=0.1, inplace=False)
        (3): Linear(in_features=512, out_features=128, bias=True)
        (4): Dropout(p=0.1, inplace=False)
      )
    )
  )
  (norm): LayerNorm((128,), eps=1e-05, elementwise_affine=True)
  (classifier): Sequential(
    (0): Linear(in_features=128, out_features=256, bias=True)
    (1): GELU(approximate='none')
    (2): Dropout(p=0.1, inplace=False)
    (3): Linear(in_features=256, out_features=10, bias=True)
  )
)
epoch - 0 loss: 2.036 accuracy: 24.593 val_loss: 1.956 val_acc: 28.490
epoch - 1 loss: 1.879 accuracy: 31.275
epoch - 2 loss: 1.791 accuracy: 34.237
epoch - 3 loss: 1.736 accuracy: 36.445
epoch - 4 loss: 1.693 accuracy: 37.718
epoch - 5 loss: 1.667 accuracy: 38.965
epoch - 6 loss: 1.645 accuracy: 39.722
epoch - 7 loss: 1.623 accuracy: 40.290
epoch - 8 loss: 1.603 accuracy: 41.295
epoch - 9 loss: 1.590 accuracy: 42.045
epoch - 10 loss: 1.572 accuracy: 42.790 val_loss: 1.581 val_acc: 42.540
epoch - 11 loss: 1.560 accuracy: 43.095
epoch - 12 loss: 1.546 accuracy: 43.790
epoch - 13 loss: 1.531 accuracy: 44.480
epoch - 14 loss: 1.521 accuracy: 44.800
epoch - 15 loss: 1.510 accuracy: 45.290
epoch - 16 loss: 1.497 accuracy: 46.038
epoch - 17 loss: 1.493 accuracy: 45.852
epoch - 18 loss: 1.484 accuracy: 46.142
epoch - 19 loss: 1.470 accuracy: 46.705
epoch - 20 loss: 1.464 accuracy: 46.968 val_loss: 1.464 val_acc: 46.740
epoch - 21 loss: 1.456 accuracy: 47.150
epoch - 22 loss: 1.451 accuracy: 47.377
epoch - 23 loss: 1.438 accuracy: 48.083
epoch - 24 loss: 1.434 accuracy: 47.960
epoch - 25 loss: 1.432 accuracy: 48.115
epoch - 26 loss: 1.422 accuracy: 48.583
epoch - 27 loss: 1.414 accuracy: 48.953
epoch - 28 loss: 1.409 accuracy: 48.788
epoch - 29 loss: 1.397 accuracy: 49.288
epoch - 30 loss: 1.400 accuracy: 49.150 val_loss: 1.406 val_acc: 49.440
epoch - 31 loss: 1.386 accuracy: 49.758
epoch - 32 loss: 1.387 accuracy: 49.785
epoch - 33 loss: 1.377 accuracy: 50.360
epoch - 34 loss: 1.372 accuracy: 50.197
epoch - 35 loss: 1.370 accuracy: 50.360
epoch - 36 loss: 1.364 accuracy: 50.663
epoch - 37 loss: 1.360 accuracy: 50.890
epoch - 38 loss: 1.352 accuracy: 51.195
epoch - 39 loss: 1.348 accuracy: 51.362
epoch - 40 loss: 1.344 accuracy: 51.597 val_loss: 1.353 val_acc: 51.360
epoch - 41 loss: 1.345 accuracy: 51.460
epoch - 42 loss: 1.334 accuracy: 51.867
epoch - 43 loss: 1.332 accuracy: 51.917
epoch - 44 loss: 1.327 accuracy: 51.938
epoch - 45 loss: 1.323 accuracy: 52.388
epoch - 46 loss: 1.323 accuracy: 52.545
epoch - 47 loss: 1.316 accuracy: 52.600
epoch - 48 loss: 1.312 accuracy: 52.625
epoch - 49 loss: 1.311 accuracy: 52.928
epoch - 50 loss: 1.298 accuracy: 52.953 val_loss: 1.314 val_acc: 52.080
epoch - 51 loss: 1.295 accuracy: 53.390
epoch - 52 loss: 1.297 accuracy: 53.335
epoch - 53 loss: 1.292 accuracy: 53.347
epoch - 54 loss: 1.291 accuracy: 53.392
epoch - 55 loss: 1.285 accuracy: 53.475
epoch - 56 loss: 1.279 accuracy: 53.858
epoch - 57 loss: 1.276 accuracy: 54.167
epoch - 58 loss: 1.268 accuracy: 54.385
epoch - 59 loss: 1.266 accuracy: 54.495
epoch - 60 loss: 1.266 accuracy: 54.470 val_loss: 1.292 val_acc: 54.020
epoch - 61 loss: 1.260 accuracy: 54.682
epoch - 62 loss: 1.259 accuracy: 54.555
epoch - 63 loss: 1.253 accuracy: 54.805
epoch - 64 loss: 1.256 accuracy: 54.642
epoch - 65 loss: 1.250 accuracy: 54.940
epoch - 66 loss: 1.242 accuracy: 55.490
epoch - 67 loss: 1.238 accuracy: 55.347
epoch - 68 loss: 1.239 accuracy: 55.410
epoch - 69 loss: 1.238 accuracy: 55.532
epoch - 70 loss: 1.237 accuracy: 55.307 val_loss: 1.242 val_acc: 55.410
epoch - 71 loss: 1.227 accuracy: 56.045
epoch - 72 loss: 1.221 accuracy: 55.898
epoch - 73 loss: 1.222 accuracy: 56.038
epoch - 74 loss: 1.213 accuracy: 56.365
epoch - 75 loss: 1.221 accuracy: 56.185
epoch - 76 loss: 1.218 accuracy: 55.962
epoch - 77 loss: 1.212 accuracy: 56.477
epoch - 78 loss: 1.209 accuracy: 56.580
epoch - 79 loss: 1.211 accuracy: 56.375
epoch - 80 loss: 1.202 accuracy: 56.685 val_loss: 1.237 val_acc: 55.640
epoch - 81 loss: 1.202 accuracy: 56.670
epoch - 82 loss: 1.195 accuracy: 56.682
epoch - 83 loss: 1.197 accuracy: 56.968
epoch - 84 loss: 1.191 accuracy: 57.398
epoch - 85 loss: 1.190 accuracy: 57.133
epoch - 86 loss: 1.182 accuracy: 57.565
epoch - 87 loss: 1.188 accuracy: 57.405
epoch - 88 loss: 1.178 accuracy: 57.435
epoch - 89 loss: 1.182 accuracy: 57.615
epoch - 90 loss: 1.172 accuracy: 57.870 val_loss: 1.213 val_acc: 56.870
epoch - 91 loss: 1.171 accuracy: 57.972
epoch - 92 loss: 1.173 accuracy: 57.797
epoch - 93 loss: 1.167 accuracy: 58.182
epoch - 94 loss: 1.168 accuracy: 58.095
epoch - 95 loss: 1.157 accuracy: 58.593
epoch - 96 loss: 1.161 accuracy: 58.140
epoch - 97 loss: 1.155 accuracy: 58.670
epoch - 98 loss: 1.154 accuracy: 58.600
epoch - 99 loss: 1.154 accuracy: 58.825
Finished training
Test loss: 1.358 accuracy: 52.620
Patch shuffle test loss for patch-size 16: 1.3578704446554184 accuracy: 52.62
Patch shuffle test loss for patch-size 8: 2.201281315088272 accuracy: 27.86
Done: D-shuffletruffle-Attention
