==============================
Job ID     : 15755
Array ID   : 8
Model      : N-shuffletruffle-Attention
Node       : lair-g7
GPU        : NVIDIA L40S
==============================
Net_N_shuffletruffle_Attention(
  (patch_embed): Linear(in_features=192, out_features=128, bias=True)
  (embed_norm): LayerNorm((128,), eps=1e-05, elementwise_affine=True)
  (blocks): ModuleList(
    (0-3): 4 x TransformerBlock(
      (norm1): LayerNorm((128,), eps=1e-05, elementwise_affine=True)
      (attn): MultiheadAttention(
        (out_proj): NonDynamicallyQuantizableLinear(in_features=128, out_features=128, bias=True)
      )
      (norm2): LayerNorm((128,), eps=1e-05, elementwise_affine=True)
      (mlp): Sequential(
        (0): Linear(in_features=128, out_features=512, bias=True)
        (1): GELU(approximate='none')
        (2): Dropout(p=0.1, inplace=False)
        (3): Linear(in_features=512, out_features=128, bias=True)
        (4): Dropout(p=0.1, inplace=False)
      )
    )
  )
  (norm): LayerNorm((128,), eps=1e-05, elementwise_affine=True)
  (classifier): Sequential(
    (0): Linear(in_features=128, out_features=256, bias=True)
    (1): GELU(approximate='none')
    (2): Dropout(p=0.1, inplace=False)
    (3): Linear(in_features=256, out_features=10, bias=True)
  )
)
epoch - 0 loss: 2.030 accuracy: 23.922 val_loss: 1.934 val_acc: 27.530
epoch - 1 loss: 1.838 accuracy: 30.845
epoch - 2 loss: 1.756 accuracy: 33.990
epoch - 3 loss: 1.711 accuracy: 35.782
epoch - 4 loss: 1.665 accuracy: 37.720
epoch - 5 loss: 1.630 accuracy: 39.303
epoch - 6 loss: 1.603 accuracy: 40.767
epoch - 7 loss: 1.571 accuracy: 41.745
epoch - 8 loss: 1.550 accuracy: 42.900
epoch - 9 loss: 1.525 accuracy: 43.965
epoch - 10 loss: 1.495 accuracy: 45.303 val_loss: 1.608 val_acc: 41.280
epoch - 11 loss: 1.481 accuracy: 45.672
epoch - 12 loss: 1.462 accuracy: 46.657
epoch - 13 loss: 1.445 accuracy: 47.373
epoch - 14 loss: 1.425 accuracy: 48.023
epoch - 15 loss: 1.416 accuracy: 48.572
epoch - 16 loss: 1.406 accuracy: 48.805
epoch - 17 loss: 1.391 accuracy: 49.095
epoch - 18 loss: 1.385 accuracy: 49.555
epoch - 19 loss: 1.370 accuracy: 49.965
epoch - 20 loss: 1.363 accuracy: 50.625 val_loss: 1.462 val_acc: 47.470
epoch - 21 loss: 1.344 accuracy: 51.343
epoch - 22 loss: 1.338 accuracy: 51.555
epoch - 23 loss: 1.330 accuracy: 51.767
epoch - 24 loss: 1.319 accuracy: 52.305
epoch - 25 loss: 1.318 accuracy: 52.263
epoch - 26 loss: 1.303 accuracy: 52.545
epoch - 27 loss: 1.297 accuracy: 52.705
epoch - 28 loss: 1.285 accuracy: 53.328
epoch - 29 loss: 1.275 accuracy: 53.685
epoch - 30 loss: 1.275 accuracy: 53.840 val_loss: 1.390 val_acc: 51.210
epoch - 31 loss: 1.264 accuracy: 54.115
epoch - 32 loss: 1.256 accuracy: 54.565
epoch - 33 loss: 1.252 accuracy: 54.663
epoch - 34 loss: 1.249 accuracy: 54.860
epoch - 35 loss: 1.242 accuracy: 54.977
epoch - 36 loss: 1.234 accuracy: 55.227
epoch - 37 loss: 1.223 accuracy: 55.810
epoch - 38 loss: 1.224 accuracy: 55.625
epoch - 39 loss: 1.216 accuracy: 56.110
epoch - 40 loss: 1.208 accuracy: 56.358 val_loss: 1.291 val_acc: 54.590
epoch - 41 loss: 1.204 accuracy: 56.695
epoch - 42 loss: 1.196 accuracy: 56.602
epoch - 43 loss: 1.190 accuracy: 56.763
epoch - 44 loss: 1.185 accuracy: 57.045
epoch - 45 loss: 1.179 accuracy: 57.600
epoch - 46 loss: 1.174 accuracy: 57.780
epoch - 47 loss: 1.163 accuracy: 57.653
epoch - 48 loss: 1.163 accuracy: 58.120
epoch - 49 loss: 1.159 accuracy: 58.155
epoch - 50 loss: 1.156 accuracy: 58.415 val_loss: 1.272 val_acc: 55.430
epoch - 51 loss: 1.151 accuracy: 58.513
epoch - 52 loss: 1.153 accuracy: 58.523
epoch - 53 loss: 1.144 accuracy: 58.633
epoch - 54 loss: 1.132 accuracy: 59.167
epoch - 55 loss: 1.132 accuracy: 58.870
epoch - 56 loss: 1.129 accuracy: 59.515
epoch - 57 loss: 1.119 accuracy: 59.545
epoch - 58 loss: 1.118 accuracy: 59.653
epoch - 59 loss: 1.115 accuracy: 59.830
epoch - 60 loss: 1.110 accuracy: 60.040 val_loss: 1.221 val_acc: 56.690
epoch - 61 loss: 1.110 accuracy: 60.203
epoch - 62 loss: 1.110 accuracy: 60.020
epoch - 63 loss: 1.101 accuracy: 60.623
epoch - 64 loss: 1.096 accuracy: 60.255
epoch - 65 loss: 1.092 accuracy: 60.998
epoch - 66 loss: 1.085 accuracy: 60.828
epoch - 67 loss: 1.083 accuracy: 61.090
epoch - 68 loss: 1.080 accuracy: 61.075
epoch - 69 loss: 1.074 accuracy: 61.288
epoch - 70 loss: 1.068 accuracy: 61.303 val_loss: 1.214 val_acc: 57.510
epoch - 71 loss: 1.071 accuracy: 61.400
epoch - 72 loss: 1.071 accuracy: 61.222
epoch - 73 loss: 1.066 accuracy: 61.877
epoch - 74 loss: 1.057 accuracy: 62.075
epoch - 75 loss: 1.053 accuracy: 62.102
epoch - 76 loss: 1.053 accuracy: 61.992
epoch - 77 loss: 1.047 accuracy: 62.718
epoch - 78 loss: 1.049 accuracy: 62.275
epoch - 79 loss: 1.042 accuracy: 62.325
epoch - 80 loss: 1.030 accuracy: 62.903 val_loss: 1.162 val_acc: 59.350
epoch - 81 loss: 1.036 accuracy: 63.017
epoch - 82 loss: 1.029 accuracy: 62.855
epoch - 83 loss: 1.028 accuracy: 63.045
epoch - 84 loss: 1.029 accuracy: 63.242
epoch - 85 loss: 1.025 accuracy: 63.060
epoch - 86 loss: 1.021 accuracy: 63.087
epoch - 87 loss: 1.015 accuracy: 63.542
epoch - 88 loss: 1.016 accuracy: 63.430
epoch - 89 loss: 1.019 accuracy: 63.428
epoch - 90 loss: 1.007 accuracy: 64.060 val_loss: 1.147 val_acc: 59.540
epoch - 91 loss: 1.004 accuracy: 63.875
epoch - 92 loss: 1.005 accuracy: 63.990
epoch - 93 loss: 0.999 accuracy: 64.207
epoch - 94 loss: 0.999 accuracy: 64.230
epoch - 95 loss: 0.995 accuracy: 64.272
epoch - 96 loss: 0.991 accuracy: 64.250
epoch - 97 loss: 0.992 accuracy: 64.250
epoch - 98 loss: 0.988 accuracy: 64.618
epoch - 99 loss: 0.981 accuracy: 65.082
Finished training
Test loss: 1.133 accuracy: 60.220
Patch shuffle test loss for patch-size 16: 1.132545705139637 accuracy: 60.22
Patch shuffle test loss for patch-size 8: 1.1325457111001014 accuracy: 60.22
Done: N-shuffletruffle-Attention
