==============================
Job ID     : 15768
Array ID   : 3
Model      : Plain-Old-CIFAR10-CNN
Node       : lair-g7
GPU        : NVIDIA L40S
==============================
Net_CNN(
  (stem): Sequential(
    (0): Conv2d(3, 32, kernel_size=(3, 3), stride=(1, 1), padding=(1, 1), bias=False)
    (1): BatchNorm2d(32, eps=1e-05, momentum=0.1, affine=True, track_running_stats=True)
    (2): ReLU(inplace=True)
  )
  (layer1): Sequential(
    (0): ResidualBlock(
      (conv1): Conv2d(32, 32, kernel_size=(3, 3), stride=(1, 1), padding=(1, 1), bias=False)
      (bn1): BatchNorm2d(32, eps=1e-05, momentum=0.1, affine=True, track_running_stats=True)
      (relu): ReLU(inplace=True)
      (dropout): Dropout2d(p=0.1, inplace=False)
      (conv2): Conv2d(32, 32, kernel_size=(3, 3), stride=(1, 1), padding=(1, 1), bias=False)
      (bn2): BatchNorm2d(32, eps=1e-05, momentum=0.1, affine=True, track_running_stats=True)
      (shortcut): Identity()
    )
    (1): ResidualBlock(
      (conv1): Conv2d(32, 32, kernel_size=(3, 3), stride=(1, 1), padding=(1, 1), bias=False)
      (bn1): BatchNorm2d(32, eps=1e-05, momentum=0.1, affine=True, track_running_stats=True)
      (relu): ReLU(inplace=True)
      (dropout): Dropout2d(p=0.1, inplace=False)
      (conv2): Conv2d(32, 32, kernel_size=(3, 3), stride=(1, 1), padding=(1, 1), bias=False)
      (bn2): BatchNorm2d(32, eps=1e-05, momentum=0.1, affine=True, track_running_stats=True)
      (shortcut): Identity()
    )
  )
  (layer2): Sequential(
    (0): ResidualBlock(
      (conv1): Conv2d(32, 64, kernel_size=(3, 3), stride=(2, 2), padding=(1, 1), bias=False)
      (bn1): BatchNorm2d(64, eps=1e-05, momentum=0.1, affine=True, track_running_stats=True)
      (relu): ReLU(inplace=True)
      (dropout): Dropout2d(p=0.1, inplace=False)
      (conv2): Conv2d(64, 64, kernel_size=(3, 3), stride=(1, 1), padding=(1, 1), bias=False)
      (bn2): BatchNorm2d(64, eps=1e-05, momentum=0.1, affine=True, track_running_stats=True)
      (shortcut): Sequential(
        (0): Conv2d(32, 64, kernel_size=(1, 1), stride=(2, 2), bias=False)
        (1): BatchNorm2d(64, eps=1e-05, momentum=0.1, affine=True, track_running_stats=True)
      )
    )
    (1): ResidualBlock(
      (conv1): Conv2d(64, 64, kernel_size=(3, 3), stride=(1, 1), padding=(1, 1), bias=False)
      (bn1): BatchNorm2d(64, eps=1e-05, momentum=0.1, affine=True, track_running_stats=True)
      (relu): ReLU(inplace=True)
      (dropout): Dropout2d(p=0.1, inplace=False)
      (conv2): Conv2d(64, 64, kernel_size=(3, 3), stride=(1, 1), padding=(1, 1), bias=False)
      (bn2): BatchNorm2d(64, eps=1e-05, momentum=0.1, affine=True, track_running_stats=True)
      (shortcut): Identity()
    )
  )
  (layer3): Sequential(
    (0): ResidualBlock(
      (conv1): Conv2d(64, 128, kernel_size=(3, 3), stride=(2, 2), padding=(1, 1), bias=False)
      (bn1): BatchNorm2d(128, eps=1e-05, momentum=0.1, affine=True, track_running_stats=True)
      (relu): ReLU(inplace=True)
      (dropout): Dropout2d(p=0.1, inplace=False)
      (conv2): Conv2d(128, 128, kernel_size=(3, 3), stride=(1, 1), padding=(1, 1), bias=False)
      (bn2): BatchNorm2d(128, eps=1e-05, momentum=0.1, affine=True, track_running_stats=True)
      (shortcut): Sequential(
        (0): Conv2d(64, 128, kernel_size=(1, 1), stride=(2, 2), bias=False)
        (1): BatchNorm2d(128, eps=1e-05, momentum=0.1, affine=True, track_running_stats=True)
      )
    )
    (1): ResidualBlock(
      (conv1): Conv2d(128, 128, kernel_size=(3, 3), stride=(1, 1), padding=(1, 1), bias=False)
      (bn1): BatchNorm2d(128, eps=1e-05, momentum=0.1, affine=True, track_running_stats=True)
      (relu): ReLU(inplace=True)
      (dropout): Dropout2d(p=0.1, inplace=False)
      (conv2): Conv2d(128, 128, kernel_size=(3, 3), stride=(1, 1), padding=(1, 1), bias=False)
      (bn2): BatchNorm2d(128, eps=1e-05, momentum=0.1, affine=True, track_running_stats=True)
      (shortcut): Identity()
    )
  )
  (pool): AdaptiveAvgPool2d(output_size=(1, 1))
  (classifier): Sequential(
    (0): Linear(in_features=128, out_features=256, bias=True)
    (1): GELU(approximate='none')
    (2): Dropout(p=0.3, inplace=False)
    (3): Linear(in_features=256, out_features=10, bias=True)
  )
)
epoch - 0 loss: 1.952 accuracy: 25.762 val_loss: 1.685 val_acc: 36.900
epoch - 1 loss: 1.674 accuracy: 36.840
epoch - 2 loss: 1.537 accuracy: 42.693
epoch - 3 loss: 1.420 accuracy: 47.740
epoch - 4 loss: 1.333 accuracy: 51.195
epoch - 5 loss: 1.256 accuracy: 54.380
epoch - 6 loss: 1.188 accuracy: 57.055
epoch - 7 loss: 1.135 accuracy: 58.835
epoch - 8 loss: 1.095 accuracy: 60.627
epoch - 9 loss: 1.056 accuracy: 62.115
epoch - 10 loss: 1.026 accuracy: 63.385 val_loss: 0.880 val_acc: 68.180
epoch - 11 loss: 0.995 accuracy: 64.612
epoch - 12 loss: 0.972 accuracy: 65.515
epoch - 13 loss: 0.947 accuracy: 66.565
epoch - 14 loss: 0.925 accuracy: 66.980
epoch - 15 loss: 0.902 accuracy: 67.968
epoch - 16 loss: 0.882 accuracy: 68.750
epoch - 17 loss: 0.870 accuracy: 69.412
epoch - 18 loss: 0.844 accuracy: 70.095
epoch - 19 loss: 0.822 accuracy: 71.007
epoch - 20 loss: 0.812 accuracy: 71.360 val_loss: 0.692 val_acc: 75.440
epoch - 21 loss: 0.797 accuracy: 71.895
epoch - 22 loss: 0.782 accuracy: 72.595
epoch - 23 loss: 0.764 accuracy: 73.022
epoch - 24 loss: 0.747 accuracy: 73.847
epoch - 25 loss: 0.740 accuracy: 74.025
epoch - 26 loss: 0.729 accuracy: 74.472
epoch - 27 loss: 0.712 accuracy: 75.185
epoch - 28 loss: 0.706 accuracy: 75.362
epoch - 29 loss: 0.692 accuracy: 75.630
epoch - 30 loss: 0.683 accuracy: 76.175 val_loss: 0.586 val_acc: 79.480
epoch - 31 loss: 0.674 accuracy: 76.475
epoch - 32 loss: 0.662 accuracy: 76.945
epoch - 33 loss: 0.653 accuracy: 77.165
epoch - 34 loss: 0.647 accuracy: 77.520
epoch - 35 loss: 0.639 accuracy: 77.683
epoch - 36 loss: 0.634 accuracy: 77.815
epoch - 37 loss: 0.618 accuracy: 78.547
epoch - 38 loss: 0.617 accuracy: 78.453
epoch - 39 loss: 0.610 accuracy: 78.765
epoch - 40 loss: 0.603 accuracy: 79.040 val_loss: 0.526 val_acc: 81.970
epoch - 41 loss: 0.595 accuracy: 79.037
epoch - 42 loss: 0.582 accuracy: 79.650
epoch - 43 loss: 0.580 accuracy: 79.660
epoch - 44 loss: 0.577 accuracy: 79.835
epoch - 45 loss: 0.568 accuracy: 80.188
epoch - 46 loss: 0.565 accuracy: 80.285
epoch - 47 loss: 0.554 accuracy: 80.942
epoch - 48 loss: 0.547 accuracy: 80.877
epoch - 49 loss: 0.540 accuracy: 81.190
epoch - 50 loss: 0.538 accuracy: 81.203 val_loss: 0.474 val_acc: 83.810
epoch - 51 loss: 0.535 accuracy: 81.293
epoch - 52 loss: 0.530 accuracy: 81.483
epoch - 53 loss: 0.520 accuracy: 81.823
epoch - 54 loss: 0.518 accuracy: 82.070
epoch - 55 loss: 0.517 accuracy: 81.987
epoch - 56 loss: 0.510 accuracy: 82.055
epoch - 57 loss: 0.509 accuracy: 82.347
epoch - 58 loss: 0.503 accuracy: 82.407
epoch - 59 loss: 0.501 accuracy: 82.683
epoch - 60 loss: 0.493 accuracy: 82.823 val_loss: 0.465 val_acc: 84.690
epoch - 61 loss: 0.487 accuracy: 83.032
epoch - 62 loss: 0.491 accuracy: 82.772
epoch - 63 loss: 0.479 accuracy: 83.320
epoch - 64 loss: 0.477 accuracy: 83.275
epoch - 65 loss: 0.478 accuracy: 83.297
epoch - 66 loss: 0.474 accuracy: 83.455
epoch - 67 loss: 0.465 accuracy: 83.645
epoch - 68 loss: 0.463 accuracy: 83.733
epoch - 69 loss: 0.459 accuracy: 84.123
epoch - 70 loss: 0.463 accuracy: 83.915 val_loss: 0.420 val_acc: 85.690
epoch - 71 loss: 0.457 accuracy: 84.135
epoch - 72 loss: 0.448 accuracy: 84.535
epoch - 73 loss: 0.451 accuracy: 84.280
epoch - 74 loss: 0.445 accuracy: 84.522
epoch - 75 loss: 0.443 accuracy: 84.435
epoch - 76 loss: 0.440 accuracy: 84.725
epoch - 77 loss: 0.437 accuracy: 84.843
epoch - 78 loss: 0.435 accuracy: 84.873
epoch - 79 loss: 0.430 accuracy: 85.058
epoch - 80 loss: 0.423 accuracy: 85.270 val_loss: 0.406 val_acc: 86.110
epoch - 81 loss: 0.421 accuracy: 85.185
epoch - 82 loss: 0.424 accuracy: 85.022
epoch - 83 loss: 0.415 accuracy: 85.522
epoch - 84 loss: 0.418 accuracy: 85.358
epoch - 85 loss: 0.411 accuracy: 85.555
epoch - 86 loss: 0.410 accuracy: 85.805
epoch - 87 loss: 0.407 accuracy: 85.695
epoch - 88 loss: 0.412 accuracy: 85.355
epoch - 89 loss: 0.398 accuracy: 86.103
epoch - 90 loss: 0.400 accuracy: 85.975 val_loss: 0.388 val_acc: 86.810
epoch - 91 loss: 0.394 accuracy: 86.293
epoch - 92 loss: 0.395 accuracy: 86.108
epoch - 93 loss: 0.394 accuracy: 86.228
epoch - 94 loss: 0.389 accuracy: 86.360
epoch - 95 loss: 0.388 accuracy: 86.495
epoch - 96 loss: 0.390 accuracy: 86.438
epoch - 97 loss: 0.382 accuracy: 86.635
epoch - 98 loss: 0.382 accuracy: 86.600
epoch - 99 loss: 0.377 accuracy: 86.755
Finished training
Test loss: 0.380 accuracy: 87.340
Patch shuffle test loss for patch-size 16: 1.2633985817432403 accuracy: 61.03
Patch shuffle test loss for patch-size 8: 2.6586368322372436 accuracy: 35.3
Done: Plain-Old-CIFAR10-CNN
