==============================
Job ID     : 15764
Array ID   : 8
Model      : N-shuffletruffle-Attention
Node       : lair-g4
GPU        : NVIDIA L40S
==============================
Net_N_shuffletruffle_Attention(
  (patch_embed): Linear(in_features=192, out_features=128, bias=True)
  (embed_norm): LayerNorm((128,), eps=1e-05, elementwise_affine=True)
  (blocks): ModuleList(
    (0-3): 4 x TransformerBlock(
      (norm1): LayerNorm((128,), eps=1e-05, elementwise_affine=True)
      (attn): MultiheadAttention(
        (out_proj): NonDynamicallyQuantizableLinear(in_features=128, out_features=128, bias=True)
      )
      (norm2): LayerNorm((128,), eps=1e-05, elementwise_affine=True)
      (mlp): Sequential(
        (0): Linear(in_features=128, out_features=512, bias=True)
        (1): GELU(approximate='none')
        (2): Dropout(p=0.1, inplace=False)
        (3): Linear(in_features=512, out_features=128, bias=True)
        (4): Dropout(p=0.1, inplace=False)
      )
    )
  )
  (norm): LayerNorm((128,), eps=1e-05, elementwise_affine=True)
  (classifier): Sequential(
    (0): Linear(in_features=128, out_features=256, bias=True)
    (1): GELU(approximate='none')
    (2): Dropout(p=0.1, inplace=False)
    (3): Linear(in_features=256, out_features=10, bias=True)
  )
)
epoch - 0 loss: 2.030 accuracy: 23.922 val_loss: 1.934 val_acc: 27.530
epoch - 1 loss: 1.838 accuracy: 30.845
epoch - 2 loss: 1.763 accuracy: 33.560
epoch - 3 loss: 1.705 accuracy: 35.905
epoch - 4 loss: 1.668 accuracy: 37.513
epoch - 5 loss: 1.632 accuracy: 39.358
epoch - 6 loss: 1.601 accuracy: 40.800
epoch - 7 loss: 1.574 accuracy: 41.850
epoch - 8 loss: 1.547 accuracy: 42.875
epoch - 9 loss: 1.524 accuracy: 44.153
epoch - 10 loss: 1.498 accuracy: 45.032 val_loss: 1.601 val_acc: 42.190
epoch - 11 loss: 1.482 accuracy: 45.765
epoch - 12 loss: 1.468 accuracy: 46.405
epoch - 13 loss: 1.452 accuracy: 46.855
epoch - 14 loss: 1.428 accuracy: 47.593
epoch - 15 loss: 1.421 accuracy: 48.208
epoch - 16 loss: 1.403 accuracy: 49.053
epoch - 17 loss: 1.403 accuracy: 48.932
epoch - 18 loss: 1.383 accuracy: 49.748
epoch - 19 loss: 1.370 accuracy: 50.155
epoch - 20 loss: 1.361 accuracy: 50.665 val_loss: 1.435 val_acc: 48.770
epoch - 21 loss: 1.352 accuracy: 50.580
epoch - 22 loss: 1.339 accuracy: 51.405
epoch - 23 loss: 1.333 accuracy: 51.420
epoch - 24 loss: 1.320 accuracy: 52.375
epoch - 25 loss: 1.312 accuracy: 52.242
epoch - 26 loss: 1.304 accuracy: 52.688
epoch - 27 loss: 1.295 accuracy: 53.120
epoch - 28 loss: 1.290 accuracy: 53.388
epoch - 29 loss: 1.276 accuracy: 53.748
epoch - 30 loss: 1.276 accuracy: 53.928 val_loss: 1.370 val_acc: 50.630
epoch - 31 loss: 1.268 accuracy: 54.030
epoch - 32 loss: 1.261 accuracy: 54.305
epoch - 33 loss: 1.257 accuracy: 54.365
epoch - 34 loss: 1.248 accuracy: 54.915
epoch - 35 loss: 1.234 accuracy: 55.153
epoch - 36 loss: 1.230 accuracy: 55.612
epoch - 37 loss: 1.227 accuracy: 55.468
epoch - 38 loss: 1.218 accuracy: 55.990
epoch - 39 loss: 1.215 accuracy: 56.252
epoch - 40 loss: 1.207 accuracy: 56.472 val_loss: 1.345 val_acc: 52.720
epoch - 41 loss: 1.198 accuracy: 56.587
epoch - 42 loss: 1.202 accuracy: 56.500
epoch - 43 loss: 1.195 accuracy: 56.828
epoch - 44 loss: 1.186 accuracy: 57.245
epoch - 45 loss: 1.186 accuracy: 57.285
epoch - 46 loss: 1.169 accuracy: 57.940
epoch - 47 loss: 1.176 accuracy: 57.557
epoch - 48 loss: 1.167 accuracy: 58.165
epoch - 49 loss: 1.163 accuracy: 58.040
epoch - 50 loss: 1.152 accuracy: 58.415 val_loss: 1.278 val_acc: 54.870
epoch - 51 loss: 1.152 accuracy: 58.530
epoch - 52 loss: 1.149 accuracy: 58.510
epoch - 53 loss: 1.145 accuracy: 58.785
epoch - 54 loss: 1.134 accuracy: 59.005
epoch - 55 loss: 1.136 accuracy: 58.998
epoch - 56 loss: 1.130 accuracy: 59.305
epoch - 57 loss: 1.125 accuracy: 59.455
epoch - 58 loss: 1.117 accuracy: 59.725
epoch - 59 loss: 1.121 accuracy: 59.565
epoch - 60 loss: 1.107 accuracy: 60.087 val_loss: 1.219 val_acc: 57.070
epoch - 61 loss: 1.110 accuracy: 60.065
epoch - 62 loss: 1.104 accuracy: 60.248
epoch - 63 loss: 1.103 accuracy: 60.305
epoch - 64 loss: 1.100 accuracy: 60.460
epoch - 65 loss: 1.091 accuracy: 60.542
epoch - 66 loss: 1.093 accuracy: 60.587
epoch - 67 loss: 1.086 accuracy: 61.025
epoch - 68 loss: 1.081 accuracy: 61.167
epoch - 69 loss: 1.076 accuracy: 61.190
epoch - 70 loss: 1.072 accuracy: 61.388 val_loss: 1.207 val_acc: 57.980
epoch - 71 loss: 1.073 accuracy: 61.312
epoch - 72 loss: 1.064 accuracy: 61.810
epoch - 73 loss: 1.059 accuracy: 61.600
epoch - 74 loss: 1.063 accuracy: 61.610
epoch - 75 loss: 1.062 accuracy: 61.953
epoch - 76 loss: 1.052 accuracy: 62.160
epoch - 77 loss: 1.054 accuracy: 61.950
epoch - 78 loss: 1.051 accuracy: 62.208
epoch - 79 loss: 1.044 accuracy: 62.490
epoch - 80 loss: 1.040 accuracy: 62.617 val_loss: 1.159 val_acc: 59.530
epoch - 81 loss: 1.037 accuracy: 62.895
epoch - 82 loss: 1.037 accuracy: 62.833
epoch - 83 loss: 1.033 accuracy: 62.803
epoch - 84 loss: 1.032 accuracy: 62.727
epoch - 85 loss: 1.027 accuracy: 62.928
epoch - 86 loss: 1.020 accuracy: 63.635
epoch - 87 loss: 1.015 accuracy: 63.685
epoch - 88 loss: 1.019 accuracy: 63.297
epoch - 89 loss: 1.009 accuracy: 63.517
epoch - 90 loss: 1.008 accuracy: 64.055 val_loss: 1.150 val_acc: 60.000
epoch - 91 loss: 1.008 accuracy: 63.505
epoch - 92 loss: 1.002 accuracy: 64.052
epoch - 93 loss: 1.000 accuracy: 64.183
epoch - 94 loss: 1.001 accuracy: 63.860
epoch - 95 loss: 0.991 accuracy: 64.300
epoch - 96 loss: 0.989 accuracy: 64.912
epoch - 97 loss: 0.990 accuracy: 64.293
epoch - 98 loss: 0.988 accuracy: 64.420
epoch - 99 loss: 0.992 accuracy: 64.050
Finished training
Test loss: 1.125 accuracy: 60.760
Patch shuffle test loss for patch-size 16: 1.124950534105301 accuracy: 60.76
Patch shuffle test loss for patch-size 8: 1.1249505668878554 accuracy: 60.76
Done: N-shuffletruffle-Attention
