==============================
Job ID     : 15761
Array ID   : 5
Model      : N-shuffletruffle-CNN
Node       : lair-g7
GPU        : NVIDIA L40S
==============================
Net_N_shuffletruffle_CNN(
  (patch_encoder): Sequential(
    (0): Conv2d(3, 16, kernel_size=(3, 3), stride=(1, 1), padding=(1, 1), bias=False)
    (1): BatchNorm2d(16, eps=1e-05, momentum=0.1, affine=True, track_running_stats=True)
    (2): ReLU(inplace=True)
    (3): ResidualBlock(
      (conv1): Conv2d(16, 16, kernel_size=(3, 3), stride=(1, 1), padding=(1, 1), bias=False)
      (bn1): BatchNorm2d(16, eps=1e-05, momentum=0.1, affine=True, track_running_stats=True)
      (relu): ReLU(inplace=True)
      (dropout): Dropout2d(p=0.1, inplace=False)
      (conv2): Conv2d(16, 16, kernel_size=(3, 3), stride=(1, 1), padding=(1, 1), bias=False)
      (bn2): BatchNorm2d(16, eps=1e-05, momentum=0.1, affine=True, track_running_stats=True)
      (shortcut): Identity()
    )
    (4): ResidualBlock(
      (conv1): Conv2d(16, 32, kernel_size=(3, 3), stride=(2, 2), padding=(1, 1), bias=False)
      (bn1): BatchNorm2d(32, eps=1e-05, momentum=0.1, affine=True, track_running_stats=True)
      (relu): ReLU(inplace=True)
      (dropout): Dropout2d(p=0.1, inplace=False)
      (conv2): Conv2d(32, 32, kernel_size=(3, 3), stride=(1, 1), padding=(1, 1), bias=False)
      (bn2): BatchNorm2d(32, eps=1e-05, momentum=0.1, affine=True, track_running_stats=True)
      (shortcut): Sequential(
        (0): Conv2d(16, 32, kernel_size=(1, 1), stride=(2, 2), bias=False)
        (1): BatchNorm2d(32, eps=1e-05, momentum=0.1, affine=True, track_running_stats=True)
      )
    )
    (5): ResidualBlock(
      (conv1): Conv2d(32, 64, kernel_size=(3, 3), stride=(2, 2), padding=(1, 1), bias=False)
      (bn1): BatchNorm2d(64, eps=1e-05, momentum=0.1, affine=True, track_running_stats=True)
      (relu): ReLU(inplace=True)
      (dropout): Dropout2d(p=0.1, inplace=False)
      (conv2): Conv2d(64, 64, kernel_size=(3, 3), stride=(1, 1), padding=(1, 1), bias=False)
      (bn2): BatchNorm2d(64, eps=1e-05, momentum=0.1, affine=True, track_running_stats=True)
      (shortcut): Sequential(
        (0): Conv2d(32, 64, kernel_size=(1, 1), stride=(2, 2), bias=False)
        (1): BatchNorm2d(64, eps=1e-05, momentum=0.1, affine=True, track_running_stats=True)
      )
    )
    (6): AdaptiveAvgPool2d(output_size=(1, 1))
  )
  (classifier): Sequential(
    (0): Linear(in_features=64, out_features=32, bias=True)
    (1): GELU(approximate='none')
    (2): Dropout(p=0.3, inplace=False)
    (3): Linear(in_features=32, out_features=10, bias=True)
  )
)
epoch - 0 loss: 2.213 accuracy: 16.095 val_loss: 2.086 val_acc: 17.500
epoch - 1 loss: 2.058 accuracy: 21.865
epoch - 2 loss: 1.978 accuracy: 24.738
epoch - 3 loss: 1.905 accuracy: 27.290
epoch - 4 loss: 1.853 accuracy: 28.580
epoch - 5 loss: 1.811 accuracy: 30.175
epoch - 6 loss: 1.775 accuracy: 31.455
epoch - 7 loss: 1.751 accuracy: 32.807
epoch - 8 loss: 1.724 accuracy: 33.630
epoch - 9 loss: 1.704 accuracy: 34.930
epoch - 10 loss: 1.683 accuracy: 36.102 val_loss: 1.642 val_acc: 38.650
epoch - 11 loss: 1.662 accuracy: 36.885
epoch - 12 loss: 1.642 accuracy: 38.105
epoch - 13 loss: 1.625 accuracy: 38.843
epoch - 14 loss: 1.606 accuracy: 39.550
epoch - 15 loss: 1.595 accuracy: 40.035
epoch - 16 loss: 1.582 accuracy: 40.892
epoch - 17 loss: 1.569 accuracy: 41.237
epoch - 18 loss: 1.559 accuracy: 41.795
epoch - 19 loss: 1.546 accuracy: 42.415
epoch - 20 loss: 1.535 accuracy: 43.005 val_loss: 1.506 val_acc: 44.290
epoch - 21 loss: 1.524 accuracy: 43.367
epoch - 22 loss: 1.519 accuracy: 43.520
epoch - 23 loss: 1.514 accuracy: 43.650
epoch - 24 loss: 1.505 accuracy: 44.087
epoch - 25 loss: 1.497 accuracy: 44.737
epoch - 26 loss: 1.492 accuracy: 44.535
epoch - 27 loss: 1.490 accuracy: 45.087
epoch - 28 loss: 1.474 accuracy: 45.528
epoch - 29 loss: 1.468 accuracy: 45.805
epoch - 30 loss: 1.466 accuracy: 46.178 val_loss: 1.421 val_acc: 48.550
epoch - 31 loss: 1.465 accuracy: 46.095
epoch - 32 loss: 1.453 accuracy: 46.428
epoch - 33 loss: 1.445 accuracy: 46.750
epoch - 34 loss: 1.443 accuracy: 47.013
epoch - 35 loss: 1.436 accuracy: 47.367
epoch - 36 loss: 1.434 accuracy: 47.185
epoch - 37 loss: 1.427 accuracy: 47.575
epoch - 38 loss: 1.419 accuracy: 48.127
epoch - 39 loss: 1.413 accuracy: 48.260
epoch - 40 loss: 1.419 accuracy: 48.218 val_loss: 1.371 val_acc: 50.670
epoch - 41 loss: 1.408 accuracy: 48.620
epoch - 42 loss: 1.404 accuracy: 48.947
epoch - 43 loss: 1.403 accuracy: 49.010
epoch - 44 loss: 1.394 accuracy: 49.038
epoch - 45 loss: 1.393 accuracy: 49.127
epoch - 46 loss: 1.382 accuracy: 49.365
epoch - 47 loss: 1.382 accuracy: 49.520
epoch - 48 loss: 1.378 accuracy: 50.038
epoch - 49 loss: 1.374 accuracy: 49.513
epoch - 50 loss: 1.373 accuracy: 50.145 val_loss: 1.335 val_acc: 51.990
epoch - 51 loss: 1.369 accuracy: 50.097
epoch - 52 loss: 1.364 accuracy: 50.288
epoch - 53 loss: 1.366 accuracy: 50.170
epoch - 54 loss: 1.356 accuracy: 50.600
epoch - 55 loss: 1.356 accuracy: 50.557
epoch - 56 loss: 1.354 accuracy: 50.835
epoch - 57 loss: 1.347 accuracy: 50.888
epoch - 58 loss: 1.349 accuracy: 50.812
epoch - 59 loss: 1.338 accuracy: 51.477
epoch - 60 loss: 1.338 accuracy: 51.250 val_loss: 1.327 val_acc: 52.800
epoch - 61 loss: 1.337 accuracy: 51.765
epoch - 62 loss: 1.332 accuracy: 51.892
epoch - 63 loss: 1.328 accuracy: 51.917
epoch - 64 loss: 1.331 accuracy: 51.428
epoch - 65 loss: 1.324 accuracy: 51.975
epoch - 66 loss: 1.322 accuracy: 52.030
epoch - 67 loss: 1.321 accuracy: 52.225
epoch - 68 loss: 1.314 accuracy: 52.280
epoch - 69 loss: 1.319 accuracy: 52.222
epoch - 70 loss: 1.309 accuracy: 52.415 val_loss: 1.295 val_acc: 53.860
epoch - 71 loss: 1.313 accuracy: 52.505
epoch - 72 loss: 1.309 accuracy: 52.943
epoch - 73 loss: 1.304 accuracy: 52.845
epoch - 74 loss: 1.302 accuracy: 52.778
epoch - 75 loss: 1.299 accuracy: 52.708
epoch - 76 loss: 1.299 accuracy: 53.042
epoch - 77 loss: 1.290 accuracy: 53.390
epoch - 78 loss: 1.290 accuracy: 53.388
epoch - 79 loss: 1.293 accuracy: 53.438
epoch - 80 loss: 1.283 accuracy: 53.608 val_loss: 1.261 val_acc: 54.570
epoch - 81 loss: 1.279 accuracy: 54.130
epoch - 82 loss: 1.286 accuracy: 53.248
epoch - 83 loss: 1.281 accuracy: 53.892
epoch - 84 loss: 1.278 accuracy: 53.642
epoch - 85 loss: 1.277 accuracy: 53.765
epoch - 86 loss: 1.275 accuracy: 53.883
epoch - 87 loss: 1.273 accuracy: 54.125
epoch - 88 loss: 1.272 accuracy: 54.337
epoch - 89 loss: 1.268 accuracy: 54.398
epoch - 90 loss: 1.266 accuracy: 54.230 val_loss: 1.236 val_acc: 55.450
epoch - 91 loss: 1.268 accuracy: 54.135
epoch - 92 loss: 1.264 accuracy: 54.367
epoch - 93 loss: 1.265 accuracy: 54.492
epoch - 94 loss: 1.264 accuracy: 54.292
epoch - 95 loss: 1.256 accuracy: 54.657
epoch - 96 loss: 1.252 accuracy: 54.815
epoch - 97 loss: 1.247 accuracy: 54.818
epoch - 98 loss: 1.254 accuracy: 54.822
epoch - 99 loss: 1.258 accuracy: 54.780
Finished training
Test loss: 1.210 accuracy: 56.080
Patch shuffle test loss for patch-size 16: 1.2096412628889084 accuracy: 56.08
Patch shuffle test loss for patch-size 8: 1.209641271829605 accuracy: 56.08
Done: N-shuffletruffle-CNN
