==============================
Job ID     : 15763
Array ID   : 7
Model      : D-shuffletruffle-Attention
Node       : lair-g7
GPU        : NVIDIA L40S
==============================
Net_D_shuffletruffle_Attention(
  (patch_embed): Linear(in_features=768, out_features=128, bias=True)
  (embed_norm): LayerNorm((128,), eps=1e-05, elementwise_affine=True)
  (blocks): ModuleList(
    (0-3): 4 x TransformerBlock(
      (norm1): LayerNorm((128,), eps=1e-05, elementwise_affine=True)
      (attn): MultiheadAttention(
        (out_proj): NonDynamicallyQuantizableLinear(in_features=128, out_features=128, bias=True)
      )
      (norm2): LayerNorm((128,), eps=1e-05, elementwise_affine=True)
      (mlp): Sequential(
        (0): Linear(in_features=128, out_features=512, bias=True)
        (1): GELU(approximate='none')
        (2): Dropout(p=0.1, inplace=False)
        (3): Linear(in_features=512, out_features=128, bias=True)
        (4): Dropout(p=0.1, inplace=False)
      )
    )
  )
  (norm): LayerNorm((128,), eps=1e-05, elementwise_affine=True)
  (classifier): Sequential(
    (0): Linear(in_features=128, out_features=256, bias=True)
    (1): GELU(approximate='none')
    (2): Dropout(p=0.1, inplace=False)
    (3): Linear(in_features=256, out_features=10, bias=True)
  )
)
epoch - 0 loss: 2.036 accuracy: 24.593 val_loss: 1.956 val_acc: 29.420
epoch - 1 loss: 1.878 accuracy: 31.098
epoch - 2 loss: 1.791 accuracy: 34.220
epoch - 3 loss: 1.736 accuracy: 36.252
epoch - 4 loss: 1.697 accuracy: 37.867
epoch - 5 loss: 1.666 accuracy: 39.015
epoch - 6 loss: 1.647 accuracy: 39.675
epoch - 7 loss: 1.628 accuracy: 40.285
epoch - 8 loss: 1.611 accuracy: 41.197
epoch - 9 loss: 1.589 accuracy: 42.030
epoch - 10 loss: 1.576 accuracy: 42.447 val_loss: 1.778 val_acc: 36.470
epoch - 11 loss: 1.566 accuracy: 43.080
epoch - 12 loss: 1.550 accuracy: 43.800
epoch - 13 loss: 1.538 accuracy: 44.097
epoch - 14 loss: 1.526 accuracy: 44.487
epoch - 15 loss: 1.513 accuracy: 44.680
epoch - 16 loss: 1.501 accuracy: 45.307
epoch - 17 loss: 1.491 accuracy: 45.803
epoch - 18 loss: 1.486 accuracy: 46.040
epoch - 19 loss: 1.477 accuracy: 46.445
epoch - 20 loss: 1.469 accuracy: 46.557 val_loss: 1.694 val_acc: 40.680
epoch - 21 loss: 1.460 accuracy: 46.877
epoch - 22 loss: 1.455 accuracy: 47.205
epoch - 23 loss: 1.437 accuracy: 48.047
epoch - 24 loss: 1.438 accuracy: 47.892
epoch - 25 loss: 1.430 accuracy: 48.373
epoch - 26 loss: 1.423 accuracy: 48.640
epoch - 27 loss: 1.415 accuracy: 48.735
epoch - 28 loss: 1.412 accuracy: 48.653
epoch - 29 loss: 1.405 accuracy: 49.185
epoch - 30 loss: 1.399 accuracy: 49.565 val_loss: 1.605 val_acc: 43.840
epoch - 31 loss: 1.400 accuracy: 49.297
epoch - 32 loss: 1.392 accuracy: 49.513
epoch - 33 loss: 1.380 accuracy: 50.240
epoch - 34 loss: 1.374 accuracy: 50.145
epoch - 35 loss: 1.369 accuracy: 50.483
epoch - 36 loss: 1.357 accuracy: 50.892
epoch - 37 loss: 1.359 accuracy: 50.950
epoch - 38 loss: 1.356 accuracy: 51.195
epoch - 39 loss: 1.357 accuracy: 51.035
epoch - 40 loss: 1.348 accuracy: 51.385 val_loss: 1.583 val_acc: 44.820
epoch - 41 loss: 1.343 accuracy: 51.472
epoch - 42 loss: 1.336 accuracy: 51.708
epoch - 43 loss: 1.334 accuracy: 51.873
epoch - 44 loss: 1.327 accuracy: 51.905
epoch - 45 loss: 1.327 accuracy: 51.998
epoch - 46 loss: 1.320 accuracy: 52.365
epoch - 47 loss: 1.323 accuracy: 52.343
epoch - 48 loss: 1.314 accuracy: 52.750
epoch - 49 loss: 1.307 accuracy: 52.785
epoch - 50 loss: 1.305 accuracy: 53.115 val_loss: 1.529 val_acc: 45.990
epoch - 51 loss: 1.303 accuracy: 53.245
epoch - 52 loss: 1.297 accuracy: 53.472
epoch - 53 loss: 1.297 accuracy: 53.280
epoch - 54 loss: 1.295 accuracy: 53.237
epoch - 55 loss: 1.290 accuracy: 53.520
epoch - 56 loss: 1.280 accuracy: 53.903
epoch - 57 loss: 1.284 accuracy: 53.720
epoch - 58 loss: 1.281 accuracy: 53.697
epoch - 59 loss: 1.271 accuracy: 54.487
epoch - 60 loss: 1.270 accuracy: 54.182 val_loss: 1.490 val_acc: 48.570
epoch - 61 loss: 1.263 accuracy: 54.678
epoch - 62 loss: 1.261 accuracy: 54.390
epoch - 63 loss: 1.257 accuracy: 54.517
epoch - 64 loss: 1.254 accuracy: 54.780
epoch - 65 loss: 1.254 accuracy: 54.920
epoch - 66 loss: 1.249 accuracy: 54.968
epoch - 67 loss: 1.252 accuracy: 55.095
epoch - 68 loss: 1.240 accuracy: 55.343
epoch - 69 loss: 1.236 accuracy: 55.420
epoch - 70 loss: 1.235 accuracy: 55.775 val_loss: 1.450 val_acc: 49.520
epoch - 71 loss: 1.231 accuracy: 55.938
epoch - 72 loss: 1.234 accuracy: 55.822
epoch - 73 loss: 1.228 accuracy: 55.797
epoch - 74 loss: 1.223 accuracy: 55.938
epoch - 75 loss: 1.220 accuracy: 55.980
epoch - 76 loss: 1.217 accuracy: 56.248
epoch - 77 loss: 1.214 accuracy: 56.517
epoch - 78 loss: 1.213 accuracy: 56.425
epoch - 79 loss: 1.210 accuracy: 56.322
epoch - 80 loss: 1.207 accuracy: 56.365 val_loss: 1.412 val_acc: 51.080
epoch - 81 loss: 1.204 accuracy: 56.690
epoch - 82 loss: 1.200 accuracy: 56.885
epoch - 83 loss: 1.195 accuracy: 57.182
epoch - 84 loss: 1.196 accuracy: 57.078
epoch - 85 loss: 1.192 accuracy: 57.045
epoch - 86 loss: 1.191 accuracy: 57.295
epoch - 87 loss: 1.186 accuracy: 57.315
epoch - 88 loss: 1.186 accuracy: 57.487
epoch - 89 loss: 1.178 accuracy: 57.862
epoch - 90 loss: 1.186 accuracy: 57.237 val_loss: 1.391 val_acc: 51.150
epoch - 91 loss: 1.178 accuracy: 57.852
epoch - 92 loss: 1.177 accuracy: 57.797
epoch - 93 loss: 1.172 accuracy: 57.642
epoch - 94 loss: 1.165 accuracy: 58.292
epoch - 95 loss: 1.162 accuracy: 58.440
epoch - 96 loss: 1.162 accuracy: 57.913
epoch - 97 loss: 1.154 accuracy: 58.540
epoch - 98 loss: 1.156 accuracy: 58.415
epoch - 99 loss: 1.152 accuracy: 58.572
Finished training
Test loss: 1.365 accuracy: 51.780
Patch shuffle test loss for patch-size 16: 1.364952978491783 accuracy: 51.78
Patch shuffle test loss for patch-size 8: 2.187066966295242 accuracy: 28.26
Done: D-shuffletruffle-Attention
