==============================
Job ID     : 15760
Array ID   : 4
Model      : D-shuffletruffle-CNN
Node       : lair-g7
GPU        : NVIDIA L40S
==============================
Net_D_shuffletruffle_CNN(
  (patch_encoder): Sequential(
    (0): Conv2d(3, 32, kernel_size=(3, 3), stride=(1, 1), padding=(1, 1), bias=False)
    (1): BatchNorm2d(32, eps=1e-05, momentum=0.1, affine=True, track_running_stats=True)
    (2): ReLU(inplace=True)
    (3): ResidualBlock(
      (conv1): Conv2d(32, 32, kernel_size=(3, 3), stride=(1, 1), padding=(1, 1), bias=False)
      (bn1): BatchNorm2d(32, eps=1e-05, momentum=0.1, affine=True, track_running_stats=True)
      (relu): ReLU(inplace=True)
      (dropout): Dropout2d(p=0.1, inplace=False)
      (conv2): Conv2d(32, 32, kernel_size=(3, 3), stride=(1, 1), padding=(1, 1), bias=False)
      (bn2): BatchNorm2d(32, eps=1e-05, momentum=0.1, affine=True, track_running_stats=True)
      (shortcut): Identity()
    )
    (4): ResidualBlock(
      (conv1): Conv2d(32, 64, kernel_size=(3, 3), stride=(2, 2), padding=(1, 1), bias=False)
      (bn1): BatchNorm2d(64, eps=1e-05, momentum=0.1, affine=True, track_running_stats=True)
      (relu): ReLU(inplace=True)
      (dropout): Dropout2d(p=0.1, inplace=False)
      (conv2): Conv2d(64, 64, kernel_size=(3, 3), stride=(1, 1), padding=(1, 1), bias=False)
      (bn2): BatchNorm2d(64, eps=1e-05, momentum=0.1, affine=True, track_running_stats=True)
      (shortcut): Sequential(
        (0): Conv2d(32, 64, kernel_size=(1, 1), stride=(2, 2), bias=False)
        (1): BatchNorm2d(64, eps=1e-05, momentum=0.1, affine=True, track_running_stats=True)
      )
    )
    (5): ResidualBlock(
      (conv1): Conv2d(64, 128, kernel_size=(3, 3), stride=(2, 2), padding=(1, 1), bias=False)
      (bn1): BatchNorm2d(128, eps=1e-05, momentum=0.1, affine=True, track_running_stats=True)
      (relu): ReLU(inplace=True)
      (dropout): Dropout2d(p=0.1, inplace=False)
      (conv2): Conv2d(128, 128, kernel_size=(3, 3), stride=(1, 1), padding=(1, 1), bias=False)
      (bn2): BatchNorm2d(128, eps=1e-05, momentum=0.1, affine=True, track_running_stats=True)
      (shortcut): Sequential(
        (0): Conv2d(64, 128, kernel_size=(1, 1), stride=(2, 2), bias=False)
        (1): BatchNorm2d(128, eps=1e-05, momentum=0.1, affine=True, track_running_stats=True)
      )
    )
    (6): AdaptiveAvgPool2d(output_size=(1, 1))
  )
  (classifier): Sequential(
    (0): Linear(in_features=128, out_features=64, bias=True)
    (1): GELU(approximate='none')
    (2): Dropout(p=0.3, inplace=False)
    (3): Linear(in_features=64, out_features=10, bias=True)
  )
)
epoch - 0 loss: 2.070 accuracy: 23.035 val_loss: 1.908 val_acc: 28.670
epoch - 1 loss: 1.822 accuracy: 30.753
epoch - 2 loss: 1.720 accuracy: 34.575
epoch - 3 loss: 1.657 accuracy: 37.367
epoch - 4 loss: 1.599 accuracy: 40.275
epoch - 5 loss: 1.553 accuracy: 41.917
epoch - 6 loss: 1.507 accuracy: 43.905
epoch - 7 loss: 1.466 accuracy: 45.560
epoch - 8 loss: 1.432 accuracy: 47.290
epoch - 9 loss: 1.403 accuracy: 48.608
epoch - 10 loss: 1.373 accuracy: 50.127 val_loss: 1.288 val_acc: 53.020
epoch - 11 loss: 1.355 accuracy: 50.833
epoch - 12 loss: 1.329 accuracy: 51.703
epoch - 13 loss: 1.311 accuracy: 52.090
epoch - 14 loss: 1.294 accuracy: 53.153
epoch - 15 loss: 1.280 accuracy: 53.508
epoch - 16 loss: 1.258 accuracy: 54.485
epoch - 17 loss: 1.245 accuracy: 55.273
epoch - 18 loss: 1.236 accuracy: 55.560
epoch - 19 loss: 1.219 accuracy: 55.917
epoch - 20 loss: 1.207 accuracy: 56.697 val_loss: 1.149 val_acc: 59.460
epoch - 21 loss: 1.200 accuracy: 56.792
epoch - 22 loss: 1.184 accuracy: 57.333
epoch - 23 loss: 1.170 accuracy: 57.883
epoch - 24 loss: 1.166 accuracy: 58.062
epoch - 25 loss: 1.156 accuracy: 58.085
epoch - 26 loss: 1.148 accuracy: 58.815
epoch - 27 loss: 1.146 accuracy: 58.977
epoch - 28 loss: 1.130 accuracy: 59.337
epoch - 29 loss: 1.125 accuracy: 59.725
epoch - 30 loss: 1.116 accuracy: 59.900 val_loss: 1.057 val_acc: 63.170
epoch - 31 loss: 1.111 accuracy: 60.352
epoch - 32 loss: 1.106 accuracy: 60.445
epoch - 33 loss: 1.095 accuracy: 61.055
epoch - 34 loss: 1.093 accuracy: 60.782
epoch - 35 loss: 1.085 accuracy: 61.240
epoch - 36 loss: 1.073 accuracy: 61.663
epoch - 37 loss: 1.068 accuracy: 62.190
epoch - 38 loss: 1.065 accuracy: 62.108
epoch - 39 loss: 1.058 accuracy: 62.278
epoch - 40 loss: 1.051 accuracy: 62.877 val_loss: 1.002 val_acc: 64.740
epoch - 41 loss: 1.049 accuracy: 62.712
epoch - 42 loss: 1.046 accuracy: 62.670
epoch - 43 loss: 1.040 accuracy: 63.078
epoch - 44 loss: 1.035 accuracy: 63.097
epoch - 45 loss: 1.028 accuracy: 63.505
epoch - 46 loss: 1.021 accuracy: 63.670
epoch - 47 loss: 1.027 accuracy: 63.495
epoch - 48 loss: 1.014 accuracy: 64.093
epoch - 49 loss: 1.013 accuracy: 64.040
epoch - 50 loss: 1.007 accuracy: 64.228 val_loss: 0.975 val_acc: 65.980
epoch - 51 loss: 1.004 accuracy: 64.475
epoch - 52 loss: 0.996 accuracy: 64.415
epoch - 53 loss: 0.993 accuracy: 64.640
epoch - 54 loss: 0.992 accuracy: 64.710
epoch - 55 loss: 0.983 accuracy: 65.060
epoch - 56 loss: 0.982 accuracy: 65.198
epoch - 57 loss: 0.974 accuracy: 65.582
epoch - 58 loss: 0.978 accuracy: 65.405
epoch - 59 loss: 0.970 accuracy: 65.600
epoch - 60 loss: 0.964 accuracy: 65.922 val_loss: 0.940 val_acc: 66.980
epoch - 61 loss: 0.963 accuracy: 65.975
epoch - 62 loss: 0.962 accuracy: 65.918
epoch - 63 loss: 0.957 accuracy: 65.955
epoch - 64 loss: 0.950 accuracy: 66.475
epoch - 65 loss: 0.950 accuracy: 66.287
epoch - 66 loss: 0.947 accuracy: 66.442
epoch - 67 loss: 0.946 accuracy: 66.580
epoch - 68 loss: 0.938 accuracy: 66.858
epoch - 69 loss: 0.939 accuracy: 66.805
epoch - 70 loss: 0.936 accuracy: 66.620 val_loss: 0.890 val_acc: 69.160
epoch - 71 loss: 0.935 accuracy: 66.877
epoch - 72 loss: 0.927 accuracy: 67.265
epoch - 73 loss: 0.923 accuracy: 67.267
epoch - 74 loss: 0.919 accuracy: 67.698
epoch - 75 loss: 0.921 accuracy: 67.558
epoch - 76 loss: 0.921 accuracy: 67.358
epoch - 77 loss: 0.911 accuracy: 67.907
epoch - 78 loss: 0.910 accuracy: 68.005
epoch - 79 loss: 0.911 accuracy: 67.942
epoch - 80 loss: 0.908 accuracy: 67.920 val_loss: 0.867 val_acc: 69.570
epoch - 81 loss: 0.898 accuracy: 68.213
epoch - 82 loss: 0.902 accuracy: 68.282
epoch - 83 loss: 0.895 accuracy: 68.400
epoch - 84 loss: 0.900 accuracy: 68.448
epoch - 85 loss: 0.894 accuracy: 68.528
epoch - 86 loss: 0.883 accuracy: 68.612
epoch - 87 loss: 0.876 accuracy: 69.052
epoch - 88 loss: 0.884 accuracy: 68.720
epoch - 89 loss: 0.882 accuracy: 68.963
epoch - 90 loss: 0.880 accuracy: 68.968 val_loss: 0.840 val_acc: 70.770
epoch - 91 loss: 0.885 accuracy: 69.002
epoch - 92 loss: 0.872 accuracy: 69.373
epoch - 93 loss: 0.867 accuracy: 69.555
epoch - 94 loss: 0.873 accuracy: 69.222
epoch - 95 loss: 0.868 accuracy: 69.550
epoch - 96 loss: 0.860 accuracy: 69.578
epoch - 97 loss: 0.864 accuracy: 69.575
epoch - 98 loss: 0.860 accuracy: 69.890
epoch - 99 loss: 0.854 accuracy: 70.010
Finished training
Test loss: 0.822 accuracy: 70.890
Patch shuffle test loss for patch-size 16: 0.8220976814627647 accuracy: 70.89
Patch shuffle test loss for patch-size 8: 1.6462303876876831 accuracy: 47.57
Done: D-shuffletruffle-CNN
