==============================
Job ID     : 15765
Array ID   : 0
Model      : Plain-Old-CIFAR10-FC
Node       : lair-g2
GPU        : NVIDIA L40S
==============================
Net_FC(
  (flatten): Flatten(start_dim=1, end_dim=-1)
  (fc): Sequential(
    (0): Linear(in_features=3072, out_features=512, bias=True)
    (1): BatchNorm1d(512, eps=1e-05, momentum=0.1, affine=True, track_running_stats=True)
    (2): ReLU()
    (3): Linear(in_features=512, out_features=256, bias=True)
    (4): BatchNorm1d(256, eps=1e-05, momentum=0.1, affine=True, track_running_stats=True)
    (5): ReLU()
    (6): Linear(in_features=256, out_features=128, bias=True)
    (7): BatchNorm1d(128, eps=1e-05, momentum=0.1, affine=True, track_running_stats=True)
    (8): ReLU()
    (9): Linear(in_features=128, out_features=10, bias=True)
  )
)
epoch - 0 loss: 1.931 accuracy: 31.710 val_loss: 1.742 val_acc: 40.010
epoch - 1 loss: 1.734 accuracy: 38.682
epoch - 2 loss: 1.654 accuracy: 40.875
epoch - 3 loss: 1.604 accuracy: 43.005
epoch - 4 loss: 1.567 accuracy: 44.365
epoch - 5 loss: 1.529 accuracy: 44.992
epoch - 6 loss: 1.506 accuracy: 46.312
epoch - 7 loss: 1.489 accuracy: 46.510
epoch - 8 loss: 1.470 accuracy: 47.252
epoch - 9 loss: 1.456 accuracy: 47.735
epoch - 10 loss: 1.441 accuracy: 48.258 val_loss: 1.388 val_acc: 50.480
epoch - 11 loss: 1.427 accuracy: 48.703
epoch - 12 loss: 1.414 accuracy: 49.273
epoch - 13 loss: 1.404 accuracy: 49.833
epoch - 14 loss: 1.392 accuracy: 49.950
epoch - 15 loss: 1.378 accuracy: 50.807
epoch - 16 loss: 1.374 accuracy: 50.608
epoch - 17 loss: 1.372 accuracy: 50.500
epoch - 18 loss: 1.359 accuracy: 51.035
epoch - 19 loss: 1.349 accuracy: 51.328
epoch - 20 loss: 1.346 accuracy: 51.605 val_loss: 1.307 val_acc: 53.990
epoch - 21 loss: 1.333 accuracy: 52.310
epoch - 22 loss: 1.331 accuracy: 52.102
epoch - 23 loss: 1.327 accuracy: 52.718
epoch - 24 loss: 1.315 accuracy: 52.898
epoch - 25 loss: 1.317 accuracy: 52.947
epoch - 26 loss: 1.306 accuracy: 53.225
epoch - 27 loss: 1.307 accuracy: 53.157
epoch - 28 loss: 1.301 accuracy: 53.392
epoch - 29 loss: 1.293 accuracy: 53.700
epoch - 30 loss: 1.287 accuracy: 54.160 val_loss: 1.255 val_acc: 55.770
epoch - 31 loss: 1.284 accuracy: 54.013
epoch - 32 loss: 1.274 accuracy: 54.155
epoch - 33 loss: 1.272 accuracy: 54.343
epoch - 34 loss: 1.274 accuracy: 54.718
epoch - 35 loss: 1.262 accuracy: 54.825
epoch - 36 loss: 1.253 accuracy: 55.318
epoch - 37 loss: 1.254 accuracy: 55.010
epoch - 38 loss: 1.251 accuracy: 55.490
epoch - 39 loss: 1.246 accuracy: 55.150
epoch - 40 loss: 1.242 accuracy: 55.645 val_loss: 1.223 val_acc: 56.630
epoch - 41 loss: 1.243 accuracy: 55.432
epoch - 42 loss: 1.235 accuracy: 55.900
epoch - 43 loss: 1.232 accuracy: 55.760
epoch - 44 loss: 1.238 accuracy: 55.805
epoch - 45 loss: 1.220 accuracy: 56.347
epoch - 46 loss: 1.225 accuracy: 56.278
epoch - 47 loss: 1.216 accuracy: 56.525
epoch - 48 loss: 1.218 accuracy: 56.267
epoch - 49 loss: 1.210 accuracy: 56.837
epoch - 50 loss: 1.209 accuracy: 56.750 val_loss: 1.188 val_acc: 57.980
epoch - 51 loss: 1.211 accuracy: 56.440
epoch - 52 loss: 1.199 accuracy: 57.263
epoch - 53 loss: 1.200 accuracy: 57.180
epoch - 54 loss: 1.196 accuracy: 57.160
epoch - 55 loss: 1.199 accuracy: 57.095
epoch - 56 loss: 1.189 accuracy: 57.705
epoch - 57 loss: 1.184 accuracy: 57.803
epoch - 58 loss: 1.184 accuracy: 57.858
epoch - 59 loss: 1.184 accuracy: 57.583
epoch - 60 loss: 1.181 accuracy: 57.825 val_loss: 1.170 val_acc: 58.740
epoch - 61 loss: 1.176 accuracy: 58.178
epoch - 62 loss: 1.173 accuracy: 58.140
epoch - 63 loss: 1.173 accuracy: 58.115
epoch - 64 loss: 1.167 accuracy: 58.407
epoch - 65 loss: 1.161 accuracy: 58.612
epoch - 66 loss: 1.166 accuracy: 58.322
epoch - 67 loss: 1.160 accuracy: 58.750
epoch - 68 loss: 1.159 accuracy: 58.795
epoch - 69 loss: 1.152 accuracy: 58.835
epoch - 70 loss: 1.151 accuracy: 58.950 val_loss: 1.167 val_acc: 59.230
epoch - 71 loss: 1.152 accuracy: 59.053
epoch - 72 loss: 1.150 accuracy: 58.987
epoch - 73 loss: 1.144 accuracy: 59.115
epoch - 74 loss: 1.150 accuracy: 59.140
epoch - 75 loss: 1.141 accuracy: 59.337
epoch - 76 loss: 1.138 accuracy: 59.523
epoch - 77 loss: 1.137 accuracy: 59.685
epoch - 78 loss: 1.133 accuracy: 59.572
epoch - 79 loss: 1.136 accuracy: 59.453
epoch - 80 loss: 1.132 accuracy: 59.638 val_loss: 1.158 val_acc: 59.280
epoch - 81 loss: 1.129 accuracy: 59.740
epoch - 82 loss: 1.124 accuracy: 59.885
epoch - 83 loss: 1.128 accuracy: 59.940
epoch - 84 loss: 1.122 accuracy: 59.992
epoch - 85 loss: 1.119 accuracy: 60.112
epoch - 86 loss: 1.115 accuracy: 60.245
epoch - 87 loss: 1.108 accuracy: 60.395
epoch - 88 loss: 1.114 accuracy: 60.233
epoch - 89 loss: 1.109 accuracy: 60.515
epoch - 90 loss: 1.110 accuracy: 60.245 val_loss: 1.146 val_acc: 59.720
epoch - 91 loss: 1.105 accuracy: 60.623
epoch - 92 loss: 1.102 accuracy: 60.703
epoch - 93 loss: 1.104 accuracy: 60.610
epoch - 94 loss: 1.097 accuracy: 60.960
epoch - 95 loss: 1.100 accuracy: 60.580
epoch - 96 loss: 1.096 accuracy: 61.030
epoch - 97 loss: 1.099 accuracy: 60.825
epoch - 98 loss: 1.090 accuracy: 61.248
epoch - 99 loss: 1.089 accuracy: 61.035
Finished training
Test loss: 1.123 accuracy: 60.370
Patch shuffle test loss for patch-size 16: 2.3180174469947814 accuracy: 28.32
Patch shuffle test loss for patch-size 8: 2.580899727344513 accuracy: 21.63
Done: Plain-Old-CIFAR10-FC
