==============================
Job ID     : 15770
Array ID   : 5
Model      : N-shuffletruffle-CNN
Node       : lair-g7
GPU        : NVIDIA L40S
==============================
Net_N_shuffletruffle_CNN(
  (patch_encoder): Sequential(
    (0): Conv2d(3, 16, kernel_size=(3, 3), stride=(1, 1), padding=(1, 1), bias=False)
    (1): BatchNorm2d(16, eps=1e-05, momentum=0.1, affine=True, track_running_stats=True)
    (2): ReLU(inplace=True)
    (3): ResidualBlock(
      (conv1): Conv2d(16, 16, kernel_size=(3, 3), stride=(1, 1), padding=(1, 1), bias=False)
      (bn1): BatchNorm2d(16, eps=1e-05, momentum=0.1, affine=True, track_running_stats=True)
      (relu): ReLU(inplace=True)
      (dropout): Dropout2d(p=0.1, inplace=False)
      (conv2): Conv2d(16, 16, kernel_size=(3, 3), stride=(1, 1), padding=(1, 1), bias=False)
      (bn2): BatchNorm2d(16, eps=1e-05, momentum=0.1, affine=True, track_running_stats=True)
      (shortcut): Identity()
    )
    (4): ResidualBlock(
      (conv1): Conv2d(16, 32, kernel_size=(3, 3), stride=(2, 2), padding=(1, 1), bias=False)
      (bn1): BatchNorm2d(32, eps=1e-05, momentum=0.1, affine=True, track_running_stats=True)
      (relu): ReLU(inplace=True)
      (dropout): Dropout2d(p=0.1, inplace=False)
      (conv2): Conv2d(32, 32, kernel_size=(3, 3), stride=(1, 1), padding=(1, 1), bias=False)
      (bn2): BatchNorm2d(32, eps=1e-05, momentum=0.1, affine=True, track_running_stats=True)
      (shortcut): Sequential(
        (0): Conv2d(16, 32, kernel_size=(1, 1), stride=(2, 2), bias=False)
        (1): BatchNorm2d(32, eps=1e-05, momentum=0.1, affine=True, track_running_stats=True)
      )
    )
    (5): ResidualBlock(
      (conv1): Conv2d(32, 64, kernel_size=(3, 3), stride=(2, 2), padding=(1, 1), bias=False)
      (bn1): BatchNorm2d(64, eps=1e-05, momentum=0.1, affine=True, track_running_stats=True)
      (relu): ReLU(inplace=True)
      (dropout): Dropout2d(p=0.1, inplace=False)
      (conv2): Conv2d(64, 64, kernel_size=(3, 3), stride=(1, 1), padding=(1, 1), bias=False)
      (bn2): BatchNorm2d(64, eps=1e-05, momentum=0.1, affine=True, track_running_stats=True)
      (shortcut): Sequential(
        (0): Conv2d(32, 64, kernel_size=(1, 1), stride=(2, 2), bias=False)
        (1): BatchNorm2d(64, eps=1e-05, momentum=0.1, affine=True, track_running_stats=True)
      )
    )
    (6): AdaptiveAvgPool2d(output_size=(1, 1))
  )
  (classifier): Sequential(
    (0): Linear(in_features=64, out_features=32, bias=True)
    (1): GELU(approximate='none')
    (2): Dropout(p=0.3, inplace=False)
    (3): Linear(in_features=32, out_features=10, bias=True)
  )
)
epoch - 0 loss: 2.213 accuracy: 16.098 val_loss: 2.086 val_acc: 17.480
epoch - 1 loss: 2.058 accuracy: 21.883
epoch - 2 loss: 1.975 accuracy: 24.905
epoch - 3 loss: 1.903 accuracy: 27.405
epoch - 4 loss: 1.846 accuracy: 29.113
epoch - 5 loss: 1.807 accuracy: 30.420
epoch - 6 loss: 1.771 accuracy: 31.558
epoch - 7 loss: 1.744 accuracy: 32.883
epoch - 8 loss: 1.722 accuracy: 33.822
epoch - 9 loss: 1.698 accuracy: 34.995
epoch - 10 loss: 1.681 accuracy: 35.680 val_loss: 1.649 val_acc: 37.670
epoch - 11 loss: 1.659 accuracy: 37.225
epoch - 12 loss: 1.646 accuracy: 37.635
epoch - 13 loss: 1.626 accuracy: 38.665
epoch - 14 loss: 1.610 accuracy: 39.270
epoch - 15 loss: 1.592 accuracy: 40.130
epoch - 16 loss: 1.578 accuracy: 40.560
epoch - 17 loss: 1.564 accuracy: 41.697
epoch - 18 loss: 1.552 accuracy: 41.805
epoch - 19 loss: 1.546 accuracy: 42.250
epoch - 20 loss: 1.531 accuracy: 42.870 val_loss: 1.480 val_acc: 45.810
epoch - 21 loss: 1.523 accuracy: 43.875
epoch - 22 loss: 1.518 accuracy: 43.642
epoch - 23 loss: 1.511 accuracy: 43.812
epoch - 24 loss: 1.499 accuracy: 44.642
epoch - 25 loss: 1.498 accuracy: 44.740
epoch - 26 loss: 1.487 accuracy: 45.255
epoch - 27 loss: 1.487 accuracy: 44.697
epoch - 28 loss: 1.476 accuracy: 45.705
epoch - 29 loss: 1.467 accuracy: 46.153
epoch - 30 loss: 1.465 accuracy: 45.960 val_loss: 1.422 val_acc: 48.080
epoch - 31 loss: 1.452 accuracy: 46.487
epoch - 32 loss: 1.454 accuracy: 46.545
epoch - 33 loss: 1.452 accuracy: 46.520
epoch - 34 loss: 1.442 accuracy: 47.477
epoch - 35 loss: 1.442 accuracy: 47.182
epoch - 36 loss: 1.427 accuracy: 47.680
epoch - 37 loss: 1.429 accuracy: 47.502
epoch - 38 loss: 1.424 accuracy: 47.905
epoch - 39 loss: 1.417 accuracy: 47.910
epoch - 40 loss: 1.406 accuracy: 48.362 val_loss: 1.369 val_acc: 50.340
epoch - 41 loss: 1.402 accuracy: 48.898
epoch - 42 loss: 1.405 accuracy: 48.678
epoch - 43 loss: 1.398 accuracy: 48.602
epoch - 44 loss: 1.395 accuracy: 49.148
epoch - 45 loss: 1.386 accuracy: 49.715
epoch - 46 loss: 1.389 accuracy: 49.310
epoch - 47 loss: 1.384 accuracy: 49.410
epoch - 48 loss: 1.375 accuracy: 49.797
epoch - 49 loss: 1.380 accuracy: 49.593
epoch - 50 loss: 1.368 accuracy: 50.142 val_loss: 1.346 val_acc: 51.540
epoch - 51 loss: 1.368 accuracy: 50.335
epoch - 52 loss: 1.370 accuracy: 49.990
epoch - 53 loss: 1.361 accuracy: 50.388
epoch - 54 loss: 1.362 accuracy: 50.307
epoch - 55 loss: 1.356 accuracy: 50.602
epoch - 56 loss: 1.354 accuracy: 50.725
epoch - 57 loss: 1.349 accuracy: 50.682
epoch - 58 loss: 1.347 accuracy: 50.852
epoch - 59 loss: 1.344 accuracy: 51.023
epoch - 60 loss: 1.339 accuracy: 51.398 val_loss: 1.296 val_acc: 52.930
epoch - 61 loss: 1.336 accuracy: 51.328
epoch - 62 loss: 1.330 accuracy: 51.347
epoch - 63 loss: 1.336 accuracy: 51.538
epoch - 64 loss: 1.328 accuracy: 51.837
epoch - 65 loss: 1.318 accuracy: 52.260
epoch - 66 loss: 1.326 accuracy: 51.867
epoch - 67 loss: 1.325 accuracy: 51.843
epoch - 68 loss: 1.318 accuracy: 52.068
epoch - 69 loss: 1.315 accuracy: 52.242
epoch - 70 loss: 1.308 accuracy: 52.545 val_loss: 1.288 val_acc: 54.110
epoch - 71 loss: 1.311 accuracy: 52.620
epoch - 72 loss: 1.307 accuracy: 52.685
epoch - 73 loss: 1.306 accuracy: 52.678
epoch - 74 loss: 1.304 accuracy: 52.888
epoch - 75 loss: 1.299 accuracy: 52.755
epoch - 76 loss: 1.294 accuracy: 53.032
epoch - 77 loss: 1.292 accuracy: 52.975
epoch - 78 loss: 1.285 accuracy: 53.595
epoch - 79 loss: 1.287 accuracy: 53.163
epoch - 80 loss: 1.288 accuracy: 53.648 val_loss: 1.248 val_acc: 55.100
epoch - 81 loss: 1.289 accuracy: 53.513
epoch - 82 loss: 1.286 accuracy: 53.425
epoch - 83 loss: 1.283 accuracy: 53.388
epoch - 84 loss: 1.280 accuracy: 53.642
epoch - 85 loss: 1.275 accuracy: 54.008
epoch - 86 loss: 1.276 accuracy: 54.075
epoch - 87 loss: 1.271 accuracy: 54.062
epoch - 88 loss: 1.269 accuracy: 54.010
epoch - 89 loss: 1.271 accuracy: 54.398
epoch - 90 loss: 1.265 accuracy: 54.205 val_loss: 1.246 val_acc: 55.280
epoch - 91 loss: 1.262 accuracy: 54.740
epoch - 92 loss: 1.258 accuracy: 54.523
epoch - 93 loss: 1.262 accuracy: 54.520
epoch - 94 loss: 1.264 accuracy: 54.483
epoch - 95 loss: 1.259 accuracy: 54.617
epoch - 96 loss: 1.252 accuracy: 55.075
epoch - 97 loss: 1.256 accuracy: 54.605
epoch - 98 loss: 1.244 accuracy: 54.985
epoch - 99 loss: 1.251 accuracy: 54.970
Finished training
Test loss: 1.213 accuracy: 56.660
Patch shuffle test loss for patch-size 16: 1.2131341874599457 accuracy: 56.66
Patch shuffle test loss for patch-size 8: 1.21313419342041 accuracy: 56.66
Done: N-shuffletruffle-CNN
