==============================
Job ID     : 15772
Array ID   : 7
Model      : D-shuffletruffle-Attention
Node       : lair-g7
GPU        : NVIDIA L40S
==============================
Net_D_shuffletruffle_Attention(
  (patch_embed): Linear(in_features=768, out_features=128, bias=True)
  (embed_norm): LayerNorm((128,), eps=1e-05, elementwise_affine=True)
  (blocks): ModuleList(
    (0-3): 4 x TransformerBlock(
      (norm1): LayerNorm((128,), eps=1e-05, elementwise_affine=True)
      (attn): MultiheadAttention(
        (out_proj): NonDynamicallyQuantizableLinear(in_features=128, out_features=128, bias=True)
      )
      (norm2): LayerNorm((128,), eps=1e-05, elementwise_affine=True)
      (mlp): Sequential(
        (0): Linear(in_features=128, out_features=512, bias=True)
        (1): GELU(approximate='none')
        (2): Dropout(p=0.1, inplace=False)
        (3): Linear(in_features=512, out_features=128, bias=True)
        (4): Dropout(p=0.1, inplace=False)
      )
    )
  )
  (norm): LayerNorm((128,), eps=1e-05, elementwise_affine=True)
  (classifier): Sequential(
    (0): Linear(in_features=128, out_features=256, bias=True)
    (1): GELU(approximate='none')
    (2): Dropout(p=0.1, inplace=False)
    (3): Linear(in_features=256, out_features=10, bias=True)
  )
)
epoch - 0 loss: 2.036 accuracy: 24.593 val_loss: 1.956 val_acc: 29.420
epoch - 1 loss: 1.878 accuracy: 31.098
epoch - 2 loss: 1.788 accuracy: 34.220
epoch - 3 loss: 1.733 accuracy: 36.318
epoch - 4 loss: 1.695 accuracy: 38.138
epoch - 5 loss: 1.671 accuracy: 38.807
epoch - 6 loss: 1.641 accuracy: 39.947
epoch - 7 loss: 1.624 accuracy: 40.763
epoch - 8 loss: 1.603 accuracy: 41.638
epoch - 9 loss: 1.587 accuracy: 41.958
epoch - 10 loss: 1.571 accuracy: 42.730 val_loss: 1.782 val_acc: 36.420
epoch - 11 loss: 1.560 accuracy: 43.273
epoch - 12 loss: 1.545 accuracy: 43.645
epoch - 13 loss: 1.537 accuracy: 44.053
epoch - 14 loss: 1.523 accuracy: 44.517
epoch - 15 loss: 1.511 accuracy: 45.135
epoch - 16 loss: 1.502 accuracy: 45.532
epoch - 17 loss: 1.490 accuracy: 45.760
epoch - 18 loss: 1.480 accuracy: 46.148
epoch - 19 loss: 1.472 accuracy: 46.642
epoch - 20 loss: 1.463 accuracy: 46.983 val_loss: 1.656 val_acc: 40.920
epoch - 21 loss: 1.456 accuracy: 47.170
epoch - 22 loss: 1.450 accuracy: 47.388
epoch - 23 loss: 1.442 accuracy: 47.943
epoch - 24 loss: 1.432 accuracy: 48.013
epoch - 25 loss: 1.427 accuracy: 48.220
epoch - 26 loss: 1.424 accuracy: 48.110
epoch - 27 loss: 1.417 accuracy: 48.830
epoch - 28 loss: 1.413 accuracy: 48.790
epoch - 29 loss: 1.403 accuracy: 49.150
epoch - 30 loss: 1.397 accuracy: 49.415 val_loss: 1.601 val_acc: 43.140
epoch - 31 loss: 1.393 accuracy: 49.758
epoch - 32 loss: 1.386 accuracy: 49.830
epoch - 33 loss: 1.379 accuracy: 50.210
epoch - 34 loss: 1.378 accuracy: 50.295
epoch - 35 loss: 1.369 accuracy: 50.750
epoch - 36 loss: 1.366 accuracy: 50.477
epoch - 37 loss: 1.355 accuracy: 51.068
epoch - 38 loss: 1.356 accuracy: 50.947
epoch - 39 loss: 1.356 accuracy: 51.150
epoch - 40 loss: 1.347 accuracy: 51.373 val_loss: 1.560 val_acc: 45.790
epoch - 41 loss: 1.341 accuracy: 51.515
epoch - 42 loss: 1.333 accuracy: 51.920
epoch - 43 loss: 1.337 accuracy: 51.708
epoch - 44 loss: 1.336 accuracy: 51.608
epoch - 45 loss: 1.326 accuracy: 52.225
epoch - 46 loss: 1.322 accuracy: 52.127
epoch - 47 loss: 1.321 accuracy: 52.597
epoch - 48 loss: 1.315 accuracy: 52.392
epoch - 49 loss: 1.307 accuracy: 52.855
epoch - 50 loss: 1.309 accuracy: 52.905 val_loss: 1.506 val_acc: 46.860
epoch - 51 loss: 1.299 accuracy: 53.140
epoch - 52 loss: 1.299 accuracy: 53.200
epoch - 53 loss: 1.295 accuracy: 53.350
epoch - 54 loss: 1.290 accuracy: 53.502
epoch - 55 loss: 1.283 accuracy: 54.047
epoch - 56 loss: 1.284 accuracy: 53.953
epoch - 57 loss: 1.277 accuracy: 54.023
epoch - 58 loss: 1.273 accuracy: 54.337
epoch - 59 loss: 1.270 accuracy: 54.390
epoch - 60 loss: 1.272 accuracy: 54.300 val_loss: 1.439 val_acc: 48.860
epoch - 61 loss: 1.262 accuracy: 54.815
epoch - 62 loss: 1.262 accuracy: 54.458
epoch - 63 loss: 1.258 accuracy: 54.758
epoch - 64 loss: 1.255 accuracy: 54.888
epoch - 65 loss: 1.252 accuracy: 55.015
epoch - 66 loss: 1.250 accuracy: 55.165
epoch - 67 loss: 1.241 accuracy: 55.315
epoch - 68 loss: 1.240 accuracy: 55.138
epoch - 69 loss: 1.241 accuracy: 55.508
epoch - 70 loss: 1.234 accuracy: 55.685 val_loss: 1.452 val_acc: 49.470
epoch - 71 loss: 1.225 accuracy: 55.547
epoch - 72 loss: 1.228 accuracy: 56.015
epoch - 73 loss: 1.227 accuracy: 55.837
epoch - 74 loss: 1.220 accuracy: 56.212
epoch - 75 loss: 1.220 accuracy: 56.072
epoch - 76 loss: 1.219 accuracy: 56.163
epoch - 77 loss: 1.214 accuracy: 56.240
epoch - 78 loss: 1.212 accuracy: 56.525
epoch - 79 loss: 1.209 accuracy: 56.395
epoch - 80 loss: 1.207 accuracy: 56.865 val_loss: 1.436 val_acc: 50.890
epoch - 81 loss: 1.199 accuracy: 57.138
epoch - 82 loss: 1.199 accuracy: 56.900
epoch - 83 loss: 1.196 accuracy: 57.078
epoch - 84 loss: 1.190 accuracy: 57.267
epoch - 85 loss: 1.197 accuracy: 56.970
epoch - 86 loss: 1.185 accuracy: 57.508
epoch - 87 loss: 1.189 accuracy: 57.335
epoch - 88 loss: 1.181 accuracy: 57.547
epoch - 89 loss: 1.177 accuracy: 57.528
epoch - 90 loss: 1.176 accuracy: 57.945 val_loss: 1.404 val_acc: 51.000
epoch - 91 loss: 1.173 accuracy: 58.032
epoch - 92 loss: 1.171 accuracy: 58.203
epoch - 93 loss: 1.167 accuracy: 58.315
epoch - 94 loss: 1.171 accuracy: 57.775
epoch - 95 loss: 1.163 accuracy: 58.230
epoch - 96 loss: 1.163 accuracy: 57.970
epoch - 97 loss: 1.161 accuracy: 58.320
epoch - 98 loss: 1.163 accuracy: 58.267
epoch - 99 loss: 1.151 accuracy: 58.830
Finished training
Test loss: 1.357 accuracy: 52.410
Patch shuffle test loss for patch-size 16: 1.3566136837005616 accuracy: 52.41
Patch shuffle test loss for patch-size 8: 2.1830851167440413 accuracy: 28.24
Done: D-shuffletruffle-Attention
