==============================
Job ID     : 16634
Array ID   : 4
Model      : D-shuffletruffle-CNN
Node       : lair-g6
GPU        : NVIDIA L40S
==============================
Net_D_shuffletruffle_CNN(
  (patch_encoder): Sequential(
    (0): Conv2d(3, 32, kernel_size=(3, 3), stride=(1, 1), padding=(1, 1), bias=False)
    (1): BatchNorm2d(32, eps=1e-05, momentum=0.1, affine=True, track_running_stats=True)
    (2): ReLU(inplace=True)
    (3): ResidualBlock(
      (conv1): Conv2d(32, 32, kernel_size=(3, 3), stride=(1, 1), padding=(1, 1), bias=False)
      (bn1): BatchNorm2d(32, eps=1e-05, momentum=0.1, affine=True, track_running_stats=True)
      (relu): ReLU(inplace=True)
      (dropout): Dropout2d(p=0.1, inplace=False)
      (conv2): Conv2d(32, 32, kernel_size=(3, 3), stride=(1, 1), padding=(1, 1), bias=False)
      (bn2): BatchNorm2d(32, eps=1e-05, momentum=0.1, affine=True, track_running_stats=True)
      (shortcut): Identity()
    )
    (4): ResidualBlock(
      (conv1): Conv2d(32, 64, kernel_size=(3, 3), stride=(2, 2), padding=(1, 1), bias=False)
      (bn1): BatchNorm2d(64, eps=1e-05, momentum=0.1, affine=True, track_running_stats=True)
      (relu): ReLU(inplace=True)
      (dropout): Dropout2d(p=0.1, inplace=False)
      (conv2): Conv2d(64, 64, kernel_size=(3, 3), stride=(1, 1), padding=(1, 1), bias=False)
      (bn2): BatchNorm2d(64, eps=1e-05, momentum=0.1, affine=True, track_running_stats=True)
      (shortcut): Sequential(
        (0): Conv2d(32, 64, kernel_size=(1, 1), stride=(2, 2), bias=False)
        (1): BatchNorm2d(64, eps=1e-05, momentum=0.1, affine=True, track_running_stats=True)
      )
    )
    (5): ResidualBlock(
      (conv1): Conv2d(64, 128, kernel_size=(3, 3), stride=(2, 2), padding=(1, 1), bias=False)
      (bn1): BatchNorm2d(128, eps=1e-05, momentum=0.1, affine=True, track_running_stats=True)
      (relu): ReLU(inplace=True)
      (dropout): Dropout2d(p=0.1, inplace=False)
      (conv2): Conv2d(128, 128, kernel_size=(3, 3), stride=(1, 1), padding=(1, 1), bias=False)
      (bn2): BatchNorm2d(128, eps=1e-05, momentum=0.1, affine=True, track_running_stats=True)
      (shortcut): Sequential(
        (0): Conv2d(64, 128, kernel_size=(1, 1), stride=(2, 2), bias=False)
        (1): BatchNorm2d(128, eps=1e-05, momentum=0.1, affine=True, track_running_stats=True)
      )
    )
    (6): AdaptiveAvgPool2d(output_size=(1, 1))
  )
  (classifier): Sequential(
    (0): Linear(in_features=128, out_features=64, bias=True)
    (1): GELU(approximate='none')
    (2): Dropout(p=0.3, inplace=False)
    (3): Linear(in_features=64, out_features=10, bias=True)
  )
)
epoch - 0 loss: 1.865 accuracy: 28.200 val_loss: 1.812 val_acc: 33.920
epoch - 1 loss: 1.629 accuracy: 38.233
epoch - 2 loss: 1.456 accuracy: 46.242
epoch - 3 loss: 1.333 accuracy: 51.292
epoch - 4 loss: 1.242 accuracy: 55.142
epoch - 5 loss: 1.173 accuracy: 57.870
epoch - 6 loss: 1.122 accuracy: 59.763
epoch - 7 loss: 1.076 accuracy: 61.475
epoch - 8 loss: 1.040 accuracy: 63.212
epoch - 9 loss: 1.000 accuracy: 64.353
epoch - 10 loss: 0.964 accuracy: 65.728 val_loss: 0.877 val_acc: 69.100
epoch - 11 loss: 0.935 accuracy: 67.028
epoch - 12 loss: 0.912 accuracy: 68.067
epoch - 13 loss: 0.880 accuracy: 69.195
epoch - 14 loss: 0.870 accuracy: 69.373
epoch - 15 loss: 0.855 accuracy: 69.948
epoch - 16 loss: 0.833 accuracy: 70.795
epoch - 17 loss: 0.823 accuracy: 71.290
epoch - 18 loss: 0.799 accuracy: 72.185
epoch - 19 loss: 0.797 accuracy: 72.150
epoch - 20 loss: 0.779 accuracy: 72.808 val_loss: 0.789 val_acc: 72.980
epoch - 21 loss: 0.771 accuracy: 73.070
epoch - 22 loss: 0.752 accuracy: 73.940
epoch - 23 loss: 0.749 accuracy: 73.767
epoch - 24 loss: 0.742 accuracy: 74.085
epoch - 25 loss: 0.730 accuracy: 74.675
epoch - 26 loss: 0.722 accuracy: 74.890
epoch - 27 loss: 0.710 accuracy: 75.330
epoch - 28 loss: 0.705 accuracy: 75.647
epoch - 29 loss: 0.697 accuracy: 75.745
epoch - 30 loss: 0.694 accuracy: 76.010 val_loss: 0.682 val_acc: 76.790
epoch - 31 loss: 0.681 accuracy: 76.463
epoch - 32 loss: 0.681 accuracy: 76.445
epoch - 33 loss: 0.674 accuracy: 76.615
epoch - 34 loss: 0.667 accuracy: 76.888
epoch - 35 loss: 0.658 accuracy: 77.070
epoch - 36 loss: 0.656 accuracy: 77.343
epoch - 37 loss: 0.649 accuracy: 77.450
epoch - 38 loss: 0.651 accuracy: 77.267
epoch - 39 loss: 0.638 accuracy: 77.760
epoch - 40 loss: 0.635 accuracy: 78.183 val_loss: 0.648 val_acc: 78.010
epoch - 41 loss: 0.637 accuracy: 77.748
epoch - 42 loss: 0.629 accuracy: 78.222
epoch - 43 loss: 0.630 accuracy: 78.225
epoch - 44 loss: 0.621 accuracy: 78.487
epoch - 45 loss: 0.616 accuracy: 78.713
epoch - 46 loss: 0.615 accuracy: 78.608
epoch - 47 loss: 0.613 accuracy: 78.737
epoch - 48 loss: 0.611 accuracy: 78.897
epoch - 49 loss: 0.602 accuracy: 79.017
epoch - 50 loss: 0.595 accuracy: 79.502 val_loss: 0.607 val_acc: 79.550
epoch - 51 loss: 0.605 accuracy: 78.850
epoch - 52 loss: 0.584 accuracy: 80.013
epoch - 53 loss: 0.594 accuracy: 79.350
epoch - 54 loss: 0.587 accuracy: 79.725
epoch - 55 loss: 0.586 accuracy: 79.610
epoch - 56 loss: 0.582 accuracy: 80.045
epoch - 57 loss: 0.579 accuracy: 79.990
epoch - 58 loss: 0.573 accuracy: 80.260
epoch - 59 loss: 0.579 accuracy: 79.945
epoch - 60 loss: 0.571 accuracy: 80.338 val_loss: 0.584 val_acc: 80.220
epoch - 61 loss: 0.573 accuracy: 80.073
epoch - 62 loss: 0.574 accuracy: 80.252
epoch - 63 loss: 0.568 accuracy: 80.555
epoch - 64 loss: 0.558 accuracy: 80.907
epoch - 65 loss: 0.566 accuracy: 80.632
epoch - 66 loss: 0.550 accuracy: 80.938
epoch - 67 loss: 0.555 accuracy: 80.808
epoch - 68 loss: 0.550 accuracy: 80.850
epoch - 69 loss: 0.552 accuracy: 80.755
epoch - 70 loss: 0.548 accuracy: 81.180 val_loss: 0.538 val_acc: 81.810
epoch - 71 loss: 0.551 accuracy: 80.840
epoch - 72 loss: 0.540 accuracy: 81.220
epoch - 73 loss: 0.545 accuracy: 81.055
epoch - 74 loss: 0.541 accuracy: 81.340
epoch - 75 loss: 0.541 accuracy: 81.185
epoch - 76 loss: 0.534 accuracy: 81.460
epoch - 77 loss: 0.537 accuracy: 81.438
epoch - 78 loss: 0.535 accuracy: 81.502
epoch - 79 loss: 0.533 accuracy: 81.468
epoch - 80 loss: 0.527 accuracy: 81.793 val_loss: 0.537 val_acc: 82.040
epoch - 81 loss: 0.528 accuracy: 81.677
epoch - 82 loss: 0.524 accuracy: 81.897
epoch - 83 loss: 0.529 accuracy: 81.765
epoch - 84 loss: 0.530 accuracy: 81.793
epoch - 85 loss: 0.529 accuracy: 81.897
epoch - 86 loss: 0.521 accuracy: 82.082
epoch - 87 loss: 0.519 accuracy: 82.002
epoch - 88 loss: 0.522 accuracy: 81.835
epoch - 89 loss: 0.515 accuracy: 82.323
epoch - 90 loss: 0.512 accuracy: 82.502 val_loss: 0.543 val_acc: 81.980
epoch - 91 loss: 0.513 accuracy: 82.285
epoch - 92 loss: 0.513 accuracy: 82.090
epoch - 93 loss: 0.509 accuracy: 82.335
epoch - 94 loss: 0.510 accuracy: 82.255
epoch - 95 loss: 0.504 accuracy: 82.543
epoch - 96 loss: 0.512 accuracy: 82.392
epoch - 97 loss: 0.504 accuracy: 82.463
epoch - 98 loss: 0.500 accuracy: 82.562
epoch - 99 loss: 0.498 accuracy: 82.942
Finished training
Test loss: 0.531 accuracy: 82.460
Patch shuffle test loss for patch-size 16: 0.5310001505326621 accuracy: 82.46
Patch shuffle test loss for patch-size 8: 1.4906349680091762 accuracy: 55.8
Done: D-shuffletruffle-CNN
