==============================
Job ID     : 16627
Array ID   : 6
Model      : Plain-Old-CIFAR10-Attention
Node       : lair-g6
GPU        : NVIDIA L40S
==============================
Net_Attention(
  (patch_embed): Linear(in_features=48, out_features=128, bias=True)
  (embed_norm): LayerNorm((128,), eps=1e-05, elementwise_affine=True)
  (blocks): ModuleList(
    (0-3): 4 x TransformerBlock(
      (norm1): LayerNorm((128,), eps=1e-05, elementwise_affine=True)
      (attn): MultiheadAttention(
        (out_proj): NonDynamicallyQuantizableLinear(in_features=128, out_features=128, bias=True)
      )
      (norm2): LayerNorm((128,), eps=1e-05, elementwise_affine=True)
      (mlp): Sequential(
        (0): Linear(in_features=128, out_features=512, bias=True)
        (1): GELU(approximate='none')
        (2): Dropout(p=0.1, inplace=False)
        (3): Linear(in_features=512, out_features=128, bias=True)
        (4): Dropout(p=0.1, inplace=False)
      )
    )
  )
  (norm): LayerNorm((128,), eps=1e-05, elementwise_affine=True)
  (classifier): Sequential(
    (0): Linear(in_features=128, out_features=256, bias=True)
    (1): GELU(approximate='none')
    (2): Dropout(p=0.1, inplace=False)
    (3): Linear(in_features=256, out_features=10, bias=True)
  )
)
epoch - 0 loss: 2.177 accuracy: 17.405 val_loss: 2.106 val_acc: 18.880
epoch - 1 loss: 2.150 accuracy: 18.090
epoch - 2 loss: 2.147 accuracy: 17.850
epoch - 3 loss: 2.168 accuracy: 16.852
epoch - 4 loss: 2.146 accuracy: 17.872
epoch - 5 loss: 2.149 accuracy: 17.995
epoch - 6 loss: 2.154 accuracy: 17.825
epoch - 7 loss: 2.150 accuracy: 17.858
epoch - 8 loss: 2.145 accuracy: 18.015
epoch - 9 loss: 2.136 accuracy: 18.523
epoch - 10 loss: 2.129 accuracy: 18.380 val_loss: 2.141 val_acc: 18.370
epoch - 11 loss: 2.135 accuracy: 18.090
epoch - 12 loss: 2.125 accuracy: 18.690
epoch - 13 loss: 2.136 accuracy: 18.562
epoch - 14 loss: 2.124 accuracy: 18.565
epoch - 15 loss: 2.115 accuracy: 18.843
epoch - 16 loss: 2.113 accuracy: 19.207
epoch - 17 loss: 2.101 accuracy: 19.172
epoch - 18 loss: 2.100 accuracy: 19.512
epoch - 19 loss: 2.099 accuracy: 19.495
epoch - 20 loss: 2.100 accuracy: 19.600 val_loss: 2.115 val_acc: 18.850
epoch - 21 loss: 2.107 accuracy: 19.135
epoch - 22 loss: 2.135 accuracy: 17.880
epoch - 23 loss: 2.120 accuracy: 18.085
epoch - 24 loss: 2.125 accuracy: 18.540
epoch - 25 loss: 2.127 accuracy: 18.390
epoch - 26 loss: 2.131 accuracy: 19.185
epoch - 27 loss: 2.155 accuracy: 17.797
epoch - 28 loss: 2.144 accuracy: 18.797
epoch - 29 loss: 2.129 accuracy: 19.385
epoch - 30 loss: 2.123 accuracy: 19.795 val_loss: 2.083 val_acc: 21.610
epoch - 31 loss: 2.113 accuracy: 20.168
epoch - 32 loss: 2.109 accuracy: 20.195
epoch - 33 loss: 2.111 accuracy: 20.067
epoch - 34 loss: 2.111 accuracy: 20.113
epoch - 35 loss: 2.097 accuracy: 20.907
epoch - 36 loss: 2.095 accuracy: 20.835
epoch - 37 loss: 2.105 accuracy: 20.225
epoch - 38 loss: 2.092 accuracy: 20.880
epoch - 39 loss: 2.092 accuracy: 20.892
epoch - 40 loss: 2.096 accuracy: 21.242 val_loss: 2.073 val_acc: 21.480
epoch - 41 loss: 2.098 accuracy: 20.733
epoch - 42 loss: 2.106 accuracy: 18.765
epoch - 43 loss: 2.107 accuracy: 19.035
epoch - 44 loss: 2.101 accuracy: 19.525
epoch - 45 loss: 2.099 accuracy: 19.867
epoch - 46 loss: 2.095 accuracy: 19.820
epoch - 47 loss: 2.099 accuracy: 19.793
epoch - 48 loss: 2.098 accuracy: 19.977
epoch - 49 loss: 2.090 accuracy: 20.497
epoch - 50 loss: 2.106 accuracy: 19.593 val_loss: 2.089 val_acc: 19.560
epoch - 51 loss: 2.115 accuracy: 19.245
epoch - 52 loss: 2.118 accuracy: 19.238
epoch - 53 loss: 2.109 accuracy: 19.367
epoch - 54 loss: 2.102 accuracy: 19.530
epoch - 55 loss: 2.092 accuracy: 20.317
epoch - 56 loss: 2.104 accuracy: 19.608
epoch - 57 loss: 2.098 accuracy: 20.008
epoch - 58 loss: 2.085 accuracy: 20.870
epoch - 59 loss: 2.078 accuracy: 20.898
epoch - 60 loss: 2.078 accuracy: 20.985 val_loss: 2.101 val_acc: 19.140
epoch - 61 loss: 2.080 accuracy: 21.168
epoch - 62 loss: 2.077 accuracy: 21.087
epoch - 63 loss: 2.078 accuracy: 21.218
epoch - 64 loss: 2.078 accuracy: 21.198
epoch - 65 loss: 2.075 accuracy: 21.192
epoch - 66 loss: 2.085 accuracy: 20.797
epoch - 67 loss: 2.091 accuracy: 20.360
epoch - 68 loss: 2.072 accuracy: 20.910
epoch - 69 loss: 2.073 accuracy: 21.293
epoch - 70 loss: 2.070 accuracy: 21.468 val_loss: 2.040 val_acc: 21.720
epoch - 71 loss: 2.065 accuracy: 21.503
epoch - 72 loss: 2.063 accuracy: 21.685
epoch - 73 loss: 2.062 accuracy: 21.907
epoch - 74 loss: 2.073 accuracy: 21.070
epoch - 75 loss: 2.072 accuracy: 21.462
epoch - 76 loss: 2.071 accuracy: 21.500
epoch - 77 loss: 2.067 accuracy: 21.492
epoch - 78 loss: 2.068 accuracy: 21.285
epoch - 79 loss: 2.065 accuracy: 21.330
epoch - 80 loss: 2.062 accuracy: 21.535 val_loss: 2.043 val_acc: 21.570
epoch - 81 loss: 2.055 accuracy: 21.480
epoch - 82 loss: 2.046 accuracy: 21.977
epoch - 83 loss: 2.054 accuracy: 21.955
epoch - 84 loss: 2.054 accuracy: 21.992
epoch - 85 loss: 2.058 accuracy: 21.587
epoch - 86 loss: 2.048 accuracy: 21.883
epoch - 87 loss: 2.044 accuracy: 22.460
epoch - 88 loss: 2.045 accuracy: 22.020
epoch - 89 loss: 2.052 accuracy: 21.883
epoch - 90 loss: 2.039 accuracy: 22.558 val_loss: 2.014 val_acc: 23.400
epoch - 91 loss: 2.052 accuracy: 21.895
epoch - 92 loss: 2.055 accuracy: 21.560
epoch - 93 loss: 2.048 accuracy: 22.335
epoch - 94 loss: 2.054 accuracy: 21.878
epoch - 95 loss: 2.041 accuracy: 22.622
epoch - 96 loss: 2.034 accuracy: 23.110
epoch - 97 loss: 2.024 accuracy: 23.567
epoch - 98 loss: 2.017 accuracy: 24.000
epoch - 99 loss: 2.018 accuracy: 24.058
Finished training
Test loss: 1.990 accuracy: 25.980
Patch shuffle test loss for patch-size 16: 2.0615593572206135 accuracy: 23.58
Patch shuffle test loss for patch-size 8: 2.0717591937584214 accuracy: 23.21
Done: Plain-Old-CIFAR10-Attention
