==============================
Job ID     : 15581
Array ID   : 7
Model      : D-shuffletruffle-Attention
Node       : lair-g2
GPU        : NVIDIA L40S
==============================
Net_D_shuffletruffle_Attention(
  (patch_embed): Linear(in_features=768, out_features=128, bias=True)
  (blocks): ModuleList(
    (0-3): 4 x TransformerBlock(
      (norm1): LayerNorm((128,), eps=1e-05, elementwise_affine=True)
      (attn): MultiheadAttention(
        (out_proj): NonDynamicallyQuantizableLinear(in_features=128, out_features=128, bias=True)
      )
      (norm2): LayerNorm((128,), eps=1e-05, elementwise_affine=True)
      (mlp): Sequential(
        (0): Linear(in_features=128, out_features=512, bias=True)
        (1): GELU(approximate='none')
        (2): Dropout(p=0.1, inplace=False)
        (3): Linear(in_features=512, out_features=128, bias=True)
        (4): Dropout(p=0.1, inplace=False)
      )
    )
  )
  (norm): LayerNorm((128,), eps=1e-05, elementwise_affine=True)
  (classifier): Linear(in_features=128, out_features=10, bias=True)
)
epoch - 0 loss: 2.138 accuracy: 20.225 val_loss: 1.998 val_acc: 25.430
epoch - 1 loss: 1.926 accuracy: 29.378
epoch - 2 loss: 1.905 accuracy: 29.975
epoch - 3 loss: 1.955 accuracy: 27.950
epoch - 4 loss: 1.848 accuracy: 32.700
epoch - 5 loss: 1.905 accuracy: 30.305
epoch - 6 loss: 1.881 accuracy: 30.695
epoch - 7 loss: 1.873 accuracy: 30.837
epoch - 8 loss: 1.956 accuracy: 27.823
epoch - 9 loss: 1.920 accuracy: 29.392
epoch - 10 loss: 1.944 accuracy: 28.500 val_loss: 1.916 val_acc: 29.460
epoch - 11 loss: 1.916 accuracy: 29.880
epoch - 12 loss: 1.870 accuracy: 31.400
epoch - 13 loss: 1.845 accuracy: 32.502
epoch - 14 loss: 1.862 accuracy: 31.738
epoch - 15 loss: 1.890 accuracy: 30.863
epoch - 16 loss: 1.871 accuracy: 31.567
epoch - 17 loss: 1.956 accuracy: 28.038
epoch - 18 loss: 1.938 accuracy: 28.113
epoch - 19 loss: 1.928 accuracy: 28.997
epoch - 20 loss: 1.927 accuracy: 29.218 val_loss: 1.891 val_acc: 30.310
epoch - 21 loss: 1.874 accuracy: 31.517
epoch - 22 loss: 1.850 accuracy: 32.465
epoch - 23 loss: 1.824 accuracy: 33.278
epoch - 24 loss: 1.809 accuracy: 34.087
epoch - 25 loss: 1.797 accuracy: 34.337
epoch - 26 loss: 1.904 accuracy: 30.102
epoch - 27 loss: 1.929 accuracy: 28.780
epoch - 28 loss: 1.876 accuracy: 31.255
epoch - 29 loss: 1.946 accuracy: 28.363
epoch - 30 loss: 1.897 accuracy: 30.308 val_loss: 1.901 val_acc: 30.840
epoch - 31 loss: 1.867 accuracy: 31.530
epoch - 32 loss: 1.828 accuracy: 33.145
epoch - 33 loss: 1.899 accuracy: 30.465
epoch - 34 loss: 1.860 accuracy: 32.153
epoch - 35 loss: 1.837 accuracy: 32.797
epoch - 36 loss: 1.945 accuracy: 28.535
epoch - 37 loss: 1.886 accuracy: 31.117
epoch - 38 loss: 1.836 accuracy: 32.812
epoch - 39 loss: 1.879 accuracy: 30.940
epoch - 40 loss: 1.941 accuracy: 28.668 val_loss: 1.841 val_acc: 33.760
epoch - 41 loss: 1.911 accuracy: 29.790
epoch - 42 loss: 1.861 accuracy: 31.907
epoch - 43 loss: 1.831 accuracy: 33.097
epoch - 44 loss: 1.837 accuracy: 32.735
epoch - 45 loss: 1.826 accuracy: 33.395
epoch - 46 loss: 1.839 accuracy: 33.032
epoch - 47 loss: 1.859 accuracy: 31.965
epoch - 48 loss: 1.934 accuracy: 29.078
epoch - 49 loss: 1.843 accuracy: 32.740
epoch - 50 loss: 1.947 accuracy: 28.087 val_loss: 1.953 val_acc: 27.710
epoch - 51 loss: 1.915 accuracy: 29.613
epoch - 52 loss: 1.871 accuracy: 31.690
epoch - 53 loss: 1.858 accuracy: 31.850
epoch - 54 loss: 1.850 accuracy: 32.305
epoch - 55 loss: 1.892 accuracy: 30.628
epoch - 56 loss: 2.038 accuracy: 24.520
epoch - 57 loss: 1.898 accuracy: 30.398
epoch - 58 loss: 1.854 accuracy: 32.235
epoch - 59 loss: 1.929 accuracy: 28.995
epoch - 60 loss: 1.875 accuracy: 30.962 val_loss: 1.842 val_acc: 33.670
epoch - 61 loss: 1.835 accuracy: 33.205
epoch - 62 loss: 1.836 accuracy: 32.915
epoch - 63 loss: 1.909 accuracy: 29.750
epoch - 64 loss: 1.893 accuracy: 30.663
epoch - 65 loss: 1.983 accuracy: 27.093
epoch - 66 loss: 1.934 accuracy: 29.067
epoch - 67 loss: 2.019 accuracy: 25.310
epoch - 68 loss: 2.137 accuracy: 18.900
epoch - 69 loss: 2.065 accuracy: 22.402
epoch - 70 loss: 2.016 accuracy: 25.242 val_loss: 1.965 val_acc: 28.180
epoch - 71 loss: 1.961 accuracy: 28.025
epoch - 72 loss: 1.993 accuracy: 26.712
epoch - 73 loss: 2.129 accuracy: 20.867
epoch - 74 loss: 2.010 accuracy: 25.780
epoch - 75 loss: 1.954 accuracy: 27.945
epoch - 76 loss: 1.959 accuracy: 27.745
epoch - 77 loss: 1.958 accuracy: 27.915
epoch - 78 loss: 1.958 accuracy: 27.573
epoch - 79 loss: 1.945 accuracy: 28.330
epoch - 80 loss: 1.999 accuracy: 25.675 val_loss: 1.952 val_acc: 27.230
epoch - 81 loss: 1.959 accuracy: 26.880
epoch - 82 loss: 1.926 accuracy: 28.850
epoch - 83 loss: 2.026 accuracy: 24.715
epoch - 84 loss: 2.004 accuracy: 25.448
epoch - 85 loss: 1.964 accuracy: 27.032
epoch - 86 loss: 1.935 accuracy: 28.593
epoch - 87 loss: 2.089 accuracy: 21.663
epoch - 88 loss: 1.993 accuracy: 25.973
epoch - 89 loss: 1.955 accuracy: 27.770
epoch - 90 loss: 1.937 accuracy: 28.392 val_loss: 1.942 val_acc: 27.700
epoch - 91 loss: 1.929 accuracy: 28.663
epoch - 92 loss: 1.915 accuracy: 29.538
epoch - 93 loss: 1.905 accuracy: 29.715
epoch - 94 loss: 1.897 accuracy: 30.170
epoch - 95 loss: 1.897 accuracy: 30.535
epoch - 96 loss: 1.888 accuracy: 30.782
epoch - 97 loss: 1.894 accuracy: 30.645
epoch - 98 loss: 1.883 accuracy: 31.008
epoch - 99 loss: 1.917 accuracy: 29.630
Finished training
Test loss: 1.884 accuracy: 31.260
Patch shuffle test loss for patch-size 16: 1.8835780424407766 accuracy: 31.26
Patch shuffle test loss for patch-size 8: 2.1187978288795373 accuracy: 22.3
Done: D-shuffletruffle-Attention
