==============================
Job ID     : 16624
Array ID   : 3
Model      : Plain-Old-CIFAR10-CNN
Node       : lair-g6
GPU        : NVIDIA L40S
==============================
Net_CNN(
  (stem): Sequential(
    (0): Conv2d(3, 32, kernel_size=(3, 3), stride=(1, 1), padding=(1, 1), bias=False)
    (1): BatchNorm2d(32, eps=1e-05, momentum=0.1, affine=True, track_running_stats=True)
    (2): ReLU(inplace=True)
  )
  (layer1): Sequential(
    (0): ResidualBlock(
      (conv1): Conv2d(32, 32, kernel_size=(3, 3), stride=(1, 1), padding=(1, 1), bias=False)
      (bn1): BatchNorm2d(32, eps=1e-05, momentum=0.1, affine=True, track_running_stats=True)
      (relu): ReLU(inplace=True)
      (dropout): Dropout2d(p=0.1, inplace=False)
      (conv2): Conv2d(32, 32, kernel_size=(3, 3), stride=(1, 1), padding=(1, 1), bias=False)
      (bn2): BatchNorm2d(32, eps=1e-05, momentum=0.1, affine=True, track_running_stats=True)
      (shortcut): Identity()
    )
    (1): ResidualBlock(
      (conv1): Conv2d(32, 32, kernel_size=(3, 3), stride=(1, 1), padding=(1, 1), bias=False)
      (bn1): BatchNorm2d(32, eps=1e-05, momentum=0.1, affine=True, track_running_stats=True)
      (relu): ReLU(inplace=True)
      (dropout): Dropout2d(p=0.1, inplace=False)
      (conv2): Conv2d(32, 32, kernel_size=(3, 3), stride=(1, 1), padding=(1, 1), bias=False)
      (bn2): BatchNorm2d(32, eps=1e-05, momentum=0.1, affine=True, track_running_stats=True)
      (shortcut): Identity()
    )
  )
  (layer2): Sequential(
    (0): ResidualBlock(
      (conv1): Conv2d(32, 64, kernel_size=(3, 3), stride=(2, 2), padding=(1, 1), bias=False)
      (bn1): BatchNorm2d(64, eps=1e-05, momentum=0.1, affine=True, track_running_stats=True)
      (relu): ReLU(inplace=True)
      (dropout): Dropout2d(p=0.1, inplace=False)
      (conv2): Conv2d(64, 64, kernel_size=(3, 3), stride=(1, 1), padding=(1, 1), bias=False)
      (bn2): BatchNorm2d(64, eps=1e-05, momentum=0.1, affine=True, track_running_stats=True)
      (shortcut): Sequential(
        (0): Conv2d(32, 64, kernel_size=(1, 1), stride=(2, 2), bias=False)
        (1): BatchNorm2d(64, eps=1e-05, momentum=0.1, affine=True, track_running_stats=True)
      )
    )
    (1): ResidualBlock(
      (conv1): Conv2d(64, 64, kernel_size=(3, 3), stride=(1, 1), padding=(1, 1), bias=False)
      (bn1): BatchNorm2d(64, eps=1e-05, momentum=0.1, affine=True, track_running_stats=True)
      (relu): ReLU(inplace=True)
      (dropout): Dropout2d(p=0.1, inplace=False)
      (conv2): Conv2d(64, 64, kernel_size=(3, 3), stride=(1, 1), padding=(1, 1), bias=False)
      (bn2): BatchNorm2d(64, eps=1e-05, momentum=0.1, affine=True, track_running_stats=True)
      (shortcut): Identity()
    )
  )
  (layer3): Sequential(
    (0): ResidualBlock(
      (conv1): Conv2d(64, 128, kernel_size=(3, 3), stride=(2, 2), padding=(1, 1), bias=False)
      (bn1): BatchNorm2d(128, eps=1e-05, momentum=0.1, affine=True, track_running_stats=True)
      (relu): ReLU(inplace=True)
      (dropout): Dropout2d(p=0.1, inplace=False)
      (conv2): Conv2d(128, 128, kernel_size=(3, 3), stride=(1, 1), padding=(1, 1), bias=False)
      (bn2): BatchNorm2d(128, eps=1e-05, momentum=0.1, affine=True, track_running_stats=True)
      (shortcut): Sequential(
        (0): Conv2d(64, 128, kernel_size=(1, 1), stride=(2, 2), bias=False)
        (1): BatchNorm2d(128, eps=1e-05, momentum=0.1, affine=True, track_running_stats=True)
      )
    )
    (1): ResidualBlock(
      (conv1): Conv2d(128, 128, kernel_size=(3, 3), stride=(1, 1), padding=(1, 1), bias=False)
      (bn1): BatchNorm2d(128, eps=1e-05, momentum=0.1, affine=True, track_running_stats=True)
      (relu): ReLU(inplace=True)
      (dropout): Dropout2d(p=0.1, inplace=False)
      (conv2): Conv2d(128, 128, kernel_size=(3, 3), stride=(1, 1), padding=(1, 1), bias=False)
      (bn2): BatchNorm2d(128, eps=1e-05, momentum=0.1, affine=True, track_running_stats=True)
      (shortcut): Identity()
    )
  )
  (pool): AdaptiveAvgPool2d(output_size=(1, 1))
  (classifier): Sequential(
    (0): Linear(in_features=128, out_features=256, bias=True)
    (1): GELU(approximate='none')
    (2): Dropout(p=0.3, inplace=False)
    (3): Linear(in_features=256, out_features=10, bias=True)
  )
)
epoch - 0 loss: 1.927 accuracy: 26.328 val_loss: 1.664 val_acc: 35.960
epoch - 1 loss: 1.592 accuracy: 40.685
epoch - 2 loss: 1.355 accuracy: 50.215
epoch - 3 loss: 1.168 accuracy: 58.203
epoch - 4 loss: 1.037 accuracy: 63.080
epoch - 5 loss: 0.941 accuracy: 67.075
epoch - 6 loss: 0.847 accuracy: 70.317
epoch - 7 loss: 0.777 accuracy: 73.047
epoch - 8 loss: 0.718 accuracy: 75.147
epoch - 9 loss: 0.675 accuracy: 76.620
epoch - 10 loss: 0.645 accuracy: 77.698 val_loss: 0.584 val_acc: 80.240
epoch - 11 loss: 0.607 accuracy: 78.903
epoch - 12 loss: 0.589 accuracy: 79.825
epoch - 13 loss: 0.553 accuracy: 81.020
epoch - 14 loss: 0.534 accuracy: 81.625
epoch - 15 loss: 0.522 accuracy: 82.255
epoch - 16 loss: 0.512 accuracy: 82.338
epoch - 17 loss: 0.488 accuracy: 83.272
epoch - 18 loss: 0.474 accuracy: 83.552
epoch - 19 loss: 0.455 accuracy: 84.230
epoch - 20 loss: 0.453 accuracy: 84.255 val_loss: 0.447 val_acc: 84.840
epoch - 21 loss: 0.443 accuracy: 84.733
epoch - 22 loss: 0.428 accuracy: 84.948
epoch - 23 loss: 0.414 accuracy: 85.677
epoch - 24 loss: 0.407 accuracy: 85.843
epoch - 25 loss: 0.405 accuracy: 85.978
epoch - 26 loss: 0.392 accuracy: 86.418
epoch - 27 loss: 0.385 accuracy: 86.552
epoch - 28 loss: 0.373 accuracy: 87.032
epoch - 29 loss: 0.371 accuracy: 86.925
epoch - 30 loss: 0.359 accuracy: 87.415 val_loss: 0.416 val_acc: 86.360
epoch - 31 loss: 0.355 accuracy: 87.660
epoch - 32 loss: 0.348 accuracy: 87.885
epoch - 33 loss: 0.346 accuracy: 88.082
epoch - 34 loss: 0.336 accuracy: 88.330
epoch - 35 loss: 0.332 accuracy: 88.483
epoch - 36 loss: 0.321 accuracy: 88.983
epoch - 37 loss: 0.322 accuracy: 88.692
epoch - 38 loss: 0.317 accuracy: 89.002
epoch - 39 loss: 0.309 accuracy: 89.082
epoch - 40 loss: 0.309 accuracy: 89.085 val_loss: 0.354 val_acc: 88.730
epoch - 41 loss: 0.297 accuracy: 89.733
epoch - 42 loss: 0.293 accuracy: 89.860
epoch - 43 loss: 0.294 accuracy: 89.728
epoch - 44 loss: 0.287 accuracy: 89.907
epoch - 45 loss: 0.286 accuracy: 89.930
epoch - 46 loss: 0.286 accuracy: 89.980
epoch - 47 loss: 0.278 accuracy: 90.225
epoch - 48 loss: 0.272 accuracy: 90.483
epoch - 49 loss: 0.271 accuracy: 90.653
epoch - 50 loss: 0.264 accuracy: 90.793 val_loss: 0.336 val_acc: 88.870
epoch - 51 loss: 0.265 accuracy: 90.692
epoch - 52 loss: 0.260 accuracy: 90.915
epoch - 53 loss: 0.261 accuracy: 90.868
epoch - 54 loss: 0.259 accuracy: 90.810
epoch - 55 loss: 0.252 accuracy: 91.395
epoch - 56 loss: 0.251 accuracy: 91.097
epoch - 57 loss: 0.254 accuracy: 91.017
epoch - 58 loss: 0.241 accuracy: 91.595
epoch - 59 loss: 0.250 accuracy: 91.270
epoch - 60 loss: 0.234 accuracy: 91.750 val_loss: 0.366 val_acc: 88.760
epoch - 61 loss: 0.234 accuracy: 91.793
epoch - 62 loss: 0.243 accuracy: 91.480
epoch - 63 loss: 0.232 accuracy: 91.998
epoch - 64 loss: 0.234 accuracy: 91.832
epoch - 65 loss: 0.231 accuracy: 92.015
epoch - 66 loss: 0.225 accuracy: 92.215
epoch - 67 loss: 0.223 accuracy: 92.200
epoch - 68 loss: 0.222 accuracy: 92.267
epoch - 69 loss: 0.223 accuracy: 92.062
epoch - 70 loss: 0.221 accuracy: 92.210 val_loss: 0.343 val_acc: 89.450
epoch - 71 loss: 0.220 accuracy: 92.263
epoch - 72 loss: 0.211 accuracy: 92.582
epoch - 73 loss: 0.217 accuracy: 92.338
epoch - 74 loss: 0.210 accuracy: 92.407
epoch - 75 loss: 0.209 accuracy: 92.675
epoch - 76 loss: 0.207 accuracy: 92.847
epoch - 77 loss: 0.211 accuracy: 92.718
epoch - 78 loss: 0.203 accuracy: 92.765
epoch - 79 loss: 0.206 accuracy: 92.750
epoch - 80 loss: 0.200 accuracy: 92.877 val_loss: 0.354 val_acc: 89.620
epoch - 81 loss: 0.194 accuracy: 93.150
epoch - 82 loss: 0.203 accuracy: 92.850
epoch - 83 loss: 0.199 accuracy: 93.105
epoch - 84 loss: 0.197 accuracy: 93.145
epoch - 85 loss: 0.195 accuracy: 93.220
epoch - 86 loss: 0.187 accuracy: 93.470
epoch - 87 loss: 0.191 accuracy: 93.157
epoch - 88 loss: 0.189 accuracy: 93.235
epoch - 89 loss: 0.188 accuracy: 93.412
epoch - 90 loss: 0.193 accuracy: 93.332 val_loss: 0.334 val_acc: 90.190
epoch - 91 loss: 0.183 accuracy: 93.750
epoch - 92 loss: 0.187 accuracy: 93.368
epoch - 93 loss: 0.187 accuracy: 93.425
epoch - 94 loss: 0.182 accuracy: 93.573
epoch - 95 loss: 0.184 accuracy: 93.403
epoch - 96 loss: 0.176 accuracy: 93.830
epoch - 97 loss: 0.179 accuracy: 93.650
epoch - 98 loss: 0.178 accuracy: 93.647
epoch - 99 loss: 0.177 accuracy: 93.815
Finished training
Test loss: 0.337 accuracy: 89.840
Patch shuffle test loss for patch-size 16: 1.2387209542189972 accuracy: 64.42
Patch shuffle test loss for patch-size 8: 2.7808485755437538 accuracy: 37.68
Done: Plain-Old-CIFAR10-CNN
