==============================
Job ID     : 15593
Array ID   : 1
Model      : D-shuffletruffle-Attention
Node       : lair-g3
GPU        : NVIDIA L40S
==============================
Files already downloaded and verified
Files already downloaded and verified
Net_D_shuffletruffle_Attention(
  (patch_embed): Linear(in_features=768, out_features=128, bias=True)
  (embed_norm): LayerNorm((128,), eps=1e-05, elementwise_affine=True)
  (blocks): ModuleList(
    (0-3): 4 x TransformerBlock(
      (norm1): LayerNorm((128,), eps=1e-05, elementwise_affine=True)
      (attn): MultiheadAttention(
        (out_proj): NonDynamicallyQuantizableLinear(in_features=128, out_features=128, bias=True)
      )
      (norm2): LayerNorm((128,), eps=1e-05, elementwise_affine=True)
      (mlp): Sequential(
        (0): Linear(in_features=128, out_features=512, bias=True)
        (1): GELU(approximate='none')
        (2): Dropout(p=0.1, inplace=False)
        (3): Linear(in_features=512, out_features=128, bias=True)
        (4): Dropout(p=0.1, inplace=False)
      )
    )
  )
  (norm): LayerNorm((128,), eps=1e-05, elementwise_affine=True)
  (classifier): Sequential(
    (0): Linear(in_features=128, out_features=256, bias=True)
    (1): GELU(approximate='none')
    (2): Dropout(p=0.1, inplace=False)
    (3): Linear(in_features=256, out_features=10, bias=True)
  )
)
epoch - 0 loss: 1.967 accuracy: 27.380 val_loss: 1.832 val_acc: 33.500
epoch - 1 loss: 1.773 accuracy: 35.453
epoch - 2 loss: 1.687 accuracy: 38.328
epoch - 3 loss: 1.613 accuracy: 41.237
epoch - 4 loss: 1.562 accuracy: 43.422
epoch - 5 loss: 1.514 accuracy: 44.947
epoch - 6 loss: 1.477 accuracy: 46.545
epoch - 7 loss: 1.437 accuracy: 47.940
epoch - 8 loss: 1.408 accuracy: 49.275
epoch - 9 loss: 1.373 accuracy: 50.620
epoch - 10 loss: 1.348 accuracy: 51.370 val_loss: 1.493 val_acc: 47.510
epoch - 11 loss: 1.315 accuracy: 52.665
epoch - 12 loss: 1.292 accuracy: 53.435
epoch - 13 loss: 1.258 accuracy: 54.782
epoch - 14 loss: 1.234 accuracy: 55.833
epoch - 15 loss: 1.210 accuracy: 56.532
epoch - 16 loss: 1.190 accuracy: 57.292
epoch - 17 loss: 1.165 accuracy: 58.237
epoch - 18 loss: 1.140 accuracy: 59.365
epoch - 19 loss: 1.120 accuracy: 60.038
epoch - 20 loss: 1.095 accuracy: 61.025 val_loss: 1.459 val_acc: 49.390
epoch - 21 loss: 1.073 accuracy: 61.520
epoch - 22 loss: 1.048 accuracy: 62.633
epoch - 23 loss: 1.026 accuracy: 63.215
epoch - 24 loss: 1.014 accuracy: 63.807
epoch - 25 loss: 0.986 accuracy: 64.805
epoch - 26 loss: 0.954 accuracy: 65.935
epoch - 27 loss: 0.937 accuracy: 66.532
epoch - 28 loss: 0.926 accuracy: 66.750
epoch - 29 loss: 0.901 accuracy: 67.840
epoch - 30 loss: 0.874 accuracy: 68.718 val_loss: 1.586 val_acc: 50.540
epoch - 31 loss: 0.854 accuracy: 69.543
epoch - 32 loss: 0.835 accuracy: 69.933
epoch - 33 loss: 0.823 accuracy: 70.507
epoch - 34 loss: 0.794 accuracy: 71.618
epoch - 35 loss: 0.777 accuracy: 72.168
epoch - 36 loss: 0.753 accuracy: 72.865
epoch - 37 loss: 0.734 accuracy: 73.778
epoch - 38 loss: 0.716 accuracy: 74.552
epoch - 39 loss: 0.700 accuracy: 74.980
epoch - 40 loss: 0.678 accuracy: 75.880 val_loss: 1.786 val_acc: 49.430
epoch - 41 loss: 0.663 accuracy: 76.380
epoch - 42 loss: 0.639 accuracy: 77.070
epoch - 43 loss: 0.629 accuracy: 77.502
epoch - 44 loss: 0.610 accuracy: 78.360
epoch - 45 loss: 0.596 accuracy: 78.770
epoch - 46 loss: 0.582 accuracy: 79.465
epoch - 47 loss: 0.553 accuracy: 80.200
epoch - 48 loss: 0.550 accuracy: 80.545
epoch - 49 loss: 0.528 accuracy: 81.155
epoch - 50 loss: 0.520 accuracy: 81.522 val_loss: 1.964 val_acc: 49.690
epoch - 51 loss: 0.502 accuracy: 81.980
epoch - 52 loss: 0.481 accuracy: 82.918
epoch - 53 loss: 0.474 accuracy: 83.000
epoch - 54 loss: 0.462 accuracy: 83.455
epoch - 55 loss: 0.453 accuracy: 83.963
epoch - 56 loss: 0.430 accuracy: 84.860
epoch - 57 loss: 0.427 accuracy: 84.843
epoch - 58 loss: 0.419 accuracy: 84.907
epoch - 59 loss: 0.405 accuracy: 85.463
epoch - 60 loss: 0.388 accuracy: 86.093 val_loss: 2.269 val_acc: 50.680
epoch - 61 loss: 0.381 accuracy: 86.310
epoch - 62 loss: 0.369 accuracy: 86.845
epoch - 63 loss: 0.357 accuracy: 87.220
epoch - 64 loss: 0.347 accuracy: 87.700
epoch - 65 loss: 0.337 accuracy: 88.017
epoch - 66 loss: 0.322 accuracy: 88.435
epoch - 67 loss: 0.322 accuracy: 88.403
epoch - 68 loss: 0.308 accuracy: 88.983
epoch - 69 loss: 0.304 accuracy: 89.175
epoch - 70 loss: 0.294 accuracy: 89.468 val_loss: 2.542 val_acc: 49.690
epoch - 71 loss: 0.287 accuracy: 89.770
epoch - 72 loss: 0.291 accuracy: 89.498
epoch - 73 loss: 0.269 accuracy: 90.410
epoch - 74 loss: 0.274 accuracy: 90.248
epoch - 75 loss: 0.261 accuracy: 90.670
epoch - 76 loss: 0.248 accuracy: 91.082
epoch - 77 loss: 0.244 accuracy: 91.403
epoch - 78 loss: 0.248 accuracy: 91.040
epoch - 79 loss: 0.233 accuracy: 91.600
epoch - 80 loss: 0.228 accuracy: 91.845 val_loss: 2.751 val_acc: 49.850
epoch - 81 loss: 0.223 accuracy: 92.020
epoch - 82 loss: 0.214 accuracy: 92.380
epoch - 83 loss: 0.217 accuracy: 92.330
epoch - 84 loss: 0.223 accuracy: 92.100
epoch - 85 loss: 0.201 accuracy: 92.850
epoch - 86 loss: 0.199 accuracy: 92.910
epoch - 87 loss: 0.199 accuracy: 92.948
epoch - 88 loss: 0.189 accuracy: 93.265
epoch - 89 loss: 0.187 accuracy: 93.418
epoch - 90 loss: 0.183 accuracy: 93.515 val_loss: 2.892 val_acc: 49.650
epoch - 91 loss: 0.182 accuracy: 93.590
epoch - 92 loss: 0.174 accuracy: 93.868
epoch - 93 loss: 0.174 accuracy: 93.905
epoch - 94 loss: 0.171 accuracy: 93.922
epoch - 95 loss: 0.167 accuracy: 94.052
epoch - 96 loss: 0.160 accuracy: 94.328
epoch - 97 loss: 0.161 accuracy: 94.390
epoch - 98 loss: 0.145 accuracy: 94.910
epoch - 99 loss: 0.158 accuracy: 94.495
Finished training
Test loss: 3.040 accuracy: 50.300
Patch shuffle test loss for patch-size 16: 3.0404293235344224 accuracy: 50.3
Patch shuffle test loss for patch-size 8: 5.680591202989409 accuracy: 23.11
Done: D-shuffletruffle-Attention
