==============================
Job ID     : 15644
Array ID   : 8
Model      : N-shuffletruffle-Attention
Node       : lair-g2
GPU        : NVIDIA L40S
==============================
Files already downloaded and verified
Files already downloaded and verified
Net_N_shuffletruffle_Attention(
  (patch_embed): Linear(in_features=192, out_features=128, bias=True)
  (embed_norm): LayerNorm((128,), eps=1e-05, elementwise_affine=True)
  (blocks): ModuleList(
    (0-3): 4 x TransformerBlock(
      (norm1): LayerNorm((128,), eps=1e-05, elementwise_affine=True)
      (attn): MultiheadAttention(
        (out_proj): NonDynamicallyQuantizableLinear(in_features=128, out_features=128, bias=True)
      )
      (norm2): LayerNorm((128,), eps=1e-05, elementwise_affine=True)
      (mlp): Sequential(
        (0): Linear(in_features=128, out_features=512, bias=True)
        (1): GELU(approximate='none')
        (2): Dropout(p=0.1, inplace=False)
        (3): Linear(in_features=512, out_features=128, bias=True)
        (4): Dropout(p=0.1, inplace=False)
      )
    )
  )
  (norm): LayerNorm((128,), eps=1e-05, elementwise_affine=True)
  (classifier): Sequential(
    (0): Linear(in_features=128, out_features=256, bias=True)
    (1): GELU(approximate='none')
    (2): Dropout(p=0.1, inplace=False)
    (3): Linear(in_features=256, out_features=10, bias=True)
  )
)
epoch - 0 loss: 2.109 accuracy: 20.130 val_loss: 2.084 val_acc: 21.380
epoch - 1 loss: 2.064 accuracy: 22.207
epoch - 2 loss: 2.040 accuracy: 23.145
epoch - 3 loss: 2.014 accuracy: 24.700
epoch - 4 loss: 2.041 accuracy: 23.485
epoch - 5 loss: 2.033 accuracy: 23.630
epoch - 6 loss: 1.997 accuracy: 25.675
epoch - 7 loss: 1.991 accuracy: 25.985
epoch - 8 loss: 1.993 accuracy: 25.640
epoch - 9 loss: 2.009 accuracy: 25.358
epoch - 10 loss: 2.018 accuracy: 24.430 val_loss: 2.001 val_acc: 25.750
epoch - 11 loss: 2.001 accuracy: 24.968
epoch - 12 loss: 2.000 accuracy: 25.343
epoch - 13 loss: 1.991 accuracy: 25.865
epoch - 14 loss: 1.978 accuracy: 26.282
epoch - 15 loss: 1.965 accuracy: 26.940
epoch - 16 loss: 1.961 accuracy: 27.427
epoch - 17 loss: 1.965 accuracy: 26.927
epoch - 18 loss: 1.969 accuracy: 26.902
epoch - 19 loss: 1.971 accuracy: 26.865
epoch - 20 loss: 2.019 accuracy: 24.477 val_loss: 2.018 val_acc: 24.260
epoch - 21 loss: 2.005 accuracy: 24.970
epoch - 22 loss: 2.003 accuracy: 25.410
epoch - 23 loss: 1.991 accuracy: 26.253
epoch - 24 loss: 1.976 accuracy: 26.780
epoch - 25 loss: 1.970 accuracy: 26.920
epoch - 26 loss: 1.963 accuracy: 27.328
epoch - 27 loss: 1.958 accuracy: 27.598
epoch - 28 loss: 1.953 accuracy: 27.755
epoch - 29 loss: 1.940 accuracy: 28.000
epoch - 30 loss: 1.932 accuracy: 28.570 val_loss: 1.960 val_acc: 27.490
epoch - 31 loss: 1.937 accuracy: 28.613
epoch - 32 loss: 1.931 accuracy: 28.683
epoch - 33 loss: 1.925 accuracy: 29.008
epoch - 34 loss: 1.926 accuracy: 29.045
epoch - 35 loss: 1.942 accuracy: 28.148
epoch - 36 loss: 1.929 accuracy: 28.415
epoch - 37 loss: 1.927 accuracy: 28.422
epoch - 38 loss: 1.921 accuracy: 28.790
epoch - 39 loss: 1.926 accuracy: 28.740
epoch - 40 loss: 1.920 accuracy: 28.992 val_loss: 1.962 val_acc: 27.460
epoch - 41 loss: 1.916 accuracy: 29.120
epoch - 42 loss: 1.923 accuracy: 28.948
epoch - 43 loss: 1.923 accuracy: 29.128
epoch - 44 loss: 1.920 accuracy: 29.312
epoch - 45 loss: 1.917 accuracy: 29.305
epoch - 46 loss: 1.919 accuracy: 28.940
epoch - 47 loss: 1.922 accuracy: 29.060
epoch - 48 loss: 1.924 accuracy: 28.680
epoch - 49 loss: 1.926 accuracy: 28.765
epoch - 50 loss: 1.931 accuracy: 28.220 val_loss: 1.921 val_acc: 29.300
epoch - 51 loss: 1.914 accuracy: 28.850
epoch - 52 loss: 1.901 accuracy: 29.727
epoch - 53 loss: 1.902 accuracy: 29.738
epoch - 54 loss: 1.898 accuracy: 30.015
epoch - 55 loss: 1.894 accuracy: 29.922
epoch - 56 loss: 1.899 accuracy: 29.902
epoch - 57 loss: 1.883 accuracy: 30.142
epoch - 58 loss: 1.884 accuracy: 30.170
epoch - 59 loss: 1.897 accuracy: 29.983
epoch - 60 loss: 1.888 accuracy: 30.125 val_loss: 1.885 val_acc: 30.750
epoch - 61 loss: 1.880 accuracy: 30.438
epoch - 62 loss: 1.883 accuracy: 30.473
epoch - 63 loss: 1.903 accuracy: 29.385
epoch - 64 loss: 1.894 accuracy: 29.700
epoch - 65 loss: 1.895 accuracy: 29.773
epoch - 66 loss: 1.895 accuracy: 29.902
epoch - 67 loss: 1.885 accuracy: 30.195
epoch - 68 loss: 1.882 accuracy: 30.390
epoch - 69 loss: 1.873 accuracy: 30.920
epoch - 70 loss: 1.873 accuracy: 30.802 val_loss: 1.890 val_acc: 30.430
epoch - 71 loss: 1.878 accuracy: 30.525
epoch - 72 loss: 1.882 accuracy: 30.422
epoch - 73 loss: 1.897 accuracy: 30.170
epoch - 74 loss: 1.899 accuracy: 29.883
epoch - 75 loss: 1.884 accuracy: 30.420
epoch - 76 loss: 1.875 accuracy: 30.820
epoch - 77 loss: 1.867 accuracy: 31.160
epoch - 78 loss: 1.869 accuracy: 30.992
epoch - 79 loss: 1.860 accuracy: 31.350
epoch - 80 loss: 1.862 accuracy: 31.142 val_loss: 1.867 val_acc: 31.080
epoch - 81 loss: 1.873 accuracy: 30.670
epoch - 82 loss: 1.870 accuracy: 30.723
epoch - 83 loss: 1.858 accuracy: 31.295
epoch - 84 loss: 1.851 accuracy: 31.435
epoch - 85 loss: 1.851 accuracy: 31.578
epoch - 86 loss: 1.849 accuracy: 31.648
epoch - 87 loss: 1.866 accuracy: 31.203
epoch - 88 loss: 1.865 accuracy: 31.105
epoch - 89 loss: 1.856 accuracy: 31.352
epoch - 90 loss: 1.867 accuracy: 31.012 val_loss: 1.875 val_acc: 31.520
epoch - 91 loss: 1.852 accuracy: 31.250
epoch - 92 loss: 1.884 accuracy: 30.465
epoch - 93 loss: 1.893 accuracy: 30.122
epoch - 94 loss: 1.872 accuracy: 30.878
epoch - 95 loss: 1.864 accuracy: 30.878
epoch - 96 loss: 1.868 accuracy: 31.085
epoch - 97 loss: 1.868 accuracy: 31.102
epoch - 98 loss: 1.870 accuracy: 31.047
epoch - 99 loss: 1.875 accuracy: 30.845
Finished training
Test loss: 1.872 accuracy: 30.770
Patch shuffle test loss for patch-size 16: 1.872122663485853 accuracy: 30.77
Patch shuffle test loss for patch-size 8: 1.8721226453781128 accuracy: 30.77
Done: N-shuffletruffle-Attention
