==============================
Job ID     : 16633
Array ID   : 3
Model      : Plain-Old-CIFAR10-CNN
Node       : lair-g6
GPU        : NVIDIA L40S
==============================
Net_CNN(
  (stem): Sequential(
    (0): Conv2d(3, 32, kernel_size=(3, 3), stride=(1, 1), padding=(1, 1), bias=False)
    (1): BatchNorm2d(32, eps=1e-05, momentum=0.1, affine=True, track_running_stats=True)
    (2): ReLU(inplace=True)
  )
  (layer1): Sequential(
    (0): ResidualBlock(
      (conv1): Conv2d(32, 32, kernel_size=(3, 3), stride=(1, 1), padding=(1, 1), bias=False)
      (bn1): BatchNorm2d(32, eps=1e-05, momentum=0.1, affine=True, track_running_stats=True)
      (relu): ReLU(inplace=True)
      (dropout): Dropout2d(p=0.1, inplace=False)
      (conv2): Conv2d(32, 32, kernel_size=(3, 3), stride=(1, 1), padding=(1, 1), bias=False)
      (bn2): BatchNorm2d(32, eps=1e-05, momentum=0.1, affine=True, track_running_stats=True)
      (shortcut): Identity()
    )
    (1): ResidualBlock(
      (conv1): Conv2d(32, 32, kernel_size=(3, 3), stride=(1, 1), padding=(1, 1), bias=False)
      (bn1): BatchNorm2d(32, eps=1e-05, momentum=0.1, affine=True, track_running_stats=True)
      (relu): ReLU(inplace=True)
      (dropout): Dropout2d(p=0.1, inplace=False)
      (conv2): Conv2d(32, 32, kernel_size=(3, 3), stride=(1, 1), padding=(1, 1), bias=False)
      (bn2): BatchNorm2d(32, eps=1e-05, momentum=0.1, affine=True, track_running_stats=True)
      (shortcut): Identity()
    )
  )
  (layer2): Sequential(
    (0): ResidualBlock(
      (conv1): Conv2d(32, 64, kernel_size=(3, 3), stride=(2, 2), padding=(1, 1), bias=False)
      (bn1): BatchNorm2d(64, eps=1e-05, momentum=0.1, affine=True, track_running_stats=True)
      (relu): ReLU(inplace=True)
      (dropout): Dropout2d(p=0.1, inplace=False)
      (conv2): Conv2d(64, 64, kernel_size=(3, 3), stride=(1, 1), padding=(1, 1), bias=False)
      (bn2): BatchNorm2d(64, eps=1e-05, momentum=0.1, affine=True, track_running_stats=True)
      (shortcut): Sequential(
        (0): Conv2d(32, 64, kernel_size=(1, 1), stride=(2, 2), bias=False)
        (1): BatchNorm2d(64, eps=1e-05, momentum=0.1, affine=True, track_running_stats=True)
      )
    )
    (1): ResidualBlock(
      (conv1): Conv2d(64, 64, kernel_size=(3, 3), stride=(1, 1), padding=(1, 1), bias=False)
      (bn1): BatchNorm2d(64, eps=1e-05, momentum=0.1, affine=True, track_running_stats=True)
      (relu): ReLU(inplace=True)
      (dropout): Dropout2d(p=0.1, inplace=False)
      (conv2): Conv2d(64, 64, kernel_size=(3, 3), stride=(1, 1), padding=(1, 1), bias=False)
      (bn2): BatchNorm2d(64, eps=1e-05, momentum=0.1, affine=True, track_running_stats=True)
      (shortcut): Identity()
    )
  )
  (layer3): Sequential(
    (0): ResidualBlock(
      (conv1): Conv2d(64, 128, kernel_size=(3, 3), stride=(2, 2), padding=(1, 1), bias=False)
      (bn1): BatchNorm2d(128, eps=1e-05, momentum=0.1, affine=True, track_running_stats=True)
      (relu): ReLU(inplace=True)
      (dropout): Dropout2d(p=0.1, inplace=False)
      (conv2): Conv2d(128, 128, kernel_size=(3, 3), stride=(1, 1), padding=(1, 1), bias=False)
      (bn2): BatchNorm2d(128, eps=1e-05, momentum=0.1, affine=True, track_running_stats=True)
      (shortcut): Sequential(
        (0): Conv2d(64, 128, kernel_size=(1, 1), stride=(2, 2), bias=False)
        (1): BatchNorm2d(128, eps=1e-05, momentum=0.1, affine=True, track_running_stats=True)
      )
    )
    (1): ResidualBlock(
      (conv1): Conv2d(128, 128, kernel_size=(3, 3), stride=(1, 1), padding=(1, 1), bias=False)
      (bn1): BatchNorm2d(128, eps=1e-05, momentum=0.1, affine=True, track_running_stats=True)
      (relu): ReLU(inplace=True)
      (dropout): Dropout2d(p=0.1, inplace=False)
      (conv2): Conv2d(128, 128, kernel_size=(3, 3), stride=(1, 1), padding=(1, 1), bias=False)
      (bn2): BatchNorm2d(128, eps=1e-05, momentum=0.1, affine=True, track_running_stats=True)
      (shortcut): Identity()
    )
  )
  (pool): AdaptiveAvgPool2d(output_size=(1, 1))
  (classifier): Sequential(
    (0): Linear(in_features=128, out_features=256, bias=True)
    (1): GELU(approximate='none')
    (2): Dropout(p=0.3, inplace=False)
    (3): Linear(in_features=256, out_features=10, bias=True)
  )
)
epoch - 0 loss: 1.927 accuracy: 26.293 val_loss: 1.687 val_acc: 35.770
epoch - 1 loss: 1.597 accuracy: 40.565
epoch - 2 loss: 1.338 accuracy: 50.833
epoch - 3 loss: 1.150 accuracy: 58.727
epoch - 4 loss: 1.018 accuracy: 63.998
epoch - 5 loss: 0.905 accuracy: 68.090
epoch - 6 loss: 0.813 accuracy: 71.760
epoch - 7 loss: 0.746 accuracy: 74.138
epoch - 8 loss: 0.695 accuracy: 76.287
epoch - 9 loss: 0.648 accuracy: 77.840
epoch - 10 loss: 0.620 accuracy: 78.615 val_loss: 0.549 val_acc: 81.330
epoch - 11 loss: 0.593 accuracy: 79.550
epoch - 12 loss: 0.565 accuracy: 80.498
epoch - 13 loss: 0.541 accuracy: 81.265
epoch - 14 loss: 0.523 accuracy: 82.095
epoch - 15 loss: 0.508 accuracy: 82.480
epoch - 16 loss: 0.490 accuracy: 83.080
epoch - 17 loss: 0.472 accuracy: 83.912
epoch - 18 loss: 0.459 accuracy: 84.060
epoch - 19 loss: 0.448 accuracy: 84.365
epoch - 20 loss: 0.441 accuracy: 84.705 val_loss: 0.445 val_acc: 84.920
epoch - 21 loss: 0.424 accuracy: 85.323
epoch - 22 loss: 0.419 accuracy: 85.595
epoch - 23 loss: 0.403 accuracy: 86.073
epoch - 24 loss: 0.394 accuracy: 86.470
epoch - 25 loss: 0.391 accuracy: 86.567
epoch - 26 loss: 0.382 accuracy: 86.632
epoch - 27 loss: 0.377 accuracy: 86.945
epoch - 28 loss: 0.370 accuracy: 87.362
epoch - 29 loss: 0.359 accuracy: 87.537
epoch - 30 loss: 0.354 accuracy: 88.000 val_loss: 0.412 val_acc: 86.060
epoch - 31 loss: 0.347 accuracy: 88.010
epoch - 32 loss: 0.338 accuracy: 88.245
epoch - 33 loss: 0.335 accuracy: 88.265
epoch - 34 loss: 0.334 accuracy: 88.422
epoch - 35 loss: 0.322 accuracy: 88.843
epoch - 36 loss: 0.316 accuracy: 89.175
epoch - 37 loss: 0.313 accuracy: 89.123
epoch - 38 loss: 0.305 accuracy: 89.315
epoch - 39 loss: 0.299 accuracy: 89.555
epoch - 40 loss: 0.299 accuracy: 89.442 val_loss: 0.344 val_acc: 88.810
epoch - 41 loss: 0.292 accuracy: 89.873
epoch - 42 loss: 0.284 accuracy: 90.062
epoch - 43 loss: 0.289 accuracy: 89.953
epoch - 44 loss: 0.278 accuracy: 90.270
epoch - 45 loss: 0.278 accuracy: 90.272
epoch - 46 loss: 0.280 accuracy: 90.127
epoch - 47 loss: 0.273 accuracy: 90.420
epoch - 48 loss: 0.272 accuracy: 90.445
epoch - 49 loss: 0.267 accuracy: 90.715
epoch - 50 loss: 0.260 accuracy: 90.875 val_loss: 0.324 val_acc: 89.460
epoch - 51 loss: 0.260 accuracy: 90.877
epoch - 52 loss: 0.258 accuracy: 90.767
epoch - 53 loss: 0.250 accuracy: 91.205
epoch - 54 loss: 0.248 accuracy: 91.175
epoch - 55 loss: 0.252 accuracy: 91.265
epoch - 56 loss: 0.245 accuracy: 91.338
epoch - 57 loss: 0.237 accuracy: 91.668
epoch - 58 loss: 0.238 accuracy: 91.730
epoch - 59 loss: 0.238 accuracy: 91.657
epoch - 60 loss: 0.234 accuracy: 91.750 val_loss: 0.358 val_acc: 88.770
epoch - 61 loss: 0.231 accuracy: 91.725
epoch - 62 loss: 0.230 accuracy: 91.957
epoch - 63 loss: 0.230 accuracy: 91.953
epoch - 64 loss: 0.235 accuracy: 91.957
epoch - 65 loss: 0.226 accuracy: 92.005
epoch - 66 loss: 0.224 accuracy: 92.045
epoch - 67 loss: 0.219 accuracy: 92.310
epoch - 68 loss: 0.212 accuracy: 92.463
epoch - 69 loss: 0.213 accuracy: 92.610
epoch - 70 loss: 0.213 accuracy: 92.567 val_loss: 0.319 val_acc: 90.080
epoch - 71 loss: 0.214 accuracy: 92.380
epoch - 72 loss: 0.214 accuracy: 92.472
epoch - 73 loss: 0.213 accuracy: 92.480
epoch - 74 loss: 0.209 accuracy: 92.737
epoch - 75 loss: 0.210 accuracy: 92.710
epoch - 76 loss: 0.201 accuracy: 92.843
epoch - 77 loss: 0.210 accuracy: 92.675
epoch - 78 loss: 0.206 accuracy: 92.743
epoch - 79 loss: 0.197 accuracy: 93.105
epoch - 80 loss: 0.196 accuracy: 93.045 val_loss: 0.315 val_acc: 90.210
epoch - 81 loss: 0.200 accuracy: 93.037
epoch - 82 loss: 0.197 accuracy: 92.948
epoch - 83 loss: 0.194 accuracy: 93.162
epoch - 84 loss: 0.193 accuracy: 93.315
epoch - 85 loss: 0.184 accuracy: 93.448
epoch - 86 loss: 0.196 accuracy: 93.093
epoch - 87 loss: 0.185 accuracy: 93.485
epoch - 88 loss: 0.185 accuracy: 93.493
epoch - 89 loss: 0.183 accuracy: 93.615
epoch - 90 loss: 0.184 accuracy: 93.575 val_loss: 0.349 val_acc: 89.450
epoch - 91 loss: 0.182 accuracy: 93.555
epoch - 92 loss: 0.185 accuracy: 93.603
epoch - 93 loss: 0.180 accuracy: 93.720
epoch - 94 loss: 0.173 accuracy: 93.903
epoch - 95 loss: 0.182 accuracy: 93.695
epoch - 96 loss: 0.177 accuracy: 93.812
epoch - 97 loss: 0.176 accuracy: 93.850
epoch - 98 loss: 0.175 accuracy: 93.853
epoch - 99 loss: 0.174 accuracy: 93.895
Finished training
Test loss: 0.353 accuracy: 90.030
Patch shuffle test loss for patch-size 16: 1.3834379534178143 accuracy: 62.18
Patch shuffle test loss for patch-size 8: 3.2322932164880296 accuracy: 35.52
Done: Plain-Old-CIFAR10-CNN
