==============================
Job ID     : 15580
Array ID   : 6
Model      : Plain-Old-CIFAR10-Attention
Node       : lair-g2
GPU        : NVIDIA L40S
==============================
Net_Attention(
  (patch_embed): Linear(in_features=48, out_features=128, bias=True)
  (blocks): ModuleList(
    (0-3): 4 x TransformerBlock(
      (norm1): LayerNorm((128,), eps=1e-05, elementwise_affine=True)
      (attn): MultiheadAttention(
        (out_proj): NonDynamicallyQuantizableLinear(in_features=128, out_features=128, bias=True)
      )
      (norm2): LayerNorm((128,), eps=1e-05, elementwise_affine=True)
      (mlp): Sequential(
        (0): Linear(in_features=128, out_features=512, bias=True)
        (1): GELU(approximate='none')
        (2): Dropout(p=0.1, inplace=False)
        (3): Linear(in_features=512, out_features=128, bias=True)
        (4): Dropout(p=0.1, inplace=False)
      )
    )
  )
  (norm): LayerNorm((128,), eps=1e-05, elementwise_affine=True)
  (classifier): Linear(in_features=128, out_features=10, bias=True)
)
epoch - 0 loss: 2.302 accuracy: 12.373 val_loss: 2.181 val_acc: 16.250
epoch - 1 loss: 2.266 accuracy: 12.825
epoch - 2 loss: 2.170 accuracy: 15.875
epoch - 3 loss: 2.140 accuracy: 17.062
epoch - 4 loss: 2.127 accuracy: 18.105
epoch - 5 loss: 2.155 accuracy: 18.305
epoch - 6 loss: 2.272 accuracy: 13.205
epoch - 7 loss: 2.252 accuracy: 13.895
epoch - 8 loss: 2.232 accuracy: 14.165
epoch - 9 loss: 2.260 accuracy: 13.760
epoch - 10 loss: 2.242 accuracy: 14.145 val_loss: 2.421 val_acc: 11.610
epoch - 11 loss: 2.265 accuracy: 13.475
epoch - 12 loss: 2.233 accuracy: 15.037
epoch - 13 loss: 2.218 accuracy: 16.100
epoch - 14 loss: 2.193 accuracy: 16.848
epoch - 15 loss: 2.182 accuracy: 17.433
epoch - 16 loss: 2.207 accuracy: 15.383
epoch - 17 loss: 2.209 accuracy: 15.762
epoch - 18 loss: 2.207 accuracy: 15.380
epoch - 19 loss: 2.188 accuracy: 16.058
epoch - 20 loss: 2.186 accuracy: 16.315 val_loss: 2.289 val_acc: 13.750
epoch - 21 loss: 2.281 accuracy: 12.078
epoch - 22 loss: 2.286 accuracy: 11.890
epoch - 23 loss: 2.243 accuracy: 14.575
epoch - 24 loss: 2.236 accuracy: 14.235
epoch - 25 loss: 2.225 accuracy: 14.795
epoch - 26 loss: 2.217 accuracy: 15.242
epoch - 27 loss: 2.210 accuracy: 15.390
epoch - 28 loss: 2.228 accuracy: 14.738
epoch - 29 loss: 2.218 accuracy: 14.572
epoch - 30 loss: 2.207 accuracy: 15.047 val_loss: 2.347 val_acc: 11.870
epoch - 31 loss: 2.195 accuracy: 15.312
epoch - 32 loss: 2.194 accuracy: 15.245
epoch - 33 loss: 2.186 accuracy: 15.360
epoch - 34 loss: 2.180 accuracy: 15.328
epoch - 35 loss: 2.181 accuracy: 15.960
epoch - 36 loss: 2.172 accuracy: 16.260
epoch - 37 loss: 2.167 accuracy: 16.125
epoch - 38 loss: 2.168 accuracy: 16.385
epoch - 39 loss: 2.155 accuracy: 16.770
epoch - 40 loss: 2.165 accuracy: 16.573 val_loss: 2.179 val_acc: 15.350
epoch - 41 loss: 2.165 accuracy: 16.715
epoch - 42 loss: 2.164 accuracy: 16.562
epoch - 43 loss: 2.165 accuracy: 16.845
epoch - 44 loss: 2.159 accuracy: 17.040
epoch - 45 loss: 2.150 accuracy: 17.488
epoch - 46 loss: 2.131 accuracy: 18.545
epoch - 47 loss: 2.118 accuracy: 19.295
epoch - 48 loss: 2.109 accuracy: 19.907
epoch - 49 loss: 2.137 accuracy: 18.315
epoch - 50 loss: 2.132 accuracy: 18.883 val_loss: 2.132 val_acc: 18.350
epoch - 51 loss: 2.119 accuracy: 19.418
epoch - 52 loss: 2.147 accuracy: 17.535
epoch - 53 loss: 2.153 accuracy: 17.785
epoch - 54 loss: 2.148 accuracy: 18.102
epoch - 55 loss: 2.152 accuracy: 17.837
epoch - 56 loss: 2.155 accuracy: 17.858
epoch - 57 loss: 2.137 accuracy: 18.587
epoch - 58 loss: 2.133 accuracy: 18.670
epoch - 59 loss: 2.121 accuracy: 19.473
epoch - 60 loss: 2.130 accuracy: 19.172 val_loss: 2.133 val_acc: 18.910
epoch - 61 loss: 2.132 accuracy: 19.358
epoch - 62 loss: 2.124 accuracy: 19.663
epoch - 63 loss: 2.124 accuracy: 19.337
epoch - 64 loss: 2.133 accuracy: 19.445
epoch - 65 loss: 2.122 accuracy: 19.495
epoch - 66 loss: 2.111 accuracy: 19.880
epoch - 67 loss: 2.103 accuracy: 20.402
epoch - 68 loss: 2.096 accuracy: 20.340
epoch - 69 loss: 2.093 accuracy: 20.448
epoch - 70 loss: 2.087 accuracy: 20.767 val_loss: 2.136 val_acc: 17.850
epoch - 71 loss: 2.085 accuracy: 20.558
epoch - 72 loss: 2.107 accuracy: 19.593
epoch - 73 loss: 2.072 accuracy: 21.230
epoch - 74 loss: 2.063 accuracy: 21.440
epoch - 75 loss: 2.058 accuracy: 21.608
epoch - 76 loss: 2.059 accuracy: 21.450
epoch - 77 loss: 2.055 accuracy: 21.637
epoch - 78 loss: 2.056 accuracy: 21.660
epoch - 79 loss: 2.056 accuracy: 21.840
epoch - 80 loss: 2.050 accuracy: 22.095 val_loss: 2.115 val_acc: 18.400
epoch - 81 loss: 2.050 accuracy: 21.900
epoch - 82 loss: 2.046 accuracy: 21.885
epoch - 83 loss: 2.044 accuracy: 21.855
epoch - 84 loss: 2.043 accuracy: 22.010
epoch - 85 loss: 2.036 accuracy: 22.005
epoch - 86 loss: 2.049 accuracy: 21.552
epoch - 87 loss: 2.099 accuracy: 20.267
epoch - 88 loss: 2.084 accuracy: 21.087
epoch - 89 loss: 2.083 accuracy: 20.918
epoch - 90 loss: 2.075 accuracy: 21.152 val_loss: 2.134 val_acc: 19.940
epoch - 91 loss: 2.068 accuracy: 21.120
epoch - 92 loss: 2.058 accuracy: 21.387
epoch - 93 loss: 2.052 accuracy: 21.413
epoch - 94 loss: 2.071 accuracy: 21.128
epoch - 95 loss: 2.075 accuracy: 20.793
epoch - 96 loss: 2.063 accuracy: 21.420
epoch - 97 loss: 2.062 accuracy: 21.485
epoch - 98 loss: 2.067 accuracy: 20.953
epoch - 99 loss: 2.078 accuracy: 20.785
Finished training
Test loss: 2.083 accuracy: 21.020
Patch shuffle test loss for patch-size 16: 2.1492828689044035 accuracy: 19.07
Patch shuffle test loss for patch-size 8: 2.1537006927441946 accuracy: 19.2
Done: Plain-Old-CIFAR10-Attention
