==============================
Job ID     : 16625
Array ID   : 4
Model      : D-shuffletruffle-CNN
Node       : lair-g6
GPU        : NVIDIA L40S
==============================
Net_D_shuffletruffle_CNN(
  (patch_encoder): Sequential(
    (0): Conv2d(3, 32, kernel_size=(3, 3), stride=(1, 1), padding=(1, 1), bias=False)
    (1): BatchNorm2d(32, eps=1e-05, momentum=0.1, affine=True, track_running_stats=True)
    (2): ReLU(inplace=True)
    (3): ResidualBlock(
      (conv1): Conv2d(32, 32, kernel_size=(3, 3), stride=(1, 1), padding=(1, 1), bias=False)
      (bn1): BatchNorm2d(32, eps=1e-05, momentum=0.1, affine=True, track_running_stats=True)
      (relu): ReLU(inplace=True)
      (dropout): Dropout2d(p=0.1, inplace=False)
      (conv2): Conv2d(32, 32, kernel_size=(3, 3), stride=(1, 1), padding=(1, 1), bias=False)
      (bn2): BatchNorm2d(32, eps=1e-05, momentum=0.1, affine=True, track_running_stats=True)
      (shortcut): Identity()
    )
    (4): ResidualBlock(
      (conv1): Conv2d(32, 64, kernel_size=(3, 3), stride=(2, 2), padding=(1, 1), bias=False)
      (bn1): BatchNorm2d(64, eps=1e-05, momentum=0.1, affine=True, track_running_stats=True)
      (relu): ReLU(inplace=True)
      (dropout): Dropout2d(p=0.1, inplace=False)
      (conv2): Conv2d(64, 64, kernel_size=(3, 3), stride=(1, 1), padding=(1, 1), bias=False)
      (bn2): BatchNorm2d(64, eps=1e-05, momentum=0.1, affine=True, track_running_stats=True)
      (shortcut): Sequential(
        (0): Conv2d(32, 64, kernel_size=(1, 1), stride=(2, 2), bias=False)
        (1): BatchNorm2d(64, eps=1e-05, momentum=0.1, affine=True, track_running_stats=True)
      )
    )
    (5): ResidualBlock(
      (conv1): Conv2d(64, 128, kernel_size=(3, 3), stride=(2, 2), padding=(1, 1), bias=False)
      (bn1): BatchNorm2d(128, eps=1e-05, momentum=0.1, affine=True, track_running_stats=True)
      (relu): ReLU(inplace=True)
      (dropout): Dropout2d(p=0.1, inplace=False)
      (conv2): Conv2d(128, 128, kernel_size=(3, 3), stride=(1, 1), padding=(1, 1), bias=False)
      (bn2): BatchNorm2d(128, eps=1e-05, momentum=0.1, affine=True, track_running_stats=True)
      (shortcut): Sequential(
        (0): Conv2d(64, 128, kernel_size=(1, 1), stride=(2, 2), bias=False)
        (1): BatchNorm2d(128, eps=1e-05, momentum=0.1, affine=True, track_running_stats=True)
      )
    )
    (6): AdaptiveAvgPool2d(output_size=(1, 1))
  )
  (classifier): Sequential(
    (0): Linear(in_features=128, out_features=64, bias=True)
    (1): GELU(approximate='none')
    (2): Dropout(p=0.3, inplace=False)
    (3): Linear(in_features=64, out_features=10, bias=True)
  )
)
epoch - 0 loss: 1.866 accuracy: 28.160 val_loss: 1.800 val_acc: 34.750
epoch - 1 loss: 1.637 accuracy: 37.855
epoch - 2 loss: 1.455 accuracy: 45.992
epoch - 3 loss: 1.333 accuracy: 51.017
epoch - 4 loss: 1.247 accuracy: 54.890
epoch - 5 loss: 1.180 accuracy: 57.513
epoch - 6 loss: 1.132 accuracy: 59.447
epoch - 7 loss: 1.084 accuracy: 61.458
epoch - 8 loss: 1.046 accuracy: 62.667
epoch - 9 loss: 1.009 accuracy: 64.420
epoch - 10 loss: 0.974 accuracy: 65.522 val_loss: 0.898 val_acc: 68.410
epoch - 11 loss: 0.946 accuracy: 66.635
epoch - 12 loss: 0.926 accuracy: 67.125
epoch - 13 loss: 0.897 accuracy: 68.412
epoch - 14 loss: 0.882 accuracy: 69.070
epoch - 15 loss: 0.862 accuracy: 69.655
epoch - 16 loss: 0.848 accuracy: 70.020
epoch - 17 loss: 0.840 accuracy: 70.430
epoch - 18 loss: 0.812 accuracy: 71.650
epoch - 19 loss: 0.811 accuracy: 71.858
epoch - 20 loss: 0.794 accuracy: 72.412 val_loss: 0.807 val_acc: 72.820
epoch - 21 loss: 0.783 accuracy: 72.700
epoch - 22 loss: 0.768 accuracy: 73.515
epoch - 23 loss: 0.761 accuracy: 73.582
epoch - 24 loss: 0.754 accuracy: 73.925
epoch - 25 loss: 0.735 accuracy: 74.515
epoch - 26 loss: 0.737 accuracy: 74.487
epoch - 27 loss: 0.720 accuracy: 74.993
epoch - 28 loss: 0.714 accuracy: 75.220
epoch - 29 loss: 0.703 accuracy: 75.365
epoch - 30 loss: 0.699 accuracy: 75.808 val_loss: 0.703 val_acc: 76.160
epoch - 31 loss: 0.695 accuracy: 76.282
epoch - 32 loss: 0.692 accuracy: 76.145
epoch - 33 loss: 0.683 accuracy: 76.403
epoch - 34 loss: 0.679 accuracy: 76.567
epoch - 35 loss: 0.674 accuracy: 76.778
epoch - 36 loss: 0.668 accuracy: 76.993
epoch - 37 loss: 0.662 accuracy: 77.162
epoch - 38 loss: 0.657 accuracy: 77.207
epoch - 39 loss: 0.651 accuracy: 77.578
epoch - 40 loss: 0.646 accuracy: 77.953 val_loss: 0.633 val_acc: 78.600
epoch - 41 loss: 0.642 accuracy: 77.805
epoch - 42 loss: 0.635 accuracy: 77.787
epoch - 43 loss: 0.638 accuracy: 78.142
epoch - 44 loss: 0.631 accuracy: 77.963
epoch - 45 loss: 0.621 accuracy: 78.332
epoch - 46 loss: 0.629 accuracy: 77.970
epoch - 47 loss: 0.620 accuracy: 78.610
epoch - 48 loss: 0.620 accuracy: 78.585
epoch - 49 loss: 0.612 accuracy: 78.653
epoch - 50 loss: 0.610 accuracy: 79.010 val_loss: 0.623 val_acc: 78.900
epoch - 51 loss: 0.609 accuracy: 78.925
epoch - 52 loss: 0.596 accuracy: 79.345
epoch - 53 loss: 0.605 accuracy: 78.955
epoch - 54 loss: 0.596 accuracy: 79.400
epoch - 55 loss: 0.597 accuracy: 79.280
epoch - 56 loss: 0.588 accuracy: 79.722
epoch - 57 loss: 0.588 accuracy: 79.710
epoch - 58 loss: 0.586 accuracy: 79.875
epoch - 59 loss: 0.586 accuracy: 79.817
epoch - 60 loss: 0.579 accuracy: 80.168 val_loss: 0.593 val_acc: 80.090
epoch - 61 loss: 0.577 accuracy: 79.942
epoch - 62 loss: 0.579 accuracy: 79.975
epoch - 63 loss: 0.579 accuracy: 79.905
epoch - 64 loss: 0.568 accuracy: 80.440
epoch - 65 loss: 0.569 accuracy: 80.457
epoch - 66 loss: 0.572 accuracy: 80.130
epoch - 67 loss: 0.565 accuracy: 80.532
epoch - 68 loss: 0.567 accuracy: 80.228
epoch - 69 loss: 0.564 accuracy: 80.612
epoch - 70 loss: 0.562 accuracy: 80.787 val_loss: 0.574 val_acc: 80.740
epoch - 71 loss: 0.557 accuracy: 80.795
epoch - 72 loss: 0.552 accuracy: 80.918
epoch - 73 loss: 0.554 accuracy: 80.873
epoch - 74 loss: 0.560 accuracy: 80.918
epoch - 75 loss: 0.546 accuracy: 81.240
epoch - 76 loss: 0.547 accuracy: 81.055
epoch - 77 loss: 0.545 accuracy: 81.055
epoch - 78 loss: 0.549 accuracy: 81.010
epoch - 79 loss: 0.545 accuracy: 81.315
epoch - 80 loss: 0.543 accuracy: 81.347 val_loss: 0.562 val_acc: 80.900
epoch - 81 loss: 0.541 accuracy: 81.140
epoch - 82 loss: 0.538 accuracy: 81.353
epoch - 83 loss: 0.544 accuracy: 81.310
epoch - 84 loss: 0.541 accuracy: 81.243
epoch - 85 loss: 0.544 accuracy: 81.245
epoch - 86 loss: 0.533 accuracy: 81.500
epoch - 87 loss: 0.527 accuracy: 81.787
epoch - 88 loss: 0.526 accuracy: 81.802
epoch - 89 loss: 0.532 accuracy: 81.490
epoch - 90 loss: 0.526 accuracy: 81.802 val_loss: 0.536 val_acc: 82.090
epoch - 91 loss: 0.526 accuracy: 81.763
epoch - 92 loss: 0.519 accuracy: 82.093
epoch - 93 loss: 0.522 accuracy: 81.907
epoch - 94 loss: 0.518 accuracy: 82.140
epoch - 95 loss: 0.521 accuracy: 81.993
epoch - 96 loss: 0.521 accuracy: 82.225
epoch - 97 loss: 0.512 accuracy: 82.370
epoch - 98 loss: 0.508 accuracy: 82.460
epoch - 99 loss: 0.515 accuracy: 82.130
Finished training
Test loss: 0.526 accuracy: 82.550
Patch shuffle test loss for patch-size 16: 0.5261543608164485 accuracy: 82.55
Patch shuffle test loss for patch-size 8: 1.4071080065980743 accuracy: 57.34
Done: D-shuffletruffle-CNN
