==============================
Job ID     : 16626
Array ID   : 5
Model      : N-shuffletruffle-CNN
Node       : lair-g6
GPU        : NVIDIA L40S
==============================
Net_N_shuffletruffle_CNN(
  (patch_encoder): Sequential(
    (0): Conv2d(3, 16, kernel_size=(3, 3), stride=(1, 1), padding=(1, 1), bias=False)
    (1): BatchNorm2d(16, eps=1e-05, momentum=0.1, affine=True, track_running_stats=True)
    (2): ReLU(inplace=True)
    (3): ResidualBlock(
      (conv1): Conv2d(16, 16, kernel_size=(3, 3), stride=(1, 1), padding=(1, 1), bias=False)
      (bn1): BatchNorm2d(16, eps=1e-05, momentum=0.1, affine=True, track_running_stats=True)
      (relu): ReLU(inplace=True)
      (dropout): Dropout2d(p=0.1, inplace=False)
      (conv2): Conv2d(16, 16, kernel_size=(3, 3), stride=(1, 1), padding=(1, 1), bias=False)
      (bn2): BatchNorm2d(16, eps=1e-05, momentum=0.1, affine=True, track_running_stats=True)
      (shortcut): Identity()
    )
    (4): ResidualBlock(
      (conv1): Conv2d(16, 32, kernel_size=(3, 3), stride=(2, 2), padding=(1, 1), bias=False)
      (bn1): BatchNorm2d(32, eps=1e-05, momentum=0.1, affine=True, track_running_stats=True)
      (relu): ReLU(inplace=True)
      (dropout): Dropout2d(p=0.1, inplace=False)
      (conv2): Conv2d(32, 32, kernel_size=(3, 3), stride=(1, 1), padding=(1, 1), bias=False)
      (bn2): BatchNorm2d(32, eps=1e-05, momentum=0.1, affine=True, track_running_stats=True)
      (shortcut): Sequential(
        (0): Conv2d(16, 32, kernel_size=(1, 1), stride=(2, 2), bias=False)
        (1): BatchNorm2d(32, eps=1e-05, momentum=0.1, affine=True, track_running_stats=True)
      )
    )
    (5): ResidualBlock(
      (conv1): Conv2d(32, 64, kernel_size=(3, 3), stride=(2, 2), padding=(1, 1), bias=False)
      (bn1): BatchNorm2d(64, eps=1e-05, momentum=0.1, affine=True, track_running_stats=True)
      (relu): ReLU(inplace=True)
      (dropout): Dropout2d(p=0.1, inplace=False)
      (conv2): Conv2d(64, 64, kernel_size=(3, 3), stride=(1, 1), padding=(1, 1), bias=False)
      (bn2): BatchNorm2d(64, eps=1e-05, momentum=0.1, affine=True, track_running_stats=True)
      (shortcut): Sequential(
        (0): Conv2d(32, 64, kernel_size=(1, 1), stride=(2, 2), bias=False)
        (1): BatchNorm2d(64, eps=1e-05, momentum=0.1, affine=True, track_running_stats=True)
      )
    )
    (6): AdaptiveAvgPool2d(output_size=(1, 1))
  )
  (classifier): Sequential(
    (0): Linear(in_features=64, out_features=32, bias=True)
    (1): GELU(approximate='none')
    (2): Dropout(p=0.3, inplace=False)
    (3): Linear(in_features=32, out_features=10, bias=True)
  )
)
epoch - 0 loss: 1.931 accuracy: 25.562 val_loss: 1.910 val_acc: 29.670
epoch - 1 loss: 1.739 accuracy: 32.888
epoch - 2 loss: 1.629 accuracy: 38.350
epoch - 3 loss: 1.540 accuracy: 42.453
epoch - 4 loss: 1.475 accuracy: 45.748
epoch - 5 loss: 1.421 accuracy: 47.542
epoch - 6 loss: 1.385 accuracy: 49.590
epoch - 7 loss: 1.340 accuracy: 51.315
epoch - 8 loss: 1.322 accuracy: 52.443
epoch - 9 loss: 1.292 accuracy: 53.400
epoch - 10 loss: 1.270 accuracy: 53.922 val_loss: 1.278 val_acc: 54.540
epoch - 11 loss: 1.253 accuracy: 54.932
epoch - 12 loss: 1.236 accuracy: 55.642
epoch - 13 loss: 1.229 accuracy: 55.950
epoch - 14 loss: 1.209 accuracy: 56.792
epoch - 15 loss: 1.195 accuracy: 56.995
epoch - 16 loss: 1.188 accuracy: 57.390
epoch - 17 loss: 1.177 accuracy: 57.792
epoch - 18 loss: 1.168 accuracy: 58.150
epoch - 19 loss: 1.158 accuracy: 58.688
epoch - 20 loss: 1.146 accuracy: 59.070 val_loss: 1.108 val_acc: 60.390
epoch - 21 loss: 1.138 accuracy: 59.358
epoch - 22 loss: 1.134 accuracy: 59.570
epoch - 23 loss: 1.124 accuracy: 60.190
epoch - 24 loss: 1.117 accuracy: 60.227
epoch - 25 loss: 1.112 accuracy: 60.657
epoch - 26 loss: 1.107 accuracy: 60.770
epoch - 27 loss: 1.105 accuracy: 60.790
epoch - 28 loss: 1.095 accuracy: 61.095
epoch - 29 loss: 1.090 accuracy: 61.310
epoch - 30 loss: 1.094 accuracy: 60.913 val_loss: 1.054 val_acc: 62.510
epoch - 31 loss: 1.082 accuracy: 61.760
epoch - 32 loss: 1.078 accuracy: 61.998
epoch - 33 loss: 1.080 accuracy: 61.795
epoch - 34 loss: 1.070 accuracy: 62.295
epoch - 35 loss: 1.067 accuracy: 62.565
epoch - 36 loss: 1.058 accuracy: 62.830
epoch - 37 loss: 1.051 accuracy: 62.693
epoch - 38 loss: 1.050 accuracy: 62.867
epoch - 39 loss: 1.044 accuracy: 63.123
epoch - 40 loss: 1.043 accuracy: 63.150 val_loss: 1.032 val_acc: 63.780
epoch - 41 loss: 1.044 accuracy: 63.288
epoch - 42 loss: 1.041 accuracy: 63.462
epoch - 43 loss: 1.033 accuracy: 63.850
epoch - 44 loss: 1.033 accuracy: 63.708
epoch - 45 loss: 1.025 accuracy: 63.805
epoch - 46 loss: 1.027 accuracy: 63.913
epoch - 47 loss: 1.023 accuracy: 63.970
epoch - 48 loss: 1.029 accuracy: 63.865
epoch - 49 loss: 1.024 accuracy: 63.782
epoch - 50 loss: 1.019 accuracy: 64.468 val_loss: 1.094 val_acc: 62.690
epoch - 51 loss: 1.010 accuracy: 64.400
epoch - 52 loss: 1.013 accuracy: 64.343
epoch - 53 loss: 1.009 accuracy: 64.368
epoch - 54 loss: 1.007 accuracy: 64.683
epoch - 55 loss: 1.002 accuracy: 64.770
epoch - 56 loss: 1.005 accuracy: 64.668
epoch - 57 loss: 0.993 accuracy: 64.933
epoch - 58 loss: 0.997 accuracy: 64.767
epoch - 59 loss: 0.996 accuracy: 65.305
epoch - 60 loss: 0.996 accuracy: 64.985 val_loss: 0.994 val_acc: 65.490
epoch - 61 loss: 0.989 accuracy: 65.228
epoch - 62 loss: 0.991 accuracy: 65.200
epoch - 63 loss: 0.987 accuracy: 65.287
epoch - 64 loss: 0.985 accuracy: 65.540
epoch - 65 loss: 0.988 accuracy: 65.495
epoch - 66 loss: 0.986 accuracy: 65.493
epoch - 67 loss: 0.988 accuracy: 65.535
epoch - 68 loss: 0.983 accuracy: 65.625
epoch - 69 loss: 0.986 accuracy: 65.575
epoch - 70 loss: 0.978 accuracy: 65.745 val_loss: 0.960 val_acc: 66.870
epoch - 71 loss: 0.976 accuracy: 66.032
epoch - 72 loss: 0.980 accuracy: 65.397
epoch - 73 loss: 0.969 accuracy: 66.043
epoch - 74 loss: 0.975 accuracy: 65.767
epoch - 75 loss: 0.971 accuracy: 65.823
epoch - 76 loss: 0.972 accuracy: 66.120
epoch - 77 loss: 0.968 accuracy: 65.968
epoch - 78 loss: 0.962 accuracy: 66.082
epoch - 79 loss: 0.968 accuracy: 66.075
epoch - 80 loss: 0.961 accuracy: 66.267 val_loss: 0.965 val_acc: 66.770
epoch - 81 loss: 0.961 accuracy: 66.052
epoch - 82 loss: 0.963 accuracy: 66.237
epoch - 83 loss: 0.965 accuracy: 66.120
epoch - 84 loss: 0.958 accuracy: 66.323
epoch - 85 loss: 0.963 accuracy: 66.240
epoch - 86 loss: 0.955 accuracy: 66.403
epoch - 87 loss: 0.963 accuracy: 66.285
epoch - 88 loss: 0.952 accuracy: 66.755
epoch - 89 loss: 0.954 accuracy: 66.670
epoch - 90 loss: 0.958 accuracy: 66.305 val_loss: 0.944 val_acc: 67.590
epoch - 91 loss: 0.959 accuracy: 66.310
epoch - 92 loss: 0.946 accuracy: 66.853
epoch - 93 loss: 0.952 accuracy: 66.502
epoch - 94 loss: 0.959 accuracy: 66.605
epoch - 95 loss: 0.950 accuracy: 66.757
epoch - 96 loss: 0.954 accuracy: 66.840
epoch - 97 loss: 0.949 accuracy: 66.983
epoch - 98 loss: 0.950 accuracy: 66.668
epoch - 99 loss: 0.945 accuracy: 67.035
Finished training
Test loss: 0.935 accuracy: 68.230
Patch shuffle test loss for patch-size 16: 0.9352023556262632 accuracy: 68.23
Patch shuffle test loss for patch-size 8: 0.9352023624166658 accuracy: 68.23
Done: N-shuffletruffle-CNN
