==============================
Job ID     : 15577
Array ID   : 3
Model      : Plain-Old-CIFAR10-CNN
Node       : lair-g2
GPU        : NVIDIA L40S
==============================
Net_CNN(
  (stem): Sequential(
    (0): Conv2d(3, 32, kernel_size=(3, 3), stride=(1, 1), padding=(1, 1), bias=False)
    (1): BatchNorm2d(32, eps=1e-05, momentum=0.1, affine=True, track_running_stats=True)
    (2): ReLU(inplace=True)
  )
  (layer1): Sequential(
    (0): ResidualBlock(
      (conv1): Conv2d(32, 32, kernel_size=(3, 3), stride=(1, 1), padding=(1, 1), bias=False)
      (bn1): BatchNorm2d(32, eps=1e-05, momentum=0.1, affine=True, track_running_stats=True)
      (relu): ReLU(inplace=True)
      (conv2): Conv2d(32, 32, kernel_size=(3, 3), stride=(1, 1), padding=(1, 1), bias=False)
      (bn2): BatchNorm2d(32, eps=1e-05, momentum=0.1, affine=True, track_running_stats=True)
      (shortcut): Identity()
    )
    (1): ResidualBlock(
      (conv1): Conv2d(32, 32, kernel_size=(3, 3), stride=(1, 1), padding=(1, 1), bias=False)
      (bn1): BatchNorm2d(32, eps=1e-05, momentum=0.1, affine=True, track_running_stats=True)
      (relu): ReLU(inplace=True)
      (conv2): Conv2d(32, 32, kernel_size=(3, 3), stride=(1, 1), padding=(1, 1), bias=False)
      (bn2): BatchNorm2d(32, eps=1e-05, momentum=0.1, affine=True, track_running_stats=True)
      (shortcut): Identity()
    )
  )
  (layer2): Sequential(
    (0): ResidualBlock(
      (conv1): Conv2d(32, 64, kernel_size=(3, 3), stride=(2, 2), padding=(1, 1), bias=False)
      (bn1): BatchNorm2d(64, eps=1e-05, momentum=0.1, affine=True, track_running_stats=True)
      (relu): ReLU(inplace=True)
      (conv2): Conv2d(64, 64, kernel_size=(3, 3), stride=(1, 1), padding=(1, 1), bias=False)
      (bn2): BatchNorm2d(64, eps=1e-05, momentum=0.1, affine=True, track_running_stats=True)
      (shortcut): Sequential(
        (0): Conv2d(32, 64, kernel_size=(1, 1), stride=(2, 2), bias=False)
        (1): BatchNorm2d(64, eps=1e-05, momentum=0.1, affine=True, track_running_stats=True)
      )
    )
    (1): ResidualBlock(
      (conv1): Conv2d(64, 64, kernel_size=(3, 3), stride=(1, 1), padding=(1, 1), bias=False)
      (bn1): BatchNorm2d(64, eps=1e-05, momentum=0.1, affine=True, track_running_stats=True)
      (relu): ReLU(inplace=True)
      (conv2): Conv2d(64, 64, kernel_size=(3, 3), stride=(1, 1), padding=(1, 1), bias=False)
      (bn2): BatchNorm2d(64, eps=1e-05, momentum=0.1, affine=True, track_running_stats=True)
      (shortcut): Identity()
    )
  )
  (layer3): Sequential(
    (0): ResidualBlock(
      (conv1): Conv2d(64, 128, kernel_size=(3, 3), stride=(2, 2), padding=(1, 1), bias=False)
      (bn1): BatchNorm2d(128, eps=1e-05, momentum=0.1, affine=True, track_running_stats=True)
      (relu): ReLU(inplace=True)
      (conv2): Conv2d(128, 128, kernel_size=(3, 3), stride=(1, 1), padding=(1, 1), bias=False)
      (bn2): BatchNorm2d(128, eps=1e-05, momentum=0.1, affine=True, track_running_stats=True)
      (shortcut): Sequential(
        (0): Conv2d(64, 128, kernel_size=(1, 1), stride=(2, 2), bias=False)
        (1): BatchNorm2d(128, eps=1e-05, momentum=0.1, affine=True, track_running_stats=True)
      )
    )
    (1): ResidualBlock(
      (conv1): Conv2d(128, 128, kernel_size=(3, 3), stride=(1, 1), padding=(1, 1), bias=False)
      (bn1): BatchNorm2d(128, eps=1e-05, momentum=0.1, affine=True, track_running_stats=True)
      (relu): ReLU(inplace=True)
      (conv2): Conv2d(128, 128, kernel_size=(3, 3), stride=(1, 1), padding=(1, 1), bias=False)
      (bn2): BatchNorm2d(128, eps=1e-05, momentum=0.1, affine=True, track_running_stats=True)
      (shortcut): Identity()
    )
  )
  (pool): AdaptiveAvgPool2d(output_size=(1, 1))
  (classifier): Linear(in_features=128, out_features=10, bias=True)
)
epoch - 0 loss: 1.629 accuracy: 38.947 val_loss: 3.490 val_acc: 25.480
epoch - 1 loss: 1.142 accuracy: 58.013
epoch - 2 loss: 0.872 accuracy: 68.722
epoch - 3 loss: 0.689 accuracy: 75.688
epoch - 4 loss: 0.575 accuracy: 79.683
epoch - 5 loss: 0.477 accuracy: 83.365
epoch - 6 loss: 0.402 accuracy: 85.975
epoch - 7 loss: 0.337 accuracy: 87.983
epoch - 8 loss: 0.269 accuracy: 90.453
epoch - 9 loss: 0.217 accuracy: 92.222
epoch - 10 loss: 0.183 accuracy: 93.522 val_loss: 0.859 val_acc: 77.610
epoch - 11 loss: 0.140 accuracy: 94.865
epoch - 12 loss: 0.111 accuracy: 96.080
epoch - 13 loss: 0.100 accuracy: 96.358
epoch - 14 loss: 0.097 accuracy: 96.595
epoch - 15 loss: 0.076 accuracy: 97.380
epoch - 16 loss: 0.078 accuracy: 97.250
epoch - 17 loss: 0.068 accuracy: 97.603
epoch - 18 loss: 0.068 accuracy: 97.730
epoch - 19 loss: 0.049 accuracy: 98.308
epoch - 20 loss: 0.051 accuracy: 98.225 val_loss: 1.066 val_acc: 80.290
epoch - 21 loss: 0.055 accuracy: 98.155
epoch - 22 loss: 0.055 accuracy: 98.093
epoch - 23 loss: 0.047 accuracy: 98.377
epoch - 24 loss: 0.041 accuracy: 98.545
epoch - 25 loss: 0.050 accuracy: 98.270
epoch - 26 loss: 0.041 accuracy: 98.608
epoch - 27 loss: 0.036 accuracy: 98.728
epoch - 28 loss: 0.042 accuracy: 98.528
epoch - 29 loss: 0.039 accuracy: 98.612
epoch - 30 loss: 0.032 accuracy: 98.948 val_loss: 1.149 val_acc: 80.710
epoch - 31 loss: 0.042 accuracy: 98.562
epoch - 32 loss: 0.038 accuracy: 98.690
epoch - 33 loss: 0.027 accuracy: 99.058
epoch - 34 loss: 0.041 accuracy: 98.585
epoch - 35 loss: 0.031 accuracy: 98.970
epoch - 36 loss: 0.028 accuracy: 98.955
epoch - 37 loss: 0.042 accuracy: 98.532
epoch - 38 loss: 0.026 accuracy: 99.103
epoch - 39 loss: 0.028 accuracy: 99.065
epoch - 40 loss: 0.026 accuracy: 99.103 val_loss: 1.194 val_acc: 80.540
epoch - 41 loss: 0.026 accuracy: 99.162
epoch - 42 loss: 0.026 accuracy: 99.118
epoch - 43 loss: 0.036 accuracy: 98.740
epoch - 44 loss: 0.033 accuracy: 98.907
epoch - 45 loss: 0.022 accuracy: 99.230
epoch - 46 loss: 0.019 accuracy: 99.345
epoch - 47 loss: 0.023 accuracy: 99.207
epoch - 48 loss: 0.031 accuracy: 98.968
epoch - 49 loss: 0.023 accuracy: 99.257
epoch - 50 loss: 0.015 accuracy: 99.515 val_loss: 1.347 val_acc: 80.590
epoch - 51 loss: 0.030 accuracy: 99.010
epoch - 52 loss: 0.019 accuracy: 99.368
epoch - 53 loss: 0.016 accuracy: 99.430
epoch - 54 loss: 0.031 accuracy: 99.010
epoch - 55 loss: 0.020 accuracy: 99.343
epoch - 56 loss: 0.017 accuracy: 99.390
epoch - 57 loss: 0.021 accuracy: 99.275
epoch - 58 loss: 0.025 accuracy: 99.110
epoch - 59 loss: 0.025 accuracy: 99.170
epoch - 60 loss: 0.010 accuracy: 99.655 val_loss: 1.152 val_acc: 82.870
epoch - 61 loss: 0.018 accuracy: 99.392
epoch - 62 loss: 0.025 accuracy: 99.105
epoch - 63 loss: 0.022 accuracy: 99.237
epoch - 64 loss: 0.015 accuracy: 99.480
epoch - 65 loss: 0.015 accuracy: 99.495
epoch - 66 loss: 0.020 accuracy: 99.295
epoch - 67 loss: 0.021 accuracy: 99.267
epoch - 68 loss: 0.014 accuracy: 99.543
epoch - 69 loss: 0.017 accuracy: 99.442
epoch - 70 loss: 0.017 accuracy: 99.435 val_loss: 1.340 val_acc: 81.960
epoch - 71 loss: 0.016 accuracy: 99.460
epoch - 72 loss: 0.020 accuracy: 99.300
epoch - 73 loss: 0.017 accuracy: 99.397
epoch - 74 loss: 0.013 accuracy: 99.540
epoch - 75 loss: 0.013 accuracy: 99.558
epoch - 76 loss: 0.015 accuracy: 99.483
epoch - 77 loss: 0.020 accuracy: 99.360
epoch - 78 loss: 0.014 accuracy: 99.532
epoch - 79 loss: 0.022 accuracy: 99.260
epoch - 80 loss: 0.012 accuracy: 99.588 val_loss: 1.210 val_acc: 83.510
epoch - 81 loss: 0.008 accuracy: 99.752
epoch - 82 loss: 0.023 accuracy: 99.215
epoch - 83 loss: 0.018 accuracy: 99.358
epoch - 84 loss: 0.014 accuracy: 99.517
epoch - 85 loss: 0.011 accuracy: 99.608
epoch - 86 loss: 0.017 accuracy: 99.450
epoch - 87 loss: 0.017 accuracy: 99.373
epoch - 88 loss: 0.007 accuracy: 99.745
epoch - 89 loss: 0.013 accuracy: 99.558
epoch - 90 loss: 0.015 accuracy: 99.502 val_loss: 1.307 val_acc: 82.020
epoch - 91 loss: 0.012 accuracy: 99.605
epoch - 92 loss: 0.015 accuracy: 99.528
epoch - 93 loss: 0.021 accuracy: 99.287
epoch - 94 loss: 0.011 accuracy: 99.603
epoch - 95 loss: 0.011 accuracy: 99.665
epoch - 96 loss: 0.008 accuracy: 99.735
epoch - 97 loss: 0.011 accuracy: 99.603
epoch - 98 loss: 0.024 accuracy: 99.257
epoch - 99 loss: 0.013 accuracy: 99.552
Finished training
Test loss: 1.310 accuracy: 82.400
Patch shuffle test loss for patch-size 16: 4.9411041404627545 accuracy: 45.65
Patch shuffle test loss for patch-size 8: 11.825165374369561 accuracy: 23.05
Done: Plain-Old-CIFAR10-CNN
