==============================
Job ID     : 16616
Array ID   : 4
Model      : D-shuffletruffle-CNN
Node       : lair-g7
GPU        : NVIDIA L40S
==============================
Net_D_shuffletruffle_CNN(
  (patch_encoder): Sequential(
    (0): Conv2d(3, 32, kernel_size=(3, 3), stride=(1, 1), padding=(1, 1), bias=False)
    (1): BatchNorm2d(32, eps=1e-05, momentum=0.1, affine=True, track_running_stats=True)
    (2): ReLU(inplace=True)
    (3): ResidualBlock(
      (conv1): Conv2d(32, 32, kernel_size=(3, 3), stride=(1, 1), padding=(1, 1), bias=False)
      (bn1): BatchNorm2d(32, eps=1e-05, momentum=0.1, affine=True, track_running_stats=True)
      (relu): ReLU(inplace=True)
      (dropout): Dropout2d(p=0.1, inplace=False)
      (conv2): Conv2d(32, 32, kernel_size=(3, 3), stride=(1, 1), padding=(1, 1), bias=False)
      (bn2): BatchNorm2d(32, eps=1e-05, momentum=0.1, affine=True, track_running_stats=True)
      (shortcut): Identity()
    )
    (4): ResidualBlock(
      (conv1): Conv2d(32, 64, kernel_size=(3, 3), stride=(2, 2), padding=(1, 1), bias=False)
      (bn1): BatchNorm2d(64, eps=1e-05, momentum=0.1, affine=True, track_running_stats=True)
      (relu): ReLU(inplace=True)
      (dropout): Dropout2d(p=0.1, inplace=False)
      (conv2): Conv2d(64, 64, kernel_size=(3, 3), stride=(1, 1), padding=(1, 1), bias=False)
      (bn2): BatchNorm2d(64, eps=1e-05, momentum=0.1, affine=True, track_running_stats=True)
      (shortcut): Sequential(
        (0): Conv2d(32, 64, kernel_size=(1, 1), stride=(2, 2), bias=False)
        (1): BatchNorm2d(64, eps=1e-05, momentum=0.1, affine=True, track_running_stats=True)
      )
    )
    (5): ResidualBlock(
      (conv1): Conv2d(64, 128, kernel_size=(3, 3), stride=(2, 2), padding=(1, 1), bias=False)
      (bn1): BatchNorm2d(128, eps=1e-05, momentum=0.1, affine=True, track_running_stats=True)
      (relu): ReLU(inplace=True)
      (dropout): Dropout2d(p=0.1, inplace=False)
      (conv2): Conv2d(128, 128, kernel_size=(3, 3), stride=(1, 1), padding=(1, 1), bias=False)
      (bn2): BatchNorm2d(128, eps=1e-05, momentum=0.1, affine=True, track_running_stats=True)
      (shortcut): Sequential(
        (0): Conv2d(64, 128, kernel_size=(1, 1), stride=(2, 2), bias=False)
        (1): BatchNorm2d(128, eps=1e-05, momentum=0.1, affine=True, track_running_stats=True)
      )
    )
    (6): AdaptiveAvgPool2d(output_size=(1, 1))
  )
  (classifier): Sequential(
    (0): Linear(in_features=128, out_features=64, bias=True)
    (1): GELU(approximate='none')
    (2): Dropout(p=0.3, inplace=False)
    (3): Linear(in_features=64, out_features=10, bias=True)
  )
)
epoch - 0 loss: 2.183 accuracy: 18.610 val_loss: 2.010 val_acc: 25.570
epoch - 1 loss: 1.957 accuracy: 27.135
epoch - 2 loss: 1.856 accuracy: 29.802
epoch - 3 loss: 1.805 accuracy: 31.008
epoch - 4 loss: 1.776 accuracy: 31.473
epoch - 5 loss: 1.751 accuracy: 31.957
epoch - 6 loss: 1.738 accuracy: 32.492
epoch - 7 loss: 1.733 accuracy: 31.938
epoch - 8 loss: 1.728 accuracy: 32.487
epoch - 9 loss: 1.721 accuracy: 32.612
epoch - 10 loss: 1.720 accuracy: 32.625 val_loss: 1.646 val_acc: 31.930
epoch - 11 loss: 1.725 accuracy: 32.572
epoch - 12 loss: 1.722 accuracy: 32.390
epoch - 13 loss: 1.728 accuracy: 32.483
epoch - 14 loss: 1.733 accuracy: 32.550
epoch - 15 loss: 1.733 accuracy: 32.763
epoch - 16 loss: 1.742 accuracy: 32.435
epoch - 17 loss: 1.748 accuracy: 32.465
epoch - 18 loss: 1.761 accuracy: 32.415
epoch - 19 loss: 1.768 accuracy: 32.630
epoch - 20 loss: 1.777 accuracy: 32.550 val_loss: 1.752 val_acc: 31.270
epoch - 21 loss: 1.791 accuracy: 32.523
epoch - 22 loss: 1.808 accuracy: 32.460
epoch - 23 loss: 1.829 accuracy: 32.205
epoch - 24 loss: 1.849 accuracy: 32.127
epoch - 25 loss: 1.877 accuracy: 32.135
epoch - 26 loss: 1.903 accuracy: 32.345
epoch - 27 loss: 1.934 accuracy: 31.898
epoch - 28 loss: 1.979 accuracy: 31.712
epoch - 29 loss: 2.016 accuracy: 28.510
epoch - 30 loss: 2.056 accuracy: 26.808 val_loss: 2.033 val_acc: 25.190
epoch - 31 loss: 2.101 accuracy: 26.668
epoch - 32 loss: 2.152 accuracy: 23.578
epoch - 33 loss: 2.199 accuracy: 21.652
epoch - 34 loss: 2.254 accuracy: 22.290
epoch - 35 loss: 2.294 accuracy: 14.735
epoch - 36 loss: 2.303 accuracy: 10.025
epoch - 37 loss: 2.303 accuracy: 9.865
epoch - 38 loss: 2.303 accuracy: 9.992
epoch - 39 loss: 2.303 accuracy: 9.860
epoch - 40 loss: 2.303 accuracy: 9.912 val_loss: 2.303 val_acc: 9.810
epoch - 41 loss: 2.303 accuracy: 9.842
epoch - 42 loss: 2.303 accuracy: 9.970
epoch - 43 loss: 2.303 accuracy: 9.953
epoch - 44 loss: 2.303 accuracy: 10.012
epoch - 45 loss: 2.303 accuracy: 9.967
epoch - 46 loss: 2.303 accuracy: 9.852
epoch - 47 loss: 2.303 accuracy: 9.943
epoch - 48 loss: 2.303 accuracy: 9.975
epoch - 49 loss: 2.303 accuracy: 9.935
epoch - 50 loss: 2.303 accuracy: 9.713 val_loss: 2.303 val_acc: 9.840
epoch - 51 loss: 2.303 accuracy: 9.830
epoch - 52 loss: 2.303 accuracy: 9.777
epoch - 53 loss: 2.303 accuracy: 9.830
epoch - 54 loss: 2.303 accuracy: 9.810
epoch - 55 loss: 2.303 accuracy: 9.977
epoch - 56 loss: 2.303 accuracy: 9.803
epoch - 57 loss: 2.303 accuracy: 9.645
epoch - 58 loss: 2.303 accuracy: 9.723
epoch - 59 loss: 2.303 accuracy: 9.912
epoch - 60 loss: 2.303 accuracy: 9.758 val_loss: 2.303 val_acc: 9.840
epoch - 61 loss: 2.303 accuracy: 10.000
epoch - 62 loss: 2.303 accuracy: 9.985
epoch - 63 loss: 2.303 accuracy: 10.018
epoch - 64 loss: 2.303 accuracy: 9.860
epoch - 65 loss: 2.303 accuracy: 9.890
epoch - 66 loss: 2.303 accuracy: 9.870
epoch - 67 loss: 2.303 accuracy: 9.960
epoch - 68 loss: 2.303 accuracy: 9.730
epoch - 69 loss: 2.303 accuracy: 9.850
epoch - 70 loss: 2.303 accuracy: 9.795 val_loss: 2.303 val_acc: 9.810
epoch - 71 loss: 2.303 accuracy: 9.855
epoch - 72 loss: 2.303 accuracy: 9.975
epoch - 73 loss: 2.303 accuracy: 9.877
epoch - 74 loss: 2.303 accuracy: 9.740
epoch - 75 loss: 2.303 accuracy: 10.015
epoch - 76 loss: 2.303 accuracy: 9.637
epoch - 77 loss: 2.303 accuracy: 9.815
epoch - 78 loss: 2.303 accuracy: 9.922
epoch - 79 loss: 2.303 accuracy: 9.932
epoch - 80 loss: 2.303 accuracy: 9.967 val_loss: 2.303 val_acc: 9.810
epoch - 81 loss: 2.303 accuracy: 9.805
epoch - 82 loss: 2.303 accuracy: 9.955
epoch - 83 loss: 2.303 accuracy: 9.738
epoch - 84 loss: 2.303 accuracy: 9.832
epoch - 85 loss: 2.303 accuracy: 9.982
epoch - 86 loss: 2.303 accuracy: 9.855
epoch - 87 loss: 2.303 accuracy: 9.730
epoch - 88 loss: 2.303 accuracy: 9.967
epoch - 89 loss: 2.303 accuracy: 9.815
epoch - 90 loss: 2.303 accuracy: 9.725 val_loss: 2.303 val_acc: 9.810
epoch - 91 loss: 2.303 accuracy: 9.980
epoch - 92 loss: 2.303 accuracy: 9.902
epoch - 93 loss: 2.303 accuracy: 9.863
epoch - 94 loss: 2.303 accuracy: 9.820
epoch - 95 loss: 2.303 accuracy: 9.668
epoch - 96 loss: 2.303 accuracy: 9.875
epoch - 97 loss: 2.303 accuracy: 9.815
epoch - 98 loss: 2.303 accuracy: 9.803
epoch - 99 loss: 2.303 accuracy: 9.865
Finished training
Test loss: 1.689 accuracy: 33.100
Patch shuffle test loss for patch-size 16: 1.6886218816419192 accuracy: 33.1
Patch shuffle test loss for patch-size 8: 1.7772148394886451 accuracy: 29.98
Done: D-shuffletruffle-CNN
