==============================
Job ID     : 16635
Array ID   : 5
Model      : N-shuffletruffle-CNN
Node       : lair-g6
GPU        : NVIDIA L40S
==============================
Net_N_shuffletruffle_CNN(
  (patch_encoder): Sequential(
    (0): Conv2d(3, 16, kernel_size=(3, 3), stride=(1, 1), padding=(1, 1), bias=False)
    (1): BatchNorm2d(16, eps=1e-05, momentum=0.1, affine=True, track_running_stats=True)
    (2): ReLU(inplace=True)
    (3): ResidualBlock(
      (conv1): Conv2d(16, 16, kernel_size=(3, 3), stride=(1, 1), padding=(1, 1), bias=False)
      (bn1): BatchNorm2d(16, eps=1e-05, momentum=0.1, affine=True, track_running_stats=True)
      (relu): ReLU(inplace=True)
      (dropout): Dropout2d(p=0.1, inplace=False)
      (conv2): Conv2d(16, 16, kernel_size=(3, 3), stride=(1, 1), padding=(1, 1), bias=False)
      (bn2): BatchNorm2d(16, eps=1e-05, momentum=0.1, affine=True, track_running_stats=True)
      (shortcut): Identity()
    )
    (4): ResidualBlock(
      (conv1): Conv2d(16, 32, kernel_size=(3, 3), stride=(2, 2), padding=(1, 1), bias=False)
      (bn1): BatchNorm2d(32, eps=1e-05, momentum=0.1, affine=True, track_running_stats=True)
      (relu): ReLU(inplace=True)
      (dropout): Dropout2d(p=0.1, inplace=False)
      (conv2): Conv2d(32, 32, kernel_size=(3, 3), stride=(1, 1), padding=(1, 1), bias=False)
      (bn2): BatchNorm2d(32, eps=1e-05, momentum=0.1, affine=True, track_running_stats=True)
      (shortcut): Sequential(
        (0): Conv2d(16, 32, kernel_size=(1, 1), stride=(2, 2), bias=False)
        (1): BatchNorm2d(32, eps=1e-05, momentum=0.1, affine=True, track_running_stats=True)
      )
    )
    (5): ResidualBlock(
      (conv1): Conv2d(32, 64, kernel_size=(3, 3), stride=(2, 2), padding=(1, 1), bias=False)
      (bn1): BatchNorm2d(64, eps=1e-05, momentum=0.1, affine=True, track_running_stats=True)
      (relu): ReLU(inplace=True)
      (dropout): Dropout2d(p=0.1, inplace=False)
      (conv2): Conv2d(64, 64, kernel_size=(3, 3), stride=(1, 1), padding=(1, 1), bias=False)
      (bn2): BatchNorm2d(64, eps=1e-05, momentum=0.1, affine=True, track_running_stats=True)
      (shortcut): Sequential(
        (0): Conv2d(32, 64, kernel_size=(1, 1), stride=(2, 2), bias=False)
        (1): BatchNorm2d(64, eps=1e-05, momentum=0.1, affine=True, track_running_stats=True)
      )
    )
    (6): AdaptiveAvgPool2d(output_size=(1, 1))
  )
  (classifier): Sequential(
    (0): Linear(in_features=64, out_features=32, bias=True)
    (1): GELU(approximate='none')
    (2): Dropout(p=0.3, inplace=False)
    (3): Linear(in_features=32, out_features=10, bias=True)
  )
)
epoch - 0 loss: 1.922 accuracy: 25.953 val_loss: 1.889 val_acc: 30.170
epoch - 1 loss: 1.729 accuracy: 33.703
epoch - 2 loss: 1.605 accuracy: 39.480
epoch - 3 loss: 1.522 accuracy: 43.225
epoch - 4 loss: 1.465 accuracy: 46.017
epoch - 5 loss: 1.410 accuracy: 47.898
epoch - 6 loss: 1.380 accuracy: 49.545
epoch - 7 loss: 1.334 accuracy: 51.365
epoch - 8 loss: 1.316 accuracy: 52.502
epoch - 9 loss: 1.283 accuracy: 53.718
epoch - 10 loss: 1.264 accuracy: 54.540 val_loss: 1.320 val_acc: 54.130
epoch - 11 loss: 1.246 accuracy: 55.347
epoch - 12 loss: 1.228 accuracy: 55.812
epoch - 13 loss: 1.223 accuracy: 56.275
epoch - 14 loss: 1.197 accuracy: 57.250
epoch - 15 loss: 1.184 accuracy: 57.745
epoch - 16 loss: 1.177 accuracy: 57.928
epoch - 17 loss: 1.164 accuracy: 58.627
epoch - 18 loss: 1.155 accuracy: 58.850
epoch - 19 loss: 1.147 accuracy: 59.295
epoch - 20 loss: 1.137 accuracy: 59.333 val_loss: 1.075 val_acc: 61.430
epoch - 21 loss: 1.126 accuracy: 59.892
epoch - 22 loss: 1.120 accuracy: 60.297
epoch - 23 loss: 1.116 accuracy: 60.562
epoch - 24 loss: 1.108 accuracy: 60.680
epoch - 25 loss: 1.099 accuracy: 61.383
epoch - 26 loss: 1.098 accuracy: 61.245
epoch - 27 loss: 1.096 accuracy: 60.940
epoch - 28 loss: 1.082 accuracy: 61.485
epoch - 29 loss: 1.080 accuracy: 61.877
epoch - 30 loss: 1.085 accuracy: 61.403 val_loss: 1.054 val_acc: 62.710
epoch - 31 loss: 1.071 accuracy: 62.057
epoch - 32 loss: 1.070 accuracy: 62.115
epoch - 33 loss: 1.067 accuracy: 62.235
epoch - 34 loss: 1.058 accuracy: 62.400
epoch - 35 loss: 1.060 accuracy: 62.778
epoch - 36 loss: 1.050 accuracy: 62.877
epoch - 37 loss: 1.045 accuracy: 63.025
epoch - 38 loss: 1.045 accuracy: 63.025
epoch - 39 loss: 1.034 accuracy: 63.470
epoch - 40 loss: 1.043 accuracy: 63.053 val_loss: 1.021 val_acc: 64.490
epoch - 41 loss: 1.037 accuracy: 63.155
epoch - 42 loss: 1.026 accuracy: 63.758
epoch - 43 loss: 1.035 accuracy: 63.610
epoch - 44 loss: 1.030 accuracy: 63.960
epoch - 45 loss: 1.024 accuracy: 63.650
epoch - 46 loss: 1.022 accuracy: 64.037
epoch - 47 loss: 1.018 accuracy: 64.067
epoch - 48 loss: 1.022 accuracy: 63.805
epoch - 49 loss: 1.018 accuracy: 64.188
epoch - 50 loss: 1.018 accuracy: 64.162 val_loss: 1.025 val_acc: 64.820
epoch - 51 loss: 1.005 accuracy: 64.640
epoch - 52 loss: 1.014 accuracy: 64.240
epoch - 53 loss: 1.008 accuracy: 64.573
epoch - 54 loss: 1.000 accuracy: 64.870
epoch - 55 loss: 1.005 accuracy: 64.770
epoch - 56 loss: 1.004 accuracy: 64.463
epoch - 57 loss: 0.994 accuracy: 65.095
epoch - 58 loss: 0.992 accuracy: 65.067
epoch - 59 loss: 0.994 accuracy: 65.080
epoch - 60 loss: 0.993 accuracy: 64.832 val_loss: 0.973 val_acc: 66.020
epoch - 61 loss: 0.993 accuracy: 65.017
epoch - 62 loss: 0.985 accuracy: 65.350
epoch - 63 loss: 0.986 accuracy: 65.222
epoch - 64 loss: 0.982 accuracy: 65.597
epoch - 65 loss: 0.987 accuracy: 65.528
epoch - 66 loss: 0.982 accuracy: 65.540
epoch - 67 loss: 0.986 accuracy: 65.450
epoch - 68 loss: 0.980 accuracy: 65.715
epoch - 69 loss: 0.984 accuracy: 65.440
epoch - 70 loss: 0.975 accuracy: 65.802 val_loss: 0.975 val_acc: 66.410
epoch - 71 loss: 0.976 accuracy: 65.653
epoch - 72 loss: 0.972 accuracy: 65.910
epoch - 73 loss: 0.970 accuracy: 66.000
epoch - 74 loss: 0.967 accuracy: 66.160
epoch - 75 loss: 0.971 accuracy: 65.793
epoch - 76 loss: 0.967 accuracy: 66.282
epoch - 77 loss: 0.967 accuracy: 66.010
epoch - 78 loss: 0.965 accuracy: 66.215
epoch - 79 loss: 0.966 accuracy: 66.070
epoch - 80 loss: 0.963 accuracy: 66.160 val_loss: 0.995 val_acc: 65.690
epoch - 81 loss: 0.960 accuracy: 66.440
epoch - 82 loss: 0.956 accuracy: 66.282
epoch - 83 loss: 0.961 accuracy: 66.235
epoch - 84 loss: 0.961 accuracy: 66.080
epoch - 85 loss: 0.958 accuracy: 66.460
epoch - 86 loss: 0.951 accuracy: 66.407
epoch - 87 loss: 0.958 accuracy: 66.225
epoch - 88 loss: 0.950 accuracy: 66.780
epoch - 89 loss: 0.952 accuracy: 66.545
epoch - 90 loss: 0.955 accuracy: 66.710 val_loss: 0.965 val_acc: 67.630
epoch - 91 loss: 0.955 accuracy: 66.713
epoch - 92 loss: 0.949 accuracy: 66.645
epoch - 93 loss: 0.944 accuracy: 66.588
epoch - 94 loss: 0.956 accuracy: 66.513
epoch - 95 loss: 0.945 accuracy: 66.560
epoch - 96 loss: 0.946 accuracy: 66.960
epoch - 97 loss: 0.948 accuracy: 66.882
epoch - 98 loss: 0.947 accuracy: 67.078
epoch - 99 loss: 0.944 accuracy: 66.978
Finished training
Test loss: 0.943 accuracy: 67.390
Patch shuffle test loss for patch-size 16: 0.9433522375324105 accuracy: 67.39
Patch shuffle test loss for patch-size 8: 0.9433522375324105 accuracy: 67.39
Done: N-shuffletruffle-CNN
