==============================
Job ID     : 16619
Array ID   : 7
Model      : D-shuffletruffle-Attention
Node       : lair-g7
GPU        : NVIDIA L40S
==============================
Net_D_shuffletruffle_Attention(
  (patch_embed): Linear(in_features=768, out_features=128, bias=True)
  (embed_norm): LayerNorm((128,), eps=1e-05, elementwise_affine=True)
  (blocks): ModuleList(
    (0-3): 4 x TransformerBlock(
      (norm1): LayerNorm((128,), eps=1e-05, elementwise_affine=True)
      (attn): MultiheadAttention(
        (out_proj): NonDynamicallyQuantizableLinear(in_features=128, out_features=128, bias=True)
      )
      (norm2): LayerNorm((128,), eps=1e-05, elementwise_affine=True)
      (mlp): Sequential(
        (0): Linear(in_features=128, out_features=512, bias=True)
        (1): GELU(approximate='none')
        (2): Dropout(p=0.1, inplace=False)
        (3): Linear(in_features=512, out_features=128, bias=True)
        (4): Dropout(p=0.1, inplace=False)
      )
    )
  )
  (norm): LayerNorm((128,), eps=1e-05, elementwise_affine=True)
  (classifier): Sequential(
    (0): Linear(in_features=128, out_features=256, bias=True)
    (1): GELU(approximate='none')
    (2): Dropout(p=0.1, inplace=False)
    (3): Linear(in_features=256, out_features=10, bias=True)
  )
)
epoch - 0 loss: 2.141 accuracy: 20.473 val_loss: 2.101 val_acc: 21.160
epoch - 1 loss: 2.096 accuracy: 21.622
epoch - 2 loss: 2.104 accuracy: 20.488
epoch - 3 loss: 2.116 accuracy: 19.672
epoch - 4 loss: 2.123 accuracy: 19.238
epoch - 5 loss: 2.129 accuracy: 18.760
epoch - 6 loss: 2.133 accuracy: 18.720
epoch - 7 loss: 2.134 accuracy: 18.712
epoch - 8 loss: 2.137 accuracy: 18.780
epoch - 9 loss: 2.138 accuracy: 18.718
epoch - 10 loss: 2.141 accuracy: 18.710 val_loss: 2.143 val_acc: 18.780
epoch - 11 loss: 2.143 accuracy: 18.747
epoch - 12 loss: 2.145 accuracy: 18.655
epoch - 13 loss: 2.149 accuracy: 18.675
epoch - 14 loss: 2.151 accuracy: 18.767
epoch - 15 loss: 2.152 accuracy: 18.675
epoch - 16 loss: 2.154 accuracy: 18.760
epoch - 17 loss: 2.152 accuracy: 18.550
epoch - 18 loss: 2.149 accuracy: 18.555
epoch - 19 loss: 2.147 accuracy: 18.562
epoch - 20 loss: 2.145 accuracy: 18.590 val_loss: 2.148 val_acc: 18.840
epoch - 21 loss: 2.143 accuracy: 18.727
epoch - 22 loss: 2.142 accuracy: 18.645
epoch - 23 loss: 2.142 accuracy: 18.578
epoch - 24 loss: 2.141 accuracy: 18.628
epoch - 25 loss: 2.140 accuracy: 18.793
epoch - 26 loss: 2.139 accuracy: 18.663
epoch - 27 loss: 2.138 accuracy: 18.740
epoch - 28 loss: 2.140 accuracy: 18.675
epoch - 29 loss: 2.139 accuracy: 18.663
epoch - 30 loss: 2.139 accuracy: 18.790 val_loss: 2.144 val_acc: 18.830
epoch - 31 loss: 2.139 accuracy: 18.692
epoch - 32 loss: 2.138 accuracy: 18.598
epoch - 33 loss: 2.139 accuracy: 18.595
epoch - 34 loss: 2.138 accuracy: 18.648
epoch - 35 loss: 2.138 accuracy: 18.777
epoch - 36 loss: 2.139 accuracy: 18.695
epoch - 37 loss: 2.140 accuracy: 18.615
epoch - 38 loss: 2.137 accuracy: 18.657
epoch - 39 loss: 2.141 accuracy: 18.755
epoch - 40 loss: 2.141 accuracy: 18.698 val_loss: 2.141 val_acc: 18.930
epoch - 41 loss: 2.142 accuracy: 18.595
epoch - 42 loss: 2.144 accuracy: 18.730
epoch - 43 loss: 2.142 accuracy: 18.590
epoch - 44 loss: 2.142 accuracy: 18.698
epoch - 45 loss: 2.140 accuracy: 18.690
epoch - 46 loss: 2.142 accuracy: 18.692
epoch - 47 loss: 2.140 accuracy: 18.540
epoch - 48 loss: 2.141 accuracy: 18.665
epoch - 49 loss: 2.139 accuracy: 18.685
epoch - 50 loss: 2.140 accuracy: 18.707 val_loss: 2.139 val_acc: 18.980
epoch - 51 loss: 2.142 accuracy: 18.670
epoch - 52 loss: 2.141 accuracy: 18.587
epoch - 53 loss: 2.140 accuracy: 18.782
epoch - 54 loss: 2.140 accuracy: 18.660
epoch - 55 loss: 2.138 accuracy: 18.710
epoch - 56 loss: 2.138 accuracy: 18.700
epoch - 57 loss: 2.139 accuracy: 18.675
epoch - 58 loss: 2.141 accuracy: 18.637
epoch - 59 loss: 2.138 accuracy: 18.755
epoch - 60 loss: 2.139 accuracy: 18.675 val_loss: 2.140 val_acc: 19.490
epoch - 61 loss: 2.138 accuracy: 18.720
epoch - 62 loss: 2.137 accuracy: 18.742
epoch - 63 loss: 2.139 accuracy: 18.878
epoch - 64 loss: 2.136 accuracy: 18.635
epoch - 65 loss: 2.138 accuracy: 18.707
epoch - 66 loss: 2.138 accuracy: 18.758
epoch - 67 loss: 2.137 accuracy: 18.740
epoch - 68 loss: 2.135 accuracy: 18.700
epoch - 69 loss: 2.138 accuracy: 18.565
epoch - 70 loss: 2.140 accuracy: 18.655 val_loss: 2.137 val_acc: 19.010
epoch - 71 loss: 2.137 accuracy: 18.738
epoch - 72 loss: 2.137 accuracy: 18.782
epoch - 73 loss: 2.137 accuracy: 18.672
epoch - 74 loss: 2.138 accuracy: 18.760
epoch - 75 loss: 2.138 accuracy: 18.657
epoch - 76 loss: 2.139 accuracy: 18.660
epoch - 77 loss: 2.138 accuracy: 18.758
epoch - 78 loss: 2.139 accuracy: 18.580
epoch - 79 loss: 2.139 accuracy: 18.668
epoch - 80 loss: 2.138 accuracy: 18.733 val_loss: 2.138 val_acc: 19.490
epoch - 81 loss: 2.137 accuracy: 18.663
epoch - 82 loss: 2.138 accuracy: 18.688
epoch - 83 loss: 2.137 accuracy: 18.683
epoch - 84 loss: 2.138 accuracy: 18.782
epoch - 85 loss: 2.137 accuracy: 18.773
epoch - 86 loss: 2.137 accuracy: 18.705
epoch - 87 loss: 2.138 accuracy: 18.725
epoch - 88 loss: 2.138 accuracy: 18.655
epoch - 89 loss: 2.138 accuracy: 18.672
epoch - 90 loss: 2.138 accuracy: 18.637 val_loss: 2.138 val_acc: 19.200
epoch - 91 loss: 2.139 accuracy: 18.865
epoch - 92 loss: 2.138 accuracy: 18.610
epoch - 93 loss: 2.137 accuracy: 18.688
epoch - 94 loss: 2.138 accuracy: 18.898
epoch - 95 loss: 2.139 accuracy: 18.660
epoch - 96 loss: 2.138 accuracy: 18.530
epoch - 97 loss: 2.138 accuracy: 18.683
epoch - 98 loss: 2.139 accuracy: 18.843
epoch - 99 loss: 2.137 accuracy: 18.767
Finished training
Test loss: 2.097 accuracy: 21.260
Patch shuffle test loss for patch-size 16: 2.0969701145268695 accuracy: 21.26
Patch shuffle test loss for patch-size 8: 2.111653333977808 accuracy: 18.19
Done: D-shuffletruffle-Attention
