==============================
Job ID     : 16618
Array ID   : 6
Model      : Plain-Old-CIFAR10-Attention
Node       : lair-g7
GPU        : NVIDIA L40S
==============================
Net_Attention(
  (patch_embed): Linear(in_features=48, out_features=128, bias=True)
  (embed_norm): LayerNorm((128,), eps=1e-05, elementwise_affine=True)
  (blocks): ModuleList(
    (0-3): 4 x TransformerBlock(
      (norm1): LayerNorm((128,), eps=1e-05, elementwise_affine=True)
      (attn): MultiheadAttention(
        (out_proj): NonDynamicallyQuantizableLinear(in_features=128, out_features=128, bias=True)
      )
      (norm2): LayerNorm((128,), eps=1e-05, elementwise_affine=True)
      (mlp): Sequential(
        (0): Linear(in_features=128, out_features=512, bias=True)
        (1): GELU(approximate='none')
        (2): Dropout(p=0.1, inplace=False)
        (3): Linear(in_features=512, out_features=128, bias=True)
        (4): Dropout(p=0.1, inplace=False)
      )
    )
  )
  (norm): LayerNorm((128,), eps=1e-05, elementwise_affine=True)
  (classifier): Sequential(
    (0): Linear(in_features=128, out_features=256, bias=True)
    (1): GELU(approximate='none')
    (2): Dropout(p=0.1, inplace=False)
    (3): Linear(in_features=256, out_features=10, bias=True)
  )
)
epoch - 0 loss: 2.085 accuracy: 22.710 val_loss: 2.011 val_acc: 25.420
epoch - 1 loss: 2.017 accuracy: 25.913
epoch - 2 loss: 2.019 accuracy: 25.280
epoch - 3 loss: 2.029 accuracy: 23.668
epoch - 4 loss: 2.036 accuracy: 23.170
epoch - 5 loss: 2.041 accuracy: 22.695
epoch - 6 loss: 2.045 accuracy: 22.398
epoch - 7 loss: 2.050 accuracy: 22.405
epoch - 8 loss: 2.055 accuracy: 22.080
epoch - 9 loss: 2.066 accuracy: 21.640
epoch - 10 loss: 2.074 accuracy: 21.370 val_loss: 2.084 val_acc: 20.050
epoch - 11 loss: 2.086 accuracy: 21.108
epoch - 12 loss: 2.098 accuracy: 20.840
epoch - 13 loss: 2.105 accuracy: 20.465
epoch - 14 loss: 2.114 accuracy: 19.892
epoch - 15 loss: 2.123 accuracy: 19.170
epoch - 16 loss: 2.133 accuracy: 18.400
epoch - 17 loss: 2.141 accuracy: 18.075
epoch - 18 loss: 2.146 accuracy: 18.067
epoch - 19 loss: 2.149 accuracy: 18.060
epoch - 20 loss: 2.153 accuracy: 18.113 val_loss: 2.151 val_acc: 18.340
epoch - 21 loss: 2.159 accuracy: 18.020
epoch - 22 loss: 2.163 accuracy: 18.062
epoch - 23 loss: 2.166 accuracy: 18.045
epoch - 24 loss: 2.163 accuracy: 18.035
epoch - 25 loss: 2.154 accuracy: 18.098
epoch - 26 loss: 2.141 accuracy: 18.085
epoch - 27 loss: 2.135 accuracy: 18.073
epoch - 28 loss: 2.127 accuracy: 18.130
epoch - 29 loss: 2.120 accuracy: 18.067
epoch - 30 loss: 2.118 accuracy: 18.105 val_loss: 2.118 val_acc: 18.150
epoch - 31 loss: 2.115 accuracy: 18.215
epoch - 32 loss: 2.116 accuracy: 18.168
epoch - 33 loss: 2.114 accuracy: 18.365
epoch - 34 loss: 2.113 accuracy: 18.360
epoch - 35 loss: 2.110 accuracy: 18.312
epoch - 36 loss: 2.111 accuracy: 18.358
epoch - 37 loss: 2.110 accuracy: 18.450
epoch - 38 loss: 2.110 accuracy: 18.485
epoch - 39 loss: 2.111 accuracy: 18.450
epoch - 40 loss: 2.112 accuracy: 18.360 val_loss: 2.109 val_acc: 18.700
epoch - 41 loss: 2.112 accuracy: 18.398
epoch - 42 loss: 2.108 accuracy: 18.552
epoch - 43 loss: 2.109 accuracy: 18.540
epoch - 44 loss: 2.107 accuracy: 18.475
epoch - 45 loss: 2.104 accuracy: 18.490
epoch - 46 loss: 2.100 accuracy: 18.480
epoch - 47 loss: 2.094 accuracy: 18.453
epoch - 48 loss: 2.089 accuracy: 18.473
epoch - 49 loss: 2.083 accuracy: 18.433
epoch - 50 loss: 2.083 accuracy: 18.500 val_loss: 2.079 val_acc: 18.720
epoch - 51 loss: 2.082 accuracy: 18.560
epoch - 52 loss: 2.079 accuracy: 18.450
epoch - 53 loss: 2.076 accuracy: 18.508
epoch - 54 loss: 2.076 accuracy: 18.440
epoch - 55 loss: 2.081 accuracy: 18.430
epoch - 56 loss: 2.077 accuracy: 18.442
epoch - 57 loss: 2.077 accuracy: 18.422
epoch - 58 loss: 2.072 accuracy: 18.407
epoch - 59 loss: 2.074 accuracy: 18.308
epoch - 60 loss: 2.073 accuracy: 18.320 val_loss: 2.079 val_acc: 18.370
epoch - 61 loss: 2.074 accuracy: 18.433
epoch - 62 loss: 2.075 accuracy: 18.260
epoch - 63 loss: 2.072 accuracy: 18.418
epoch - 64 loss: 2.073 accuracy: 18.340
epoch - 65 loss: 2.073 accuracy: 18.308
epoch - 66 loss: 2.074 accuracy: 18.352
epoch - 67 loss: 2.073 accuracy: 18.422
epoch - 68 loss: 2.071 accuracy: 18.520
epoch - 69 loss: 2.072 accuracy: 18.245
epoch - 70 loss: 2.069 accuracy: 18.410 val_loss: 2.065 val_acc: 18.610
epoch - 71 loss: 2.070 accuracy: 18.337
epoch - 72 loss: 2.071 accuracy: 18.350
epoch - 73 loss: 2.068 accuracy: 18.348
epoch - 74 loss: 2.069 accuracy: 18.293
epoch - 75 loss: 2.068 accuracy: 18.345
epoch - 76 loss: 2.070 accuracy: 18.290
epoch - 77 loss: 2.068 accuracy: 18.335
epoch - 78 loss: 2.070 accuracy: 18.398
epoch - 79 loss: 2.070 accuracy: 18.372
epoch - 80 loss: 2.069 accuracy: 18.310 val_loss: 2.069 val_acc: 18.530
epoch - 81 loss: 2.070 accuracy: 18.270
epoch - 82 loss: 2.067 accuracy: 18.465
epoch - 83 loss: 2.066 accuracy: 18.363
epoch - 84 loss: 2.067 accuracy: 18.422
epoch - 85 loss: 2.067 accuracy: 18.430
epoch - 86 loss: 2.065 accuracy: 18.398
epoch - 87 loss: 2.065 accuracy: 18.587
epoch - 88 loss: 2.066 accuracy: 18.442
epoch - 89 loss: 2.065 accuracy: 18.367
epoch - 90 loss: 2.063 accuracy: 18.453 val_loss: 2.071 val_acc: 18.570
epoch - 91 loss: 2.061 accuracy: 18.503
epoch - 92 loss: 2.060 accuracy: 18.483
epoch - 93 loss: 2.060 accuracy: 18.462
epoch - 94 loss: 2.060 accuracy: 18.453
epoch - 95 loss: 2.060 accuracy: 18.490
epoch - 96 loss: 2.060 accuracy: 18.387
epoch - 97 loss: 2.057 accuracy: 18.440
epoch - 98 loss: 2.058 accuracy: 18.413
epoch - 99 loss: 2.056 accuracy: 18.527
Finished training
Test loss: 2.002 accuracy: 27.170
Patch shuffle test loss for patch-size 16: 2.0024765941161142 accuracy: 27.16
Patch shuffle test loss for patch-size 8: 2.0024811331229873 accuracy: 27.16
Done: Plain-Old-CIFAR10-Attention
