==============================
Job ID     : 16615
Array ID   : 3
Model      : Plain-Old-CIFAR10-CNN
Node       : lair-g7
GPU        : NVIDIA L40S
==============================
Net_CNN(
  (stem): Sequential(
    (0): Conv2d(3, 32, kernel_size=(3, 3), stride=(1, 1), padding=(1, 1), bias=False)
    (1): BatchNorm2d(32, eps=1e-05, momentum=0.1, affine=True, track_running_stats=True)
    (2): ReLU(inplace=True)
  )
  (layer1): Sequential(
    (0): ResidualBlock(
      (conv1): Conv2d(32, 32, kernel_size=(3, 3), stride=(1, 1), padding=(1, 1), bias=False)
      (bn1): BatchNorm2d(32, eps=1e-05, momentum=0.1, affine=True, track_running_stats=True)
      (relu): ReLU(inplace=True)
      (dropout): Dropout2d(p=0.1, inplace=False)
      (conv2): Conv2d(32, 32, kernel_size=(3, 3), stride=(1, 1), padding=(1, 1), bias=False)
      (bn2): BatchNorm2d(32, eps=1e-05, momentum=0.1, affine=True, track_running_stats=True)
      (shortcut): Identity()
    )
    (1): ResidualBlock(
      (conv1): Conv2d(32, 32, kernel_size=(3, 3), stride=(1, 1), padding=(1, 1), bias=False)
      (bn1): BatchNorm2d(32, eps=1e-05, momentum=0.1, affine=True, track_running_stats=True)
      (relu): ReLU(inplace=True)
      (dropout): Dropout2d(p=0.1, inplace=False)
      (conv2): Conv2d(32, 32, kernel_size=(3, 3), stride=(1, 1), padding=(1, 1), bias=False)
      (bn2): BatchNorm2d(32, eps=1e-05, momentum=0.1, affine=True, track_running_stats=True)
      (shortcut): Identity()
    )
  )
  (layer2): Sequential(
    (0): ResidualBlock(
      (conv1): Conv2d(32, 64, kernel_size=(3, 3), stride=(2, 2), padding=(1, 1), bias=False)
      (bn1): BatchNorm2d(64, eps=1e-05, momentum=0.1, affine=True, track_running_stats=True)
      (relu): ReLU(inplace=True)
      (dropout): Dropout2d(p=0.1, inplace=False)
      (conv2): Conv2d(64, 64, kernel_size=(3, 3), stride=(1, 1), padding=(1, 1), bias=False)
      (bn2): BatchNorm2d(64, eps=1e-05, momentum=0.1, affine=True, track_running_stats=True)
      (shortcut): Sequential(
        (0): Conv2d(32, 64, kernel_size=(1, 1), stride=(2, 2), bias=False)
        (1): BatchNorm2d(64, eps=1e-05, momentum=0.1, affine=True, track_running_stats=True)
      )
    )
    (1): ResidualBlock(
      (conv1): Conv2d(64, 64, kernel_size=(3, 3), stride=(1, 1), padding=(1, 1), bias=False)
      (bn1): BatchNorm2d(64, eps=1e-05, momentum=0.1, affine=True, track_running_stats=True)
      (relu): ReLU(inplace=True)
      (dropout): Dropout2d(p=0.1, inplace=False)
      (conv2): Conv2d(64, 64, kernel_size=(3, 3), stride=(1, 1), padding=(1, 1), bias=False)
      (bn2): BatchNorm2d(64, eps=1e-05, momentum=0.1, affine=True, track_running_stats=True)
      (shortcut): Identity()
    )
  )
  (layer3): Sequential(
    (0): ResidualBlock(
      (conv1): Conv2d(64, 128, kernel_size=(3, 3), stride=(2, 2), padding=(1, 1), bias=False)
      (bn1): BatchNorm2d(128, eps=1e-05, momentum=0.1, affine=True, track_running_stats=True)
      (relu): ReLU(inplace=True)
      (dropout): Dropout2d(p=0.1, inplace=False)
      (conv2): Conv2d(128, 128, kernel_size=(3, 3), stride=(1, 1), padding=(1, 1), bias=False)
      (bn2): BatchNorm2d(128, eps=1e-05, momentum=0.1, affine=True, track_running_stats=True)
      (shortcut): Sequential(
        (0): Conv2d(64, 128, kernel_size=(1, 1), stride=(2, 2), bias=False)
        (1): BatchNorm2d(128, eps=1e-05, momentum=0.1, affine=True, track_running_stats=True)
      )
    )
    (1): ResidualBlock(
      (conv1): Conv2d(128, 128, kernel_size=(3, 3), stride=(1, 1), padding=(1, 1), bias=False)
      (bn1): BatchNorm2d(128, eps=1e-05, momentum=0.1, affine=True, track_running_stats=True)
      (relu): ReLU(inplace=True)
      (dropout): Dropout2d(p=0.1, inplace=False)
      (conv2): Conv2d(128, 128, kernel_size=(3, 3), stride=(1, 1), padding=(1, 1), bias=False)
      (bn2): BatchNorm2d(128, eps=1e-05, momentum=0.1, affine=True, track_running_stats=True)
      (shortcut): Identity()
    )
  )
  (pool): AdaptiveAvgPool2d(output_size=(1, 1))
  (classifier): Sequential(
    (0): Linear(in_features=128, out_features=256, bias=True)
    (1): GELU(approximate='none')
    (2): Dropout(p=0.3, inplace=False)
    (3): Linear(in_features=256, out_features=10, bias=True)
  )
)
epoch - 0 loss: 2.042 accuracy: 22.905 val_loss: 1.832 val_acc: 30.550
epoch - 1 loss: 1.760 accuracy: 33.850
epoch - 2 loss: 1.655 accuracy: 38.750
epoch - 3 loss: 1.554 accuracy: 43.112
epoch - 4 loss: 1.482 accuracy: 45.398
epoch - 5 loss: 1.442 accuracy: 47.190
epoch - 6 loss: 1.411 accuracy: 48.440
epoch - 7 loss: 1.389 accuracy: 49.580
epoch - 8 loss: 1.371 accuracy: 50.325
epoch - 9 loss: 1.355 accuracy: 50.693
epoch - 10 loss: 1.348 accuracy: 51.273 val_loss: 1.191 val_acc: 54.930
epoch - 11 loss: 1.339 accuracy: 51.800
epoch - 12 loss: 1.339 accuracy: 51.790
epoch - 13 loss: 1.336 accuracy: 52.165
epoch - 14 loss: 1.335 accuracy: 52.085
epoch - 15 loss: 1.334 accuracy: 52.068
epoch - 16 loss: 1.329 accuracy: 52.645
epoch - 17 loss: 1.343 accuracy: 52.230
epoch - 18 loss: 1.344 accuracy: 52.475
epoch - 19 loss: 1.352 accuracy: 52.180
epoch - 20 loss: 1.366 accuracy: 51.830 val_loss: 1.224 val_acc: 55.050
epoch - 21 loss: 1.373 accuracy: 52.062
epoch - 22 loss: 1.392 accuracy: 51.285
epoch - 23 loss: 1.405 accuracy: 50.883
epoch - 24 loss: 1.421 accuracy: 50.903
epoch - 25 loss: 1.448 accuracy: 49.913
epoch - 26 loss: 1.476 accuracy: 49.390
epoch - 27 loss: 1.509 accuracy: 48.770
epoch - 28 loss: 1.547 accuracy: 47.928
epoch - 29 loss: 1.587 accuracy: 45.540
epoch - 30 loss: 1.635 accuracy: 42.865 val_loss: 1.548 val_acc: 43.160
epoch - 31 loss: 1.685 accuracy: 42.712
epoch - 32 loss: 1.734 accuracy: 42.575
epoch - 33 loss: 1.799 accuracy: 42.305
epoch - 34 loss: 1.882 accuracy: 42.015
epoch - 35 loss: 1.964 accuracy: 38.335
epoch - 36 loss: 2.052 accuracy: 36.498
epoch - 37 loss: 2.143 accuracy: 29.380
epoch - 38 loss: 2.233 accuracy: 24.740
epoch - 39 loss: 2.295 accuracy: 13.402
epoch - 40 loss: 2.303 accuracy: 9.988 val_loss: 2.303 val_acc: 10.050
epoch - 41 loss: 2.303 accuracy: 9.950
epoch - 42 loss: 2.303 accuracy: 9.867
epoch - 43 loss: 2.303 accuracy: 10.047
epoch - 44 loss: 2.303 accuracy: 10.047
epoch - 45 loss: 2.303 accuracy: 10.047
epoch - 46 loss: 2.303 accuracy: 10.047
epoch - 47 loss: 2.303 accuracy: 9.880
epoch - 48 loss: 2.303 accuracy: 9.898
epoch - 49 loss: 2.303 accuracy: 10.047
epoch - 50 loss: 2.303 accuracy: 9.957 val_loss: 2.303 val_acc: 9.810
epoch - 51 loss: 2.303 accuracy: 9.748
epoch - 52 loss: 2.303 accuracy: 9.870
epoch - 53 loss: 2.303 accuracy: 9.838
epoch - 54 loss: 2.303 accuracy: 9.850
epoch - 55 loss: 2.303 accuracy: 10.055
epoch - 56 loss: 2.303 accuracy: 9.912
epoch - 57 loss: 2.303 accuracy: 9.890
epoch - 58 loss: 2.303 accuracy: 9.720
epoch - 59 loss: 2.303 accuracy: 9.918
epoch - 60 loss: 2.303 accuracy: 9.918 val_loss: 2.303 val_acc: 9.840
epoch - 61 loss: 2.303 accuracy: 9.975
epoch - 62 loss: 2.303 accuracy: 9.838
epoch - 63 loss: 2.303 accuracy: 9.852
epoch - 64 loss: 2.303 accuracy: 9.800
epoch - 65 loss: 2.303 accuracy: 9.963
epoch - 66 loss: 2.303 accuracy: 9.700
epoch - 67 loss: 2.303 accuracy: 9.915
epoch - 68 loss: 2.303 accuracy: 9.553
epoch - 69 loss: 2.303 accuracy: 9.797
epoch - 70 loss: 2.303 accuracy: 9.803 val_loss: 2.303 val_acc: 9.810
epoch - 71 loss: 2.303 accuracy: 9.695
epoch - 72 loss: 2.303 accuracy: 9.688
epoch - 73 loss: 2.303 accuracy: 9.998
epoch - 74 loss: 2.303 accuracy: 9.980
epoch - 75 loss: 2.303 accuracy: 9.905
epoch - 76 loss: 2.303 accuracy: 9.945
epoch - 77 loss: 2.303 accuracy: 9.803
epoch - 78 loss: 2.303 accuracy: 9.887
epoch - 79 loss: 2.303 accuracy: 9.682
epoch - 80 loss: 2.303 accuracy: 9.787 val_loss: 2.303 val_acc: 9.810
epoch - 81 loss: 2.303 accuracy: 9.877
epoch - 82 loss: 2.303 accuracy: 9.800
epoch - 83 loss: 2.303 accuracy: 9.930
epoch - 84 loss: 2.303 accuracy: 9.832
epoch - 85 loss: 2.303 accuracy: 9.762
epoch - 86 loss: 2.303 accuracy: 9.925
epoch - 87 loss: 2.303 accuracy: 9.623
epoch - 88 loss: 2.303 accuracy: 9.885
epoch - 89 loss: 2.303 accuracy: 9.985
epoch - 90 loss: 2.303 accuracy: 9.970 val_loss: 2.303 val_acc: 9.810
epoch - 91 loss: 2.303 accuracy: 9.768
epoch - 92 loss: 2.303 accuracy: 9.735
epoch - 93 loss: 2.303 accuracy: 9.840
epoch - 94 loss: 2.303 accuracy: 9.773
epoch - 95 loss: 2.303 accuracy: 9.790
epoch - 96 loss: 2.303 accuracy: 9.770
epoch - 97 loss: 2.303 accuracy: 9.707
epoch - 98 loss: 2.303 accuracy: 9.875
epoch - 99 loss: 2.303 accuracy: 10.000
Finished training
Test loss: 1.216 accuracy: 55.100
Patch shuffle test loss for patch-size 16: 1.5253998569295377 accuracy: 42.8
Patch shuffle test loss for patch-size 8: 2.0608930331242235 accuracy: 28.43
Done: Plain-Old-CIFAR10-CNN
