==============================
Job ID     : 15660
Array ID   : 4
Model      : D-shuffletruffle-CNN
Node       : lair-g4
GPU        : NVIDIA L40S
==============================
Files already downloaded and verified
Files already downloaded and verified
Net_D_shuffletruffle_CNN(
  (patch_encoder): Sequential(
    (0): Conv2d(3, 32, kernel_size=(3, 3), stride=(1, 1), padding=(1, 1), bias=False)
    (1): BatchNorm2d(32, eps=1e-05, momentum=0.1, affine=True, track_running_stats=True)
    (2): ReLU(inplace=True)
    (3): ResidualBlock(
      (conv1): Conv2d(32, 32, kernel_size=(3, 3), stride=(1, 1), padding=(1, 1), bias=False)
      (bn1): BatchNorm2d(32, eps=1e-05, momentum=0.1, affine=True, track_running_stats=True)
      (relu): ReLU(inplace=True)
      (dropout): Dropout2d(p=0.1, inplace=False)
      (conv2): Conv2d(32, 32, kernel_size=(3, 3), stride=(1, 1), padding=(1, 1), bias=False)
      (bn2): BatchNorm2d(32, eps=1e-05, momentum=0.1, affine=True, track_running_stats=True)
      (shortcut): Identity()
    )
    (4): ResidualBlock(
      (conv1): Conv2d(32, 64, kernel_size=(3, 3), stride=(2, 2), padding=(1, 1), bias=False)
      (bn1): BatchNorm2d(64, eps=1e-05, momentum=0.1, affine=True, track_running_stats=True)
      (relu): ReLU(inplace=True)
      (dropout): Dropout2d(p=0.1, inplace=False)
      (conv2): Conv2d(64, 64, kernel_size=(3, 3), stride=(1, 1), padding=(1, 1), bias=False)
      (bn2): BatchNorm2d(64, eps=1e-05, momentum=0.1, affine=True, track_running_stats=True)
      (shortcut): Sequential(
        (0): Conv2d(32, 64, kernel_size=(1, 1), stride=(2, 2), bias=False)
        (1): BatchNorm2d(64, eps=1e-05, momentum=0.1, affine=True, track_running_stats=True)
      )
    )
    (5): ResidualBlock(
      (conv1): Conv2d(64, 128, kernel_size=(3, 3), stride=(2, 2), padding=(1, 1), bias=False)
      (bn1): BatchNorm2d(128, eps=1e-05, momentum=0.1, affine=True, track_running_stats=True)
      (relu): ReLU(inplace=True)
      (dropout): Dropout2d(p=0.1, inplace=False)
      (conv2): Conv2d(128, 128, kernel_size=(3, 3), stride=(1, 1), padding=(1, 1), bias=False)
      (bn2): BatchNorm2d(128, eps=1e-05, momentum=0.1, affine=True, track_running_stats=True)
      (shortcut): Sequential(
        (0): Conv2d(64, 128, kernel_size=(1, 1), stride=(2, 2), bias=False)
        (1): BatchNorm2d(128, eps=1e-05, momentum=0.1, affine=True, track_running_stats=True)
      )
    )
    (6): AdaptiveAvgPool2d(output_size=(1, 1))
  )
  (classifier): Sequential(
    (0): Linear(in_features=128, out_features=64, bias=True)
    (1): GELU(approximate='none')
    (2): Dropout(p=0.3, inplace=False)
    (3): Linear(in_features=64, out_features=10, bias=True)
  )
)
epoch - 0 loss: 1.920 accuracy: 29.023 val_loss: 1.654 val_acc: 40.280
epoch - 1 loss: 1.619 accuracy: 39.407
epoch - 2 loss: 1.485 accuracy: 45.360
epoch - 3 loss: 1.392 accuracy: 49.133
epoch - 4 loss: 1.321 accuracy: 51.905
epoch - 5 loss: 1.270 accuracy: 53.888
epoch - 6 loss: 1.220 accuracy: 55.797
epoch - 7 loss: 1.177 accuracy: 57.712
epoch - 8 loss: 1.149 accuracy: 58.858
epoch - 9 loss: 1.117 accuracy: 59.803
epoch - 10 loss: 1.087 accuracy: 61.085 val_loss: 1.046 val_acc: 63.230
epoch - 11 loss: 1.061 accuracy: 62.185
epoch - 12 loss: 1.038 accuracy: 62.940
epoch - 13 loss: 1.020 accuracy: 63.675
epoch - 14 loss: 0.998 accuracy: 64.642
epoch - 15 loss: 0.977 accuracy: 64.995
epoch - 16 loss: 0.962 accuracy: 65.550
epoch - 17 loss: 0.947 accuracy: 66.335
epoch - 18 loss: 0.923 accuracy: 67.088
epoch - 19 loss: 0.910 accuracy: 67.700
epoch - 20 loss: 0.899 accuracy: 67.945 val_loss: 0.920 val_acc: 67.140
epoch - 21 loss: 0.881 accuracy: 68.812
epoch - 22 loss: 0.870 accuracy: 69.185
epoch - 23 loss: 0.855 accuracy: 69.615
epoch - 24 loss: 0.845 accuracy: 70.142
epoch - 25 loss: 0.833 accuracy: 70.620
epoch - 26 loss: 0.815 accuracy: 71.082
epoch - 27 loss: 0.806 accuracy: 71.638
epoch - 28 loss: 0.791 accuracy: 71.838
epoch - 29 loss: 0.779 accuracy: 72.565
epoch - 30 loss: 0.773 accuracy: 72.862 val_loss: 0.861 val_acc: 69.740
epoch - 31 loss: 0.761 accuracy: 73.093
epoch - 32 loss: 0.753 accuracy: 73.418
epoch - 33 loss: 0.735 accuracy: 74.210
epoch - 34 loss: 0.723 accuracy: 74.418
epoch - 35 loss: 0.717 accuracy: 74.677
epoch - 36 loss: 0.702 accuracy: 75.280
epoch - 37 loss: 0.699 accuracy: 75.407
epoch - 38 loss: 0.685 accuracy: 75.907
epoch - 39 loss: 0.679 accuracy: 76.162
epoch - 40 loss: 0.665 accuracy: 76.395 val_loss: 0.872 val_acc: 69.830
epoch - 41 loss: 0.659 accuracy: 76.688
epoch - 42 loss: 0.646 accuracy: 77.332
epoch - 43 loss: 0.637 accuracy: 77.453
epoch - 44 loss: 0.627 accuracy: 78.123
epoch - 45 loss: 0.621 accuracy: 78.085
epoch - 46 loss: 0.610 accuracy: 78.555
epoch - 47 loss: 0.597 accuracy: 79.142
epoch - 48 loss: 0.590 accuracy: 79.070
epoch - 49 loss: 0.580 accuracy: 79.733
epoch - 50 loss: 0.577 accuracy: 79.532 val_loss: 0.902 val_acc: 69.550
epoch - 51 loss: 0.570 accuracy: 79.995
epoch - 52 loss: 0.559 accuracy: 80.270
epoch - 53 loss: 0.550 accuracy: 80.695
epoch - 54 loss: 0.543 accuracy: 80.805
epoch - 55 loss: 0.538 accuracy: 81.028
epoch - 56 loss: 0.529 accuracy: 81.588
epoch - 57 loss: 0.520 accuracy: 81.558
epoch - 58 loss: 0.511 accuracy: 81.782
epoch - 59 loss: 0.509 accuracy: 82.312
epoch - 60 loss: 0.495 accuracy: 82.498 val_loss: 0.920 val_acc: 70.360
epoch - 61 loss: 0.488 accuracy: 82.812
epoch - 62 loss: 0.482 accuracy: 82.880
epoch - 63 loss: 0.478 accuracy: 83.065
epoch - 64 loss: 0.463 accuracy: 83.515
epoch - 65 loss: 0.464 accuracy: 83.718
epoch - 66 loss: 0.454 accuracy: 84.127
epoch - 67 loss: 0.454 accuracy: 83.918
epoch - 68 loss: 0.440 accuracy: 84.368
epoch - 69 loss: 0.434 accuracy: 84.805
epoch - 70 loss: 0.426 accuracy: 85.007 val_loss: 0.953 val_acc: 70.370
epoch - 71 loss: 0.417 accuracy: 85.118
epoch - 72 loss: 0.415 accuracy: 85.243
epoch - 73 loss: 0.408 accuracy: 85.778
epoch - 74 loss: 0.397 accuracy: 86.162
epoch - 75 loss: 0.388 accuracy: 86.403
epoch - 76 loss: 0.395 accuracy: 86.045
epoch - 77 loss: 0.383 accuracy: 86.550
epoch - 78 loss: 0.379 accuracy: 86.530
epoch - 79 loss: 0.372 accuracy: 86.825
epoch - 80 loss: 0.365 accuracy: 87.142 val_loss: 0.940 val_acc: 70.960
epoch - 81 loss: 0.362 accuracy: 87.168
epoch - 82 loss: 0.352 accuracy: 87.603
epoch - 83 loss: 0.352 accuracy: 87.718
epoch - 84 loss: 0.347 accuracy: 87.638
epoch - 85 loss: 0.343 accuracy: 87.953
epoch - 86 loss: 0.336 accuracy: 88.275
epoch - 87 loss: 0.327 accuracy: 88.425
epoch - 88 loss: 0.322 accuracy: 88.778
epoch - 89 loss: 0.320 accuracy: 88.683
epoch - 90 loss: 0.315 accuracy: 89.127 val_loss: 1.001 val_acc: 70.980
epoch - 91 loss: 0.310 accuracy: 89.100
epoch - 92 loss: 0.308 accuracy: 89.195
epoch - 93 loss: 0.298 accuracy: 89.540
epoch - 94 loss: 0.296 accuracy: 89.562
epoch - 95 loss: 0.292 accuracy: 89.922
epoch - 96 loss: 0.292 accuracy: 89.780
epoch - 97 loss: 0.289 accuracy: 89.885
epoch - 98 loss: 0.284 accuracy: 90.147
epoch - 99 loss: 0.278 accuracy: 90.118
Finished training
Test loss: 1.092 accuracy: 69.600
Patch shuffle test loss for patch-size 16: 1.0924194998378995 accuracy: 69.6
Patch shuffle test loss for patch-size 8: 2.8597241474103323 accuracy: 41.08
Done: D-shuffletruffle-CNN
