==============================
Job ID     : 15652
Array ID   : 7
Model      : D-shuffletruffle-Attention
Node       : lair-g4
GPU        : NVIDIA L40S
==============================
Files already downloaded and verified
Files already downloaded and verified
Net_D_shuffletruffle_Attention(
  (patch_embed): Linear(in_features=768, out_features=128, bias=True)
  (embed_norm): LayerNorm((128,), eps=1e-05, elementwise_affine=True)
  (blocks): ModuleList(
    (0-3): 4 x TransformerBlock(
      (norm1): LayerNorm((128,), eps=1e-05, elementwise_affine=True)
      (attn): MultiheadAttention(
        (out_proj): NonDynamicallyQuantizableLinear(in_features=128, out_features=128, bias=True)
      )
      (norm2): LayerNorm((128,), eps=1e-05, elementwise_affine=True)
      (mlp): Sequential(
        (0): Linear(in_features=128, out_features=512, bias=True)
        (1): GELU(approximate='none')
        (2): Dropout(p=0.1, inplace=False)
        (3): Linear(in_features=512, out_features=128, bias=True)
        (4): Dropout(p=0.1, inplace=False)
      )
    )
  )
  (norm): LayerNorm((128,), eps=1e-05, elementwise_affine=True)
  (classifier): Sequential(
    (0): Linear(in_features=128, out_features=256, bias=True)
    (1): GELU(approximate='none')
    (2): Dropout(p=0.1, inplace=False)
    (3): Linear(in_features=256, out_features=10, bias=True)
  )
)
epoch - 0 loss: 2.088 accuracy: 21.508 val_loss: 1.998 val_acc: 26.580
epoch - 1 loss: 1.999 accuracy: 26.177
epoch - 2 loss: 1.963 accuracy: 27.628
epoch - 3 loss: 1.948 accuracy: 28.753
epoch - 4 loss: 1.936 accuracy: 29.273
epoch - 5 loss: 1.925 accuracy: 29.488
epoch - 6 loss: 1.907 accuracy: 30.630
epoch - 7 loss: 1.906 accuracy: 30.172
epoch - 8 loss: 1.918 accuracy: 30.242
epoch - 9 loss: 1.897 accuracy: 31.098
epoch - 10 loss: 1.925 accuracy: 29.945 val_loss: 1.893 val_acc: 31.330
epoch - 11 loss: 1.904 accuracy: 30.785
epoch - 12 loss: 1.904 accuracy: 30.668
epoch - 13 loss: 1.897 accuracy: 31.010
epoch - 14 loss: 1.889 accuracy: 30.920
epoch - 15 loss: 1.908 accuracy: 30.550
epoch - 16 loss: 1.900 accuracy: 30.812
epoch - 17 loss: 1.890 accuracy: 31.285
epoch - 18 loss: 1.884 accuracy: 31.267
epoch - 19 loss: 1.887 accuracy: 31.250
epoch - 20 loss: 1.880 accuracy: 31.227 val_loss: 1.881 val_acc: 31.280
epoch - 21 loss: 1.859 accuracy: 32.190
epoch - 22 loss: 1.852 accuracy: 32.550
epoch - 23 loss: 1.847 accuracy: 33.140
epoch - 24 loss: 1.848 accuracy: 32.593
epoch - 25 loss: 1.864 accuracy: 31.927
epoch - 26 loss: 1.841 accuracy: 33.130
epoch - 27 loss: 1.832 accuracy: 33.042
epoch - 28 loss: 1.825 accuracy: 33.440
epoch - 29 loss: 1.819 accuracy: 33.943
epoch - 30 loss: 1.812 accuracy: 34.040 val_loss: 1.851 val_acc: 33.220
epoch - 31 loss: 1.824 accuracy: 33.472
epoch - 32 loss: 1.816 accuracy: 33.580
epoch - 33 loss: 1.804 accuracy: 34.245
epoch - 34 loss: 1.796 accuracy: 34.725
epoch - 35 loss: 1.842 accuracy: 32.968
epoch - 36 loss: 1.814 accuracy: 33.953
epoch - 37 loss: 1.801 accuracy: 34.715
epoch - 38 loss: 1.810 accuracy: 34.413
epoch - 39 loss: 1.831 accuracy: 33.425
epoch - 40 loss: 1.807 accuracy: 34.182 val_loss: 1.817 val_acc: 34.010
epoch - 41 loss: 1.802 accuracy: 34.640
epoch - 42 loss: 1.816 accuracy: 33.907
epoch - 43 loss: 1.811 accuracy: 34.000
epoch - 44 loss: 1.810 accuracy: 33.983
epoch - 45 loss: 1.835 accuracy: 33.310
epoch - 46 loss: 1.851 accuracy: 32.597
epoch - 47 loss: 1.830 accuracy: 33.572
epoch - 48 loss: 1.822 accuracy: 33.883
epoch - 49 loss: 1.827 accuracy: 33.445
epoch - 50 loss: 1.814 accuracy: 34.492 val_loss: 1.847 val_acc: 32.500
epoch - 51 loss: 1.809 accuracy: 34.620
epoch - 52 loss: 1.816 accuracy: 34.415
epoch - 53 loss: 1.795 accuracy: 35.002
epoch - 54 loss: 1.794 accuracy: 35.312
epoch - 55 loss: 1.787 accuracy: 35.355
epoch - 56 loss: 1.791 accuracy: 35.125
epoch - 57 loss: 1.787 accuracy: 35.380
epoch - 58 loss: 1.775 accuracy: 35.725
epoch - 59 loss: 1.786 accuracy: 35.153
epoch - 60 loss: 1.771 accuracy: 36.163 val_loss: 1.792 val_acc: 35.660
epoch - 61 loss: 1.756 accuracy: 36.127
epoch - 62 loss: 1.762 accuracy: 36.105
epoch - 63 loss: 1.789 accuracy: 35.305
epoch - 64 loss: 1.792 accuracy: 35.405
epoch - 65 loss: 1.779 accuracy: 35.718
epoch - 66 loss: 1.782 accuracy: 35.722
epoch - 67 loss: 1.789 accuracy: 35.498
epoch - 68 loss: 1.772 accuracy: 35.987
epoch - 69 loss: 1.772 accuracy: 36.233
epoch - 70 loss: 1.760 accuracy: 36.500 val_loss: 1.815 val_acc: 35.160
epoch - 71 loss: 1.760 accuracy: 36.392
epoch - 72 loss: 1.849 accuracy: 32.970
epoch - 73 loss: 1.846 accuracy: 33.218
epoch - 74 loss: 1.823 accuracy: 34.075
epoch - 75 loss: 1.805 accuracy: 34.750
epoch - 76 loss: 1.796 accuracy: 35.135
epoch - 77 loss: 1.787 accuracy: 35.303
epoch - 78 loss: 1.782 accuracy: 35.515
epoch - 79 loss: 1.781 accuracy: 35.375
epoch - 80 loss: 1.778 accuracy: 35.425 val_loss: 1.841 val_acc: 33.250
epoch - 81 loss: 1.790 accuracy: 35.165
epoch - 82 loss: 1.779 accuracy: 35.595
epoch - 83 loss: 1.764 accuracy: 36.072
epoch - 84 loss: 1.770 accuracy: 35.880
epoch - 85 loss: 1.767 accuracy: 35.833
epoch - 86 loss: 1.764 accuracy: 36.240
epoch - 87 loss: 1.761 accuracy: 36.197
epoch - 88 loss: 1.766 accuracy: 36.193
epoch - 89 loss: 1.749 accuracy: 36.630
epoch - 90 loss: 1.765 accuracy: 36.100 val_loss: 1.813 val_acc: 34.720
epoch - 91 loss: 1.757 accuracy: 36.593
epoch - 92 loss: 1.753 accuracy: 36.907
epoch - 93 loss: 1.749 accuracy: 37.288
epoch - 94 loss: 1.750 accuracy: 36.672
epoch - 95 loss: 1.753 accuracy: 36.680
epoch - 96 loss: 1.748 accuracy: 36.835
epoch - 97 loss: 1.734 accuracy: 37.595
epoch - 98 loss: 1.720 accuracy: 38.210
epoch - 99 loss: 1.718 accuracy: 37.870
Finished training
Test loss: 1.748 accuracy: 37.180
Patch shuffle test loss for patch-size 16: 1.7478938464876972 accuracy: 37.18
Patch shuffle test loss for patch-size 8: 2.1384717482554763 accuracy: 24.03
Done: D-shuffletruffle-Attention
