==============================
Job ID     : 15586
Array ID   : 3
Model      : Plain-Old-CIFAR10-CNN
Node       : lair-g2
GPU        : NVIDIA L40S
==============================
Files already downloaded and verified
Files already downloaded and verified
Net_CNN(
  (stem): Sequential(
    (0): Conv2d(3, 32, kernel_size=(3, 3), stride=(1, 1), padding=(1, 1), bias=False)
    (1): BatchNorm2d(32, eps=1e-05, momentum=0.1, affine=True, track_running_stats=True)
    (2): ReLU(inplace=True)
  )
  (layer1): Sequential(
    (0): ResidualBlock(
      (conv1): Conv2d(32, 32, kernel_size=(3, 3), stride=(1, 1), padding=(1, 1), bias=False)
      (bn1): BatchNorm2d(32, eps=1e-05, momentum=0.1, affine=True, track_running_stats=True)
      (relu): ReLU(inplace=True)
      (conv2): Conv2d(32, 32, kernel_size=(3, 3), stride=(1, 1), padding=(1, 1), bias=False)
      (bn2): BatchNorm2d(32, eps=1e-05, momentum=0.1, affine=True, track_running_stats=True)
      (shortcut): Identity()
    )
    (1): ResidualBlock(
      (conv1): Conv2d(32, 32, kernel_size=(3, 3), stride=(1, 1), padding=(1, 1), bias=False)
      (bn1): BatchNorm2d(32, eps=1e-05, momentum=0.1, affine=True, track_running_stats=True)
      (relu): ReLU(inplace=True)
      (conv2): Conv2d(32, 32, kernel_size=(3, 3), stride=(1, 1), padding=(1, 1), bias=False)
      (bn2): BatchNorm2d(32, eps=1e-05, momentum=0.1, affine=True, track_running_stats=True)
      (shortcut): Identity()
    )
  )
  (layer2): Sequential(
    (0): ResidualBlock(
      (conv1): Conv2d(32, 64, kernel_size=(3, 3), stride=(2, 2), padding=(1, 1), bias=False)
      (bn1): BatchNorm2d(64, eps=1e-05, momentum=0.1, affine=True, track_running_stats=True)
      (relu): ReLU(inplace=True)
      (conv2): Conv2d(64, 64, kernel_size=(3, 3), stride=(1, 1), padding=(1, 1), bias=False)
      (bn2): BatchNorm2d(64, eps=1e-05, momentum=0.1, affine=True, track_running_stats=True)
      (shortcut): Sequential(
        (0): Conv2d(32, 64, kernel_size=(1, 1), stride=(2, 2), bias=False)
        (1): BatchNorm2d(64, eps=1e-05, momentum=0.1, affine=True, track_running_stats=True)
      )
    )
    (1): ResidualBlock(
      (conv1): Conv2d(64, 64, kernel_size=(3, 3), stride=(1, 1), padding=(1, 1), bias=False)
      (bn1): BatchNorm2d(64, eps=1e-05, momentum=0.1, affine=True, track_running_stats=True)
      (relu): ReLU(inplace=True)
      (conv2): Conv2d(64, 64, kernel_size=(3, 3), stride=(1, 1), padding=(1, 1), bias=False)
      (bn2): BatchNorm2d(64, eps=1e-05, momentum=0.1, affine=True, track_running_stats=True)
      (shortcut): Identity()
    )
  )
  (layer3): Sequential(
    (0): ResidualBlock(
      (conv1): Conv2d(64, 128, kernel_size=(3, 3), stride=(2, 2), padding=(1, 1), bias=False)
      (bn1): BatchNorm2d(128, eps=1e-05, momentum=0.1, affine=True, track_running_stats=True)
      (relu): ReLU(inplace=True)
      (conv2): Conv2d(128, 128, kernel_size=(3, 3), stride=(1, 1), padding=(1, 1), bias=False)
      (bn2): BatchNorm2d(128, eps=1e-05, momentum=0.1, affine=True, track_running_stats=True)
      (shortcut): Sequential(
        (0): Conv2d(64, 128, kernel_size=(1, 1), stride=(2, 2), bias=False)
        (1): BatchNorm2d(128, eps=1e-05, momentum=0.1, affine=True, track_running_stats=True)
      )
    )
    (1): ResidualBlock(
      (conv1): Conv2d(128, 128, kernel_size=(3, 3), stride=(1, 1), padding=(1, 1), bias=False)
      (bn1): BatchNorm2d(128, eps=1e-05, momentum=0.1, affine=True, track_running_stats=True)
      (relu): ReLU(inplace=True)
      (conv2): Conv2d(128, 128, kernel_size=(3, 3), stride=(1, 1), padding=(1, 1), bias=False)
      (bn2): BatchNorm2d(128, eps=1e-05, momentum=0.1, affine=True, track_running_stats=True)
      (shortcut): Identity()
    )
  )
  (pool): AdaptiveAvgPool2d(output_size=(1, 1))
  (classifier): Linear(in_features=128, out_features=10, bias=True)
)
epoch - 0 loss: 1.642 accuracy: 38.623 val_loss: 2.742 val_acc: 34.030
epoch - 1 loss: 1.154 accuracy: 57.955
epoch - 2 loss: 0.876 accuracy: 68.735
epoch - 3 loss: 0.702 accuracy: 75.220
epoch - 4 loss: 0.577 accuracy: 79.737
epoch - 5 loss: 0.484 accuracy: 83.047
epoch - 6 loss: 0.408 accuracy: 85.662
epoch - 7 loss: 0.336 accuracy: 88.147
epoch - 8 loss: 0.264 accuracy: 90.782
epoch - 9 loss: 0.215 accuracy: 92.282
epoch - 10 loss: 0.171 accuracy: 93.930 val_loss: 0.812 val_acc: 78.350
epoch - 11 loss: 0.144 accuracy: 94.763
epoch - 12 loss: 0.110 accuracy: 96.085
epoch - 13 loss: 0.107 accuracy: 96.120
epoch - 14 loss: 0.085 accuracy: 96.998
epoch - 15 loss: 0.080 accuracy: 97.203
epoch - 16 loss: 0.067 accuracy: 97.625
epoch - 17 loss: 0.068 accuracy: 97.578
epoch - 18 loss: 0.070 accuracy: 97.570
epoch - 19 loss: 0.062 accuracy: 97.870
epoch - 20 loss: 0.044 accuracy: 98.440 val_loss: 0.970 val_acc: 81.390
epoch - 21 loss: 0.057 accuracy: 98.022
epoch - 22 loss: 0.049 accuracy: 98.343
epoch - 23 loss: 0.047 accuracy: 98.455
epoch - 24 loss: 0.036 accuracy: 98.740
epoch - 25 loss: 0.051 accuracy: 98.278
epoch - 26 loss: 0.046 accuracy: 98.457
epoch - 27 loss: 0.035 accuracy: 98.790
epoch - 28 loss: 0.048 accuracy: 98.355
epoch - 29 loss: 0.039 accuracy: 98.677
epoch - 30 loss: 0.031 accuracy: 98.920 val_loss: 1.100 val_acc: 81.460
epoch - 31 loss: 0.037 accuracy: 98.752
epoch - 32 loss: 0.033 accuracy: 98.860
epoch - 33 loss: 0.041 accuracy: 98.627
epoch - 34 loss: 0.028 accuracy: 99.040
epoch - 35 loss: 0.030 accuracy: 98.987
epoch - 36 loss: 0.038 accuracy: 98.605
epoch - 37 loss: 0.027 accuracy: 99.085
epoch - 38 loss: 0.030 accuracy: 98.945
epoch - 39 loss: 0.036 accuracy: 98.757
epoch - 40 loss: 0.034 accuracy: 98.838 val_loss: 1.060 val_acc: 81.680
epoch - 41 loss: 0.024 accuracy: 99.195
epoch - 42 loss: 0.018 accuracy: 99.390
epoch - 43 loss: 0.028 accuracy: 99.060
epoch - 44 loss: 0.028 accuracy: 99.070
epoch - 45 loss: 0.036 accuracy: 98.808
epoch - 46 loss: 0.020 accuracy: 99.325
epoch - 47 loss: 0.010 accuracy: 99.638
epoch - 48 loss: 0.022 accuracy: 99.243
epoch - 49 loss: 0.042 accuracy: 98.560
epoch - 50 loss: 0.026 accuracy: 99.120 val_loss: 1.283 val_acc: 80.870
epoch - 51 loss: 0.015 accuracy: 99.517
epoch - 52 loss: 0.021 accuracy: 99.243
epoch - 53 loss: 0.021 accuracy: 99.295
epoch - 54 loss: 0.031 accuracy: 98.980
epoch - 55 loss: 0.020 accuracy: 99.345
epoch - 56 loss: 0.022 accuracy: 99.265
epoch - 57 loss: 0.017 accuracy: 99.425
epoch - 58 loss: 0.016 accuracy: 99.430
epoch - 59 loss: 0.030 accuracy: 98.990
epoch - 60 loss: 0.017 accuracy: 99.438 val_loss: 1.198 val_acc: 82.210
epoch - 61 loss: 0.018 accuracy: 99.430
epoch - 62 loss: 0.016 accuracy: 99.457
epoch - 63 loss: 0.017 accuracy: 99.463
epoch - 64 loss: 0.027 accuracy: 99.130
epoch - 65 loss: 0.012 accuracy: 99.560
epoch - 66 loss: 0.016 accuracy: 99.442
epoch - 67 loss: 0.022 accuracy: 99.267
epoch - 68 loss: 0.021 accuracy: 99.260
epoch - 69 loss: 0.013 accuracy: 99.560
epoch - 70 loss: 0.015 accuracy: 99.507 val_loss: 1.549 val_acc: 79.120
epoch - 71 loss: 0.026 accuracy: 99.095
epoch - 72 loss: 0.011 accuracy: 99.627
epoch - 73 loss: 0.013 accuracy: 99.580
epoch - 74 loss: 0.020 accuracy: 99.338
epoch - 75 loss: 0.016 accuracy: 99.513
epoch - 76 loss: 0.011 accuracy: 99.625
epoch - 77 loss: 0.009 accuracy: 99.722
epoch - 78 loss: 0.030 accuracy: 99.078
epoch - 79 loss: 0.013 accuracy: 99.543
epoch - 80 loss: 0.010 accuracy: 99.668 val_loss: 1.227 val_acc: 82.950
epoch - 81 loss: 0.009 accuracy: 99.725
epoch - 82 loss: 0.031 accuracy: 99.028
epoch - 83 loss: 0.014 accuracy: 99.520
epoch - 84 loss: 0.008 accuracy: 99.743
epoch - 85 loss: 0.010 accuracy: 99.640
epoch - 86 loss: 0.020 accuracy: 99.362
epoch - 87 loss: 0.020 accuracy: 99.325
epoch - 88 loss: 0.007 accuracy: 99.752
epoch - 89 loss: 0.005 accuracy: 99.825
epoch - 90 loss: 0.015 accuracy: 99.502 val_loss: 1.535 val_acc: 80.630
epoch - 91 loss: 0.025 accuracy: 99.190
epoch - 92 loss: 0.014 accuracy: 99.525
epoch - 93 loss: 0.012 accuracy: 99.573
epoch - 94 loss: 0.005 accuracy: 99.850
epoch - 95 loss: 0.012 accuracy: 99.573
epoch - 96 loss: 0.019 accuracy: 99.362
epoch - 97 loss: 0.009 accuracy: 99.710
epoch - 98 loss: 0.015 accuracy: 99.575
epoch - 99 loss: 0.023 accuracy: 99.248
Finished training
Test loss: 1.357 accuracy: 81.660
Patch shuffle test loss for patch-size 16: 6.021488714821731 accuracy: 42.37
Patch shuffle test loss for patch-size 8: 15.272898589508443 accuracy: 21.79
Done: Plain-Old-CIFAR10-CNN
